============================================================
   Tang Dynasty, V5.6.71036
      Copyright (c) 2012-2023 Anlogic Inc.
   Executable = D:/Chang/software/TD/bin/td.exe
   Built at =   20:34:38 Mar 21 2023
   Run by =     Admin
   Run Date =   Wed Dec 25 08:41:12 2024

   Run on =     DZ-CHANGRENWEI
============================================================
RUN-1001 : open_run phy_1.
RUN-1002 : start command "import_db D:/Chang/files/code/anlogic_verilog/Interface/demo_1st/demo_1st_Runs/phy_1/demo_1st_pr.db"
RUN-1001 : Importing database generated by Tang Dynasty, V5.6.71036.
RUN-1001 : Database version number 46146.
RUN-1001 : Import flow parameters
PHY-1001 : Generate detailed routing grids ...
PHY-1001 : Generate nets ...
PHY-1001 : clock net rst_n will be merged with clock sys_rst_n_in_dup_1
PHY-1001 : net sys_clk_in_dup_1 will be routed on clock mesh
PHY-1001 : clock net u4_setio/clk will be merged with clock u1_pll/clk0_buf
PHY-1001 : net u8_encoder/clk_100M will be routed on clock mesh
PHY-1001 : clock net u8_encoder/u15_endat/u41_control/clk_out_reg1_syn_6 will be merged with clock u8_encoder/u15_endat/u41_control/clk_out_reg1
PHY-1001 : clock net u8_encoder/u15_endat/u41_control/clk_200k_syn_4 will be merged with clock u8_encoder/u15_endat/u41_control/clk_200k
PHY-1001 : net u8_encoder/u11_biss/U2_control/clk_5M will be routed on clock mesh
PHY-1001 : clock net u8_encoder/u11_biss/U2_control/clk_out_reg1_syn_4 will be merged with clock u8_encoder/u11_biss/U2_control/clk_out_reg1
PHY-5010 WARNING: Net u8_encoder/u11_biss/U3_CRC/crc_outt[5] is skipped due to 0 input or output
PHY-5010 WARNING: Net u8_encoder/u11_biss/U3_CRC/crc_outt[4] is skipped due to 0 input or output
PHY-5010 WARNING: Net u8_encoder/u11_biss/U3_CRC/crc_outt[3] is skipped due to 0 input or output
PHY-5010 WARNING: Net u8_encoder/u11_biss/U3_CRC/crc_outt[2] is skipped due to 0 input or output
PHY-5010 WARNING: Net u8_encoder/u11_biss/U3_CRC/crc_outt[1] is skipped due to 0 input or output
PHY-5010 WARNING: Net u8_encoder/u11_biss/U3_CRC/crc_outt[0] is skipped due to 0 input or output
PHY-1001 : net u8_encoder/u11_biss/U3_CRC/clk will be routed on clock mesh
PHY-1001 : clock net u8_encoder/u12_ssi/clk_2M_syn_4 will be merged with clock u8_encoder/u12_ssi/clk_2M
PHY-1001 : clock net u8_encoder/u12_ssi/clk_out_reg1_syn_6 will be merged with clock u8_encoder/u12_ssi/clk_out_reg1
PHY-5010 WARNING: Net u8_encoder/u11_biss/U3_CRC/crc_outt[5] is skipped due to 0 input or output
PHY-5010 WARNING: Net u8_encoder/u11_biss/U3_CRC/crc_outt[4] is skipped due to 0 input or output
PHY-5010 WARNING: Net u8_encoder/u11_biss/U3_CRC/crc_outt[3] is skipped due to 0 input or output
PHY-5010 WARNING: Net u8_encoder/u11_biss/U3_CRC/crc_outt[2] is skipped due to 0 input or output
PHY-5010 Similar messages will be suppressed.
PHY-1001 : eco open net = 0
PHY-1001 : 14 feed throughs used by 12 nets
RUN-1001 : Import timing constraints
RUN-1001 : Import IO constraints
RUN-1001 : Import Inst constraints
RUN-1001 : Import design success TD_VERSION=5.6.71036 , DB_VERSION=46146
RUN-1003 : finish command "import_db D:/Chang/files/code/anlogic_verilog/Interface/demo_1st/demo_1st_Runs/phy_1/demo_1st_pr.db" in  8.190356s wall, 8.000000s user + 0.218750s system = 8.218750s CPU (100.3%)

RUN-1004 : used memory is 686 MB, reserved memory is 649 MB, peak memory is 730 MB
