============================================================
   Tang Dynasty, V5.6.71036
      Copyright (c) 2012-2023 Anlogic Inc.
   Executable = D:/Chang/software/TD/bin/td.exe
   Built at =   20:34:38 Mar 21 2023
   Run by =     Admin
   Run Date =   Mon Dec 23 13:26:57 2024

   Run on =     DZ-CHANGRENWEI
============================================================
RUN-001 : GUI based run...
RUN-1002 : start command "open_project demo_1st.al -update"
RUN-1001 : Print Global Property
RUN-1001 : ---------------------------------------------------------------
RUN-1001 :        Parameters        |  Settings  |  Default Values  |  Note  
RUN-1001 : ---------------------------------------------------------------
RUN-1001 :          message         |  standard  |     standard     |        
RUN-1001 :   mixed_pack_place_flow  |     on     |        on        |        
RUN-1001 :        qor_monitor       |    off     |       off        |        
RUN-1001 :        syn_ip_flow       |    off     |       off        |        
RUN-1001 :          thread          |    auto    |       auto       |        
RUN-1001 : ---------------------------------------------------------------
RUN-1001 : Print Design Property
RUN-1001 : --------------------------------------------------------------
RUN-1001 :        Parameters       |  Settings  |  Default Values  |  Note  
RUN-1001 : --------------------------------------------------------------
RUN-1001 :   default_reg_initial   |    auto    |       auto       |        
RUN-1001 :        infer_add        |     on     |        on        |        
RUN-1001 :        infer_fsm        |    off     |       off        |        
RUN-1001 :        infer_mult       |     on     |        on        |        
RUN-1001 :        infer_ram        |     on     |        on        |        
RUN-1001 :        infer_reg        |     on     |        on        |        
RUN-1001 :   infer_reg_init_value  |     on     |        on        |        
RUN-1001 :        infer_rom        |     on     |        on        |        
RUN-1001 :      infer_shifter      |     on     |        on        |        
RUN-1001 : --------------------------------------------------------------
RUN-1001 : Print Rtl Property
RUN-1001 : --------------------------------------------------------------
RUN-1001 :        Parameters       |  Settings  |  Default Values  |  Note  
RUN-1001 : --------------------------------------------------------------
RUN-1001 :       compress_add      |   ripple   |      ripple      |        
RUN-1001 :        elf_sload        |    off     |       off        |        
RUN-1001 :       fix_undriven      |     0      |        0         |        
RUN-1001 :         flatten         |    off     |       off        |        
RUN-1001 :       gate_sharing      |     on     |        on        |        
RUN-1001 :    hdl_warning_level    |   normal   |      normal      |        
RUN-1001 :   impl_internal_tribuf  |     on     |        on        |        
RUN-1001 :      impl_set_reset     |     on     |        on        |        
RUN-1001 :        infer_gsr        |    off     |       off        |        
RUN-1001 :      keep_hierarchy     |    auto    |       auto       |        
RUN-1001 :        max_fanout       |    9999    |       9999       |        
RUN-1001 :      max_oh2bin_len     |     10     |        10        |        
RUN-1001 :       merge_equal       |     on     |        on        |        
RUN-1001 :       merge_equiv       |     on     |        on        |        
RUN-1001 :        merge_mux        |    off     |       off        |        
RUN-1001 :     min_control_set     |     8      |        8         |        
RUN-1001 :      min_ripple_len     |    auto    |       auto       |        
RUN-1001 :       oh2bin_ratio      |    0.08    |       0.08       |        
RUN-1001 :     opt_adder_fanout    |     on     |        on        |        
RUN-1001 :        opt_arith        |     on     |        on        |        
RUN-1001 :       opt_big_gate      |    off     |       off        |        
RUN-1001 :        opt_const        |     on     |        on        |        
RUN-1001 :      opt_const_mult     |     on     |        on        |        
RUN-1001 :       opt_lessthan      |     on     |        on        |        
RUN-1001 :         opt_mux         |    off     |       off        |        
RUN-1001 :         opt_ram         |    high    |       high       |        
RUN-1001 :      rtl_sim_model      |    off     |       off        |        
RUN-1001 :         seq_syn         |     on     |        on        |        
RUN-1001 : --------------------------------------------------------------
HDL-1007 : analyze verilog file 01_src/03_ip/my_pll.v
HDL-1007 : undeclared symbol 'open', assumed default net type 'wire' in 01_src/03_ip/my_pll.v(92)
HDL-1007 : analyze verilog file 01_src/03_ip/rst_BUFG.v
HDL-1007 : analyze verilog file 01_src/01_rtl/demo_1st_top.v
HDL-1007 : analyze verilog file 01_src/01_rtl/emif_signal_op.v
HDL-1007 : analyze verilog file 01_src/01_rtl/emif_setio.v
HDL-1007 : analyze verilog file 01_src/01_rtl/led.v
HDL-1007 : analyze verilog file 01_src/01_rtl/emif_control.v
HDL-1007 : analyze verilog file 01_src/01_rtl/emif_read.v
HDL-1007 : analyze verilog file 01_src/01_rtl/emif_write.v
HDL-1007 : analyze verilog file 01_src/01_rtl/encoder_control.v
HDL-1007 : analyze verilog file 01_src/01_rtl/four_sub.v
HDL-1007 : analyze verilog file 01_src/01_rtl/ssi_control.v
HDL-1007 : undeclared symbol 'DATA2STOP_start', assumed default net type 'wire' in 01_src/01_rtl/ssi_control.v(66)
HDL-1007 : analyze verilog file 01_src/01_rtl/sin_control.v
HDL-1007 : analyze verilog file 01_src/01_rtl/ads8350_sample.v
HDL-1007 : analyze verilog file 01_src/01_rtl/fir.v
HDL-1007 : analyze verilog file 01_src/01_rtl/filter_verilog.v
HDL-1007 : analyze verilog file 01_src/01_rtl/tawa_control.v
HDL-1007 : analyze verilog file 01_src/01_rtl/crc_calc.v
HDL-1007 : analyze verilog file 01_src/01_rtl/uart_control.v
HDL-1007 : analyze verilog file 01_src/01_rtl/uart_recv.v
HDL-1007 : analyze verilog file 01_src/01_rtl/uart_send.v
HDL-1007 : analyze verilog file 01_src/01_rtl/endat_contol.v
HDL-1007 : analyze verilog file 01_src/01_rtl/endat_control_smaple.v
HDL-1007 : analyze verilog file 01_src/01_rtl/biss_controll.v
HDL-5007 WARNING: redeclaration of ANSI port 'crc_data' is not allowed in 01_src/01_rtl/biss_controll.v(23)
HDL-5007 WARNING: redeclaration of ANSI port 'err_data' is not allowed in 01_src/01_rtl/biss_controll.v(25)
HDL-1007 : undeclared symbol 'de', assumed default net type 'wire' in 01_src/01_rtl/biss_controll.v(29)
HDL-1007 : analyze verilog file 01_src/01_rtl/biss_control_in.v
HDL-1007 : analyze verilog file 01_src/01_rtl/biss_crc6.v
RUN-1001 : Project manager successfully analyzed 26 source files.
RUN-1002 : start command "import_device eagle_20.db -package EG4X20BG256"
ARC-1001 : Device Initialization.
ARC-1001 : ------------------------------------------------------------------
ARC-1001 :            OPTION            |          IO          |   SETTING   
ARC-1001 : ------------------------------------------------------------------
ARC-1001 :   cso_b/cclk/mosi/miso/dout  |  T3/R11/T10/P10/M14  |    gpio    
ARC-1001 :             done             |         P13          |    gpio    
ARC-1001 :           program_b          |          T2          |  dedicate  
ARC-1001 :        tdi/tms/tck/tdo       |   C12/A15/C14/E14    |  dedicate  
ARC-1001 : ------------------------------------------------------------------
ARC-1004 : Device setting, marked 5 dedicate IOs in total.
