============================================================
   Tang Dynasty, V5.6.71036
      Copyright (c) 2012-2023 Anlogic Inc.
   Executable = D:/Chang/software/TD/bin/td.exe
   Built at =   20:34:38 Mar 21 2023
   Run by =     Admin
   Run Date =   Fri Dec 20 17:14:04 2024

   Run on =     DZ-CHANGRENWEI
============================================================
RUN-1001 : open_run syn_1.
RUN-1002 : start command "import_db D:/Chang/files/code/anlogic_verilog/Interface/demo_1st/demo_1st_Runs/syn_1/demo_1st_gate.db"
RUN-1001 : Importing database generated by Tang Dynasty, V5.6.71036.
RUN-1001 : Database version number 46146.
RUN-1001 : Import flow parameters
RUN-1001 : Import timing constraints
RUN-1001 : Import IO constraints
RUN-1001 : Import Inst constraints
RUN-1001 : Import design success TD_VERSION=5.6.71036 , DB_VERSION=46146
RUN-1003 : finish command "import_db D:/Chang/files/code/anlogic_verilog/Interface/demo_1st/demo_1st_Runs/syn_1/demo_1st_gate.db" in  1.375388s wall, 1.312500s user + 0.093750s system = 1.406250s CPU (102.2%)

RUN-1004 : used memory is 330 MB, reserved memory is 279 MB, peak memory is 333 MB
RUN-1001 : launch_runs phy_1 -step bitgen.
RUN-1001 : phy_1: run complete.
RUN-1001 : open_run phy_1.
RUN-1002 : start command "import_db D:/Chang/files/code/anlogic_verilog/Interface/demo_1st/demo_1st_Runs/phy_1/demo_1st_pr.db"
RUN-1001 : Importing database generated by Tang Dynasty, V5.6.71036.
RUN-1001 : Database version number 46146.
RUN-1001 : Import flow parameters
PHY-1001 : Generate detailed routing grids ...
PHY-1001 : Generate nets ...
PHY-1001 : clock net rst_n will be merged with clock sys_rst_n_in_dup_1
PHY-1001 : net sys_clk_in_dup_1 will be routed on clock mesh
PHY-1001 : clock net u4_setio/clk will be merged with clock u1_pll/clk0_buf
PHY-1001 : net u8_encoder/clk_100M will be routed on clock mesh
PHY-1001 : net u8_encoder/u11_biss/U2_control/clk_5M will be routed on clock mesh
PHY-1001 : clock net u8_encoder/u11_biss/U2_control/clk_out_reg1_syn_4 will be merged with clock u8_encoder/u11_biss/U2_control/clk_out_reg1
PHY-5010 WARNING: Net u8_encoder/u11_biss/U3_CRC/crc_outt[5] is skipped due to 0 input or output
PHY-5010 WARNING: Net u8_encoder/u11_biss/U3_CRC/crc_outt[4] is skipped due to 0 input or output
PHY-5010 WARNING: Net u8_encoder/u11_biss/U3_CRC/crc_outt[3] is skipped due to 0 input or output
PHY-5010 WARNING: Net u8_encoder/u11_biss/U3_CRC/crc_outt[2] is skipped due to 0 input or output
PHY-5010 WARNING: Net u8_encoder/u11_biss/U3_CRC/crc_outt[1] is skipped due to 0 input or output
PHY-5010 WARNING: Net u8_encoder/u11_biss/U3_CRC/crc_outt[0] is skipped due to 0 input or output
PHY-1001 : clock net u8_encoder/u15_endat/u41_control/clk_out_reg1_syn_6 will be merged with clock u8_encoder/u15_endat/u41_control/clk_out_reg1
PHY-1001 : clock net u8_encoder/u15_endat/u41_control/clk_200k_syn_4 will be merged with clock u8_encoder/u15_endat/u41_control/clk_200k
PHY-1001 : net u8_encoder/u11_biss/U3_CRC/clk will be routed on clock mesh
PHY-5010 WARNING: Net u8_encoder/u14_tawa/u33_uart_send/en_flag is skipped due to 0 input or output
PHY-5010 WARNING: Net u8_encoder/u14_tawa/u34_crc/crc_reg[7] is skipped due to 0 input or output
PHY-5010 WARNING: Net u8_encoder/u14_tawa/u34_crc/crc_reg[6] is skipped due to 0 input or output
PHY-5010 WARNING: Net u8_encoder/u14_tawa/u34_crc/crc_reg[5] is skipped due to 0 input or output
PHY-5010 Similar messages will be suppressed.
PHY-1001 : eco open net = 0
PHY-1001 : 62 feed throughs used by 51 nets
RUN-1001 : Import timing constraints
RUN-1001 : Import IO constraints
RUN-1001 : Import Inst constraints
RUN-1001 : Import design success TD_VERSION=5.6.71036 , DB_VERSION=46146
RUN-1003 : finish command "import_db D:/Chang/files/code/anlogic_verilog/Interface/demo_1st/demo_1st_Runs/phy_1/demo_1st_pr.db" in  7.420756s wall, 7.250000s user + 0.250000s system = 7.500000s CPU (101.1%)

RUN-1004 : used memory is 668 MB, reserved memory is 628 MB, peak memory is 712 MB
TMR-3509 : Import timing summary.
HDL-1007 : analyze verilog file 01_src/01_rtl/demo_1st_top.v
HDL-1007 : undeclared symbol 'clk_400M', assumed default net type 'wire' in 01_src/01_rtl/demo_1st_top.v(99)
HDL-1007 : undeclared symbol 'clk_200M', assumed default net type 'wire' in 01_src/01_rtl/demo_1st_top.v(100)
HDL-1007 : undeclared symbol 'clk_100M', assumed default net type 'wire' in 01_src/01_rtl/demo_1st_top.v(101)
HDL-1007 : undeclared symbol 'clk_5M', assumed default net type 'wire' in 01_src/01_rtl/demo_1st_top.v(102)
RUN-1001 : reset_run syn_1 -step read_design.
RUN-1001 : reset_run phy_1.
RUN-1001 : launch_runs syn_1 -step opt_gate.
RUN-1001 : reset_run phy_1.
RUN-1001 : syn_1: run complete.
RUN-1001 : open_run syn_1.
RUN-1002 : start command "import_db D:/Chang/files/code/anlogic_verilog/Interface/demo_1st/demo_1st_Runs/syn_1/demo_1st_gate.db"
RUN-1001 : Importing database generated by Tang Dynasty, V5.6.71036.
RUN-1001 : Database version number 46146.
RUN-1001 : Import flow parameters
RUN-1001 : Import timing constraints
RUN-1001 : Import IO constraints
RUN-1001 : Import Inst constraints
RUN-1001 : Import design success TD_VERSION=5.6.71036 , DB_VERSION=46146
RUN-1003 : finish command "import_db D:/Chang/files/code/anlogic_verilog/Interface/demo_1st/demo_1st_Runs/syn_1/demo_1st_gate.db" in  1.460874s wall, 1.375000s user + 0.156250s system = 1.531250s CPU (104.8%)

RUN-1004 : used memory is 451 MB, reserved memory is 401 MB, peak memory is 712 MB
RUN-1001 : launch_runs phy_1 -step bitgen.
RUN-1001 : phy_1: run complete.
RUN-1001 : open_run phy_1.
RUN-1002 : start command "import_db D:/Chang/files/code/anlogic_verilog/Interface/demo_1st/demo_1st_Runs/phy_1/demo_1st_pr.db"
RUN-1001 : Importing database generated by Tang Dynasty, V5.6.71036.
RUN-1001 : Database version number 46146.
RUN-1001 : Import flow parameters
PHY-1001 : Generate detailed routing grids ...
PHY-1001 : Generate nets ...
PHY-1001 : clock net rst_n will be merged with clock sys_rst_n_in_dup_1
PHY-1001 : net sys_clk_in_dup_1 will be routed on clock mesh
PHY-1001 : clock net u4_setio/clk will be merged with clock u1_pll/clk0_buf
PHY-1001 : net u8_encoder/clk_100M will be routed on clock mesh
PHY-1001 : clock net u8_encoder/u15_endat/u41_control/clk_out_reg1_syn_6 will be merged with clock u8_encoder/u15_endat/u41_control/clk_out_reg1
PHY-1001 : clock net u8_encoder/u15_endat/u41_control/clk_200k_syn_4 will be merged with clock u8_encoder/u15_endat/u41_control/clk_200k
PHY-1001 : net u8_encoder/u11_biss/U2_control/clk_5M will be routed on clock mesh
PHY-1001 : clock net u8_encoder/u11_biss/U2_control/clk_out_reg1_syn_4 will be merged with clock u8_encoder/u11_biss/U2_control/clk_out_reg1
PHY-5010 WARNING: Net u8_encoder/u11_biss/U3_CRC/crc_outt[5] is skipped due to 0 input or output
PHY-5010 WARNING: Net u8_encoder/u11_biss/U3_CRC/crc_outt[4] is skipped due to 0 input or output
PHY-5010 WARNING: Net u8_encoder/u11_biss/U3_CRC/crc_outt[3] is skipped due to 0 input or output
PHY-5010 WARNING: Net u8_encoder/u11_biss/U3_CRC/crc_outt[2] is skipped due to 0 input or output
PHY-5010 WARNING: Net u8_encoder/u11_biss/U3_CRC/crc_outt[1] is skipped due to 0 input or output
PHY-5010 WARNING: Net u8_encoder/u11_biss/U3_CRC/crc_outt[0] is skipped due to 0 input or output
PHY-1001 : net u8_encoder/u11_biss/U3_CRC/clk will be routed on clock mesh
PHY-1001 : clock net u8_encoder/u12_ssi/clk_2M_syn_4 will be merged with clock u8_encoder/u12_ssi/clk_2M
PHY-1001 : clock net u8_encoder/u12_ssi/clk_out_reg1_syn_6 will be merged with clock u8_encoder/u12_ssi/clk_out_reg1
PHY-5010 WARNING: Net u8_encoder/u11_biss/U3_CRC/crc_outt[5] is skipped due to 0 input or output
PHY-5010 WARNING: Net u8_encoder/u11_biss/U3_CRC/crc_outt[4] is skipped due to 0 input or output
PHY-5010 WARNING: Net u8_encoder/u11_biss/U3_CRC/crc_outt[3] is skipped due to 0 input or output
PHY-5010 WARNING: Net u8_encoder/u11_biss/U3_CRC/crc_outt[2] is skipped due to 0 input or output
PHY-5010 Similar messages will be suppressed.
PHY-1001 : eco open net = 0
PHY-1001 : 19 feed throughs used by 18 nets
RUN-1001 : Import timing constraints
RUN-1001 : Import IO constraints
RUN-1001 : Import Inst constraints
RUN-1001 : Import design success TD_VERSION=5.6.71036 , DB_VERSION=46146
RUN-1003 : finish command "import_db D:/Chang/files/code/anlogic_verilog/Interface/demo_1st/demo_1st_Runs/phy_1/demo_1st_pr.db" in  4.683502s wall, 4.640625s user + 0.125000s system = 4.765625s CPU (101.8%)

RUN-1004 : used memory is 715 MB, reserved memory is 673 MB, peak memory is 761 MB
TMR-3509 : Import timing summary.
HDL-1007 : analyze verilog file 01_src/01_rtl/encoder_control.v
HDL-8007 ERROR: cannot find port 'clk_5M' on this module in 01_src/01_rtl/encoder_control.v(139)
HDL-1007 : analyze verilog file 01_src/01_rtl/sin_control.v
RUN-1001 : reset_run syn_1 -step read_design.
RUN-1001 : reset_run phy_1.
RUN-1001 : launch_runs syn_1 -step opt_gate.
RUN-1001 : reset_run phy_1.
RUN-6001 WARNING: syn_1: run failed.
HDL-1007 : analyze verilog file 01_src/01_rtl/demo_1st_top.v
HDL-1007 : undeclared symbol 'clk_400M', assumed default net type 'wire' in 01_src/01_rtl/demo_1st_top.v(99)
HDL-1007 : undeclared symbol 'clk_200M', assumed default net type 'wire' in 01_src/01_rtl/demo_1st_top.v(100)
HDL-1007 : undeclared symbol 'clk_100M', assumed default net type 'wire' in 01_src/01_rtl/demo_1st_top.v(101)
HDL-1007 : undeclared symbol 'clk_5M', assumed default net type 'wire' in 01_src/01_rtl/demo_1st_top.v(102)
RUN-1001 : reset_run syn_1.
RUN-1001 : reset_run phy_1.
RUN-1001 : launch_runs syn_1 -step read_design.
RUN-1001 : reset_run phy_1.
RUN-6001 WARNING: syn_1: run failed.
HDL-1007 : analyze verilog file 01_src/01_rtl/demo_1st_top.v
RUN-1001 : reset_run syn_1.
RUN-1001 : reset_run phy_1.
RUN-1001 : launch_runs syn_1 -step read_design.
RUN-1001 : reset_run phy_1.
RUN-6001 WARNING: syn_1: run failed.
HDL-1007 : analyze verilog file 01_src/01_rtl/demo_1st_top.v
HDL-1007 : analyze verilog file 01_src/01_rtl/sin_control.v
RUN-1001 : reset_run syn_1.
RUN-1001 : reset_run phy_1.
RUN-1001 : launch_runs syn_1 -step read_design.
RUN-1001 : reset_run phy_1.
RUN-6001 WARNING: syn_1: run failed.
RUN-1001 : reset_run phy_1.
RUN-8001 ERROR: Can't launch run syn_1 to step read_design now.
