============================================================
   Tang Dynasty, V5.6.71036
      Copyright (c) 2012-2023 Anlogic Inc.
   Executable = D:/Chang/software/TD/bin/td.exe
   Built at =   20:34:38 Mar 21 2023
   Run by =     Admin
   Run Date =   Mon Dec 23 13:26:58 2024

   Run on =     DZ-CHANGRENWEI
============================================================
RUN-1001 : open_run phy_1.
RUN-1002 : start command "import_db D:/Chang/files/code/anlogic_verilog/Interface/demo_1st/demo_1st_Runs/phy_1/demo_1st_pr.db"
RUN-1001 : Importing database generated by Tang Dynasty, V5.6.71036.
RUN-1001 : Database version number 46146.
RUN-1001 : Import flow parameters
PHY-1001 : Generate detailed routing grids ...
PHY-1001 : Generate nets ...
PHY-1001 : clock net rst_n will be merged with clock sys_rst_n_in_dup_1
PHY-1001 : net sys_clk_in_dup_1 will be routed on clock mesh
PHY-1001 : clock net u4_setio/clk will be merged with clock u1_pll/clk0_buf
PHY-1001 : net u8_encoder/clk_100M will be routed on clock mesh
PHY-1001 : clock net u8_encoder/u15_endat/u41_control/clk_out_reg1_syn_6 will be merged with clock u8_encoder/u15_endat/u41_control/clk_out_reg1
PHY-1001 : clock net u8_encoder/u15_endat/u41_control/clk_200k_syn_4 will be merged with clock u8_encoder/u15_endat/u41_control/clk_200k
PHY-1001 : net u8_encoder/u11_biss/U2_control/clk_5M will be routed on clock mesh
PHY-1001 : clock net u8_encoder/u11_biss/U2_control/clk_out_reg1_syn_4 will be merged with clock u8_encoder/u11_biss/U2_control/clk_out_reg1
PHY-5010 WARNING: Net u8_encoder/u11_biss/U3_CRC/crc_outt[5] is skipped due to 0 input or output
PHY-5010 WARNING: Net u8_encoder/u11_biss/U3_CRC/crc_outt[4] is skipped due to 0 input or output
PHY-5010 WARNING: Net u8_encoder/u11_biss/U3_CRC/crc_outt[3] is skipped due to 0 input or output
PHY-5010 WARNING: Net u8_encoder/u11_biss/U3_CRC/crc_outt[2] is skipped due to 0 input or output
PHY-5010 WARNING: Net u8_encoder/u11_biss/U3_CRC/crc_outt[1] is skipped due to 0 input or output
PHY-5010 WARNING: Net u8_encoder/u11_biss/U3_CRC/crc_outt[0] is skipped due to 0 input or output
PHY-1001 : net u8_encoder/u11_biss/U3_CRC/clk will be routed on clock mesh
PHY-1001 : clock net u8_encoder/u12_ssi/clk_2M_syn_4 will be merged with clock u8_encoder/u12_ssi/clk_2M
PHY-1001 : clock net u8_encoder/u12_ssi/clk_out_reg1_syn_6 will be merged with clock u8_encoder/u12_ssi/clk_out_reg1
PHY-5010 WARNING: Net u8_encoder/u11_biss/U3_CRC/crc_outt[5] is skipped due to 0 input or output
PHY-5010 WARNING: Net u8_encoder/u11_biss/U3_CRC/crc_outt[4] is skipped due to 0 input or output
PHY-5010 WARNING: Net u8_encoder/u11_biss/U3_CRC/crc_outt[3] is skipped due to 0 input or output
PHY-5010 WARNING: Net u8_encoder/u11_biss/U3_CRC/crc_outt[2] is skipped due to 0 input or output
PHY-5010 Similar messages will be suppressed.
PHY-1001 : eco open net = 0
PHY-1001 : 14 feed throughs used by 12 nets
RUN-1001 : Import timing constraints
RUN-1001 : Import IO constraints
RUN-1001 : Import Inst constraints
RUN-1001 : Import design success TD_VERSION=5.6.71036 , DB_VERSION=46146
RUN-1003 : finish command "import_db D:/Chang/files/code/anlogic_verilog/Interface/demo_1st/demo_1st_Runs/phy_1/demo_1st_pr.db" in  7.354573s wall, 7.125000s user + 0.250000s system = 7.375000s CPU (100.3%)

RUN-1004 : used memory is 686 MB, reserved memory is 647 MB, peak memory is 731 MB
RUN-1001 : Tcl script D:/Chang/files/code/anlogic_verilog/Interface/demo_1st/.tcl exported.
GUI-8002 ERROR: Unable to open file 01_src/03_ip/my_pll.ipc.
GUI-8002 ERROR: Unable to open file 01_src/03_ip/rst_BUFG.ipc.
GUI-8002 ERROR: Unable to open file 01_src/03_ip/my_pll.ipc.
GUI-8002 ERROR: Unable to open file 01_src/03_ip/rst_BUFG.ipc.
GUI-8002 ERROR: Unable to open file 01_src/03_ip/my_pll.ipc.
GUI-8002 ERROR: Unable to open file 01_src/03_ip/my_pll.ipc.
GUI-8002 ERROR: Unable to open file 01_src/03_ip/my_pll.ipc.
GUI-8002 ERROR: Unable to open file 01_src/03_ip/rst_BUFG.ipc.
GUI-8002 ERROR: Unable to open file 01_src/03_ip/rst_BUFG.ipc.
GUI-8002 ERROR: Unable to open file 01_src/03_ip/rst_BUFG.ipc.
GUI-8002 ERROR: Unable to open file 01_src/03_ip/my_pll.ipc.
GUI-8002 ERROR: Unable to open file 01_src/03_ip/my_pll.ipc.
GUI-8002 ERROR: Unable to open file 01_src/03_ip/my_pll.ipc.
GUI-8002 ERROR: Unable to open file 01_src/03_ip/rst_BUFG.ipc.
GUI-8002 ERROR: Unable to open file 01_src/03_ip/rst_BUFG.ipc.
GUI-8002 ERROR: Unable to open file 01_src/03_ip/rst_BUFG.ipc.
GUI-8002 ERROR: Unable to open file 01_src/03_ip/my_pll.ipc.
GUI-8002 ERROR: Unable to open file 01_src/03_ip/my_pll.ipc.
GUI-8002 ERROR: Unable to open file 01_src/03_ip/my_pll.ipc.
GUI-8002 ERROR: Unable to open file 01_src/03_ip/rst_BUFG.ipc.
GUI-8002 ERROR: Unable to open file 01_src/03_ip/rst_BUFG.ipc.
GUI-8002 ERROR: Unable to open file 01_src/03_ip/rst_BUFG.ipc.
GUI-8002 ERROR: Unable to open file 01_src/03_ip/my_pll.ipc.
GUI-8002 ERROR: Unable to open file 01_src/03_ip/my_pll.ipc.
GUI-8002 ERROR: Unable to open file 01_src/03_ip/my_pll.ipc.
GUI-8002 ERROR: Unable to open file 01_src/03_ip/rst_BUFG.ipc.
GUI-8002 ERROR: Unable to open file 01_src/03_ip/rst_BUFG.ipc.
GUI-8002 ERROR: Unable to open file 01_src/03_ip/rst_BUFG.ipc.
GUI-8002 ERROR: Unable to open file 01_src/03_ip/my_pll.ipc.
GUI-8002 ERROR: Unable to open file 01_src/03_ip/my_pll.ipc.
GUI-8002 ERROR: Unable to open file 01_src/03_ip/my_pll.ipc.
GUI-8002 ERROR: Unable to open file 01_src/03_ip/rst_BUFG.ipc.
GUI-8002 ERROR: Unable to open file 01_src/03_ip/rst_BUFG.ipc.
GUI-8002 ERROR: Unable to open file 01_src/03_ip/rst_BUFG.ipc.
GUI-8002 ERROR: Unable to open file 01_src/03_ip/my_pll.ipc.
GUI-8002 ERROR: Unable to open file 01_src/03_ip/my_pll.ipc.
GUI-8002 ERROR: Unable to open file 01_src/03_ip/my_pll.ipc.
GUI-8002 ERROR: Unable to open file 01_src/03_ip/rst_BUFG.ipc.
GUI-8002 ERROR: Unable to open file 01_src/03_ip/rst_BUFG.ipc.
GUI-8002 ERROR: Unable to open file 01_src/03_ip/rst_BUFG.ipc.
GUI-8002 ERROR: Unable to open file 01_src/03_ip/my_pll.ipc.
GUI-8002 ERROR: Unable to open file 01_src/03_ip/my_pll.ipc.
GUI-8002 ERROR: Unable to open file 01_src/03_ip/my_pll.ipc.
GUI-8002 ERROR: Unable to open file 01_src/03_ip/rst_BUFG.ipc.
GUI-8002 ERROR: Unable to open file 01_src/03_ip/rst_BUFG.ipc.
GUI-8002 ERROR: Unable to open file 01_src/03_ip/rst_BUFG.ipc.
GUI-8002 ERROR: Unable to open file 01_src/03_ip/my_pll.ipc.
GUI-8002 ERROR: Unable to open file 01_src/03_ip/my_pll.ipc.
GUI-8002 ERROR: Unable to open file 01_src/03_ip/my_pll.ipc.
GUI-8002 ERROR: Unable to open file 01_src/03_ip/rst_BUFG.ipc.
GUI-8002 ERROR: Unable to open file 01_src/03_ip/rst_BUFG.ipc.
GUI-8002 ERROR: Unable to open file 01_src/03_ip/rst_BUFG.ipc.
GUI-8002 ERROR: Unable to open file 01_src/03_ip/my_pll.ipc.
GUI-8002 ERROR: Unable to open file 01_src/03_ip/my_pll.ipc.
GUI-8002 ERROR: Unable to open file 01_src/03_ip/my_pll.ipc.
GUI-8002 ERROR: Unable to open file 01_src/03_ip/rst_BUFG.ipc.
GUI-8002 ERROR: Unable to open file 01_src/03_ip/rst_BUFG.ipc.
GUI-8002 ERROR: Unable to open file 01_src/03_ip/rst_BUFG.ipc.
GUI-8002 ERROR: Unable to open file 01_src/03_ip/my_pll.ipc.
GUI-8002 ERROR: Unable to open file 01_src/03_ip/my_pll.ipc.
GUI-8002 ERROR: Unable to open file 01_src/03_ip/my_pll.ipc.
GUI-8002 ERROR: Unable to open file 01_src/03_ip/rst_BUFG.ipc.
GUI-8002 ERROR: Unable to open file 01_src/03_ip/rst_BUFG.ipc.
GUI-8002 ERROR: Unable to open file 01_src/03_ip/rst_BUFG.ipc.
GUI-8002 ERROR: Unable to open file 01_src/03_ip/my_pll.ipc.
GUI-8002 ERROR: Unable to open file 01_src/03_ip/my_pll.ipc.
GUI-8002 ERROR: Unable to open file 01_src/03_ip/my_pll.ipc.
GUI-8002 ERROR: Unable to open file 01_src/03_ip/rst_BUFG.ipc.
GUI-8002 ERROR: Unable to open file 01_src/03_ip/rst_BUFG.ipc.
GUI-8002 ERROR: Unable to open file 01_src/03_ip/rst_BUFG.ipc.
GUI-8002 ERROR: Unable to open file 01_src/03_ip/my_pll.ipc.
GUI-8002 ERROR: Unable to open file 01_src/03_ip/my_pll.ipc.
GUI-8002 ERROR: Unable to open file 01_src/03_ip/my_pll.ipc.
GUI-8002 ERROR: Unable to open file 01_src/03_ip/rst_BUFG.ipc.
GUI-8002 ERROR: Unable to open file 01_src/03_ip/rst_BUFG.ipc.
GUI-8002 ERROR: Unable to open file 01_src/03_ip/rst_BUFG.ipc.
GUI-8002 ERROR: Unable to open file 01_src/03_ip/my_pll.ipc.
GUI-8002 ERROR: Unable to open file 01_src/03_ip/my_pll.ipc.
GUI-8002 ERROR: Unable to open file 01_src/03_ip/my_pll.ipc.
GUI-8002 ERROR: Unable to open file 01_src/03_ip/rst_BUFG.ipc.
GUI-8002 ERROR: Unable to open file 01_src/03_ip/rst_BUFG.ipc.
GUI-8002 ERROR: Unable to open file 01_src/03_ip/rst_BUFG.ipc.
GUI-8002 ERROR: Unable to open file 01_src/03_ip/my_pll.ipc.
GUI-8002 ERROR: Unable to open file 01_src/03_ip/my_pll.ipc.
GUI-8002 ERROR: Unable to open file 01_src/03_ip/my_pll.ipc.
GUI-8002 ERROR: Unable to open file 01_src/03_ip/rst_BUFG.ipc.
GUI-8002 ERROR: Unable to open file 01_src/03_ip/rst_BUFG.ipc.
GUI-8002 ERROR: Unable to open file 01_src/03_ip/rst_BUFG.ipc.
GUI-8002 ERROR: Unable to open file 01_src/03_ip/my_pll.ipc.
GUI-8002 ERROR: Unable to open file 01_src/03_ip/my_pll.ipc.
GUI-8002 ERROR: Unable to open file 01_src/03_ip/my_pll.ipc.
GUI-8002 ERROR: Unable to open file 01_src/03_ip/rst_BUFG.ipc.
GUI-8002 ERROR: Unable to open file 01_src/03_ip/rst_BUFG.ipc.
GUI-8002 ERROR: Unable to open file 01_src/03_ip/rst_BUFG.ipc.
GUI-8002 ERROR: Unable to open file 01_src/03_ip/my_pll.ipc.
GUI-8002 ERROR: Unable to open file 01_src/03_ip/my_pll.ipc.
GUI-8002 ERROR: Unable to open file 01_src/03_ip/my_pll.ipc.
GUI-8002 ERROR: Unable to open file 01_src/03_ip/rst_BUFG.ipc.
GUI-8002 ERROR: Unable to open file 01_src/03_ip/rst_BUFG.ipc.
GUI-8002 ERROR: Unable to open file 01_src/03_ip/rst_BUFG.ipc.
GUI-8002 ERROR: Unable to open file 01_src/03_ip/my_pll.ipc.
GUI-8002 ERROR: Unable to open file 01_src/03_ip/my_pll.ipc.
GUI-8002 ERROR: Unable to open file 01_src/03_ip/my_pll.ipc.
GUI-8002 ERROR: Unable to open file 01_src/03_ip/rst_BUFG.ipc.
GUI-8002 ERROR: Unable to open file 01_src/03_ip/rst_BUFG.ipc.
GUI-8002 ERROR: Unable to open file 01_src/03_ip/rst_BUFG.ipc.
GUI-8002 ERROR: Unable to open file 01_src/03_ip/my_pll.ipc.
GUI-8002 ERROR: Unable to open file 01_src/03_ip/my_pll.ipc.
GUI-8002 ERROR: Unable to open file 01_src/03_ip/my_pll.ipc.
GUI-8002 ERROR: Unable to open file 01_src/03_ip/rst_BUFG.ipc.
GUI-8002 ERROR: Unable to open file 01_src/03_ip/rst_BUFG.ipc.
GUI-8002 ERROR: Unable to open file 01_src/03_ip/rst_BUFG.ipc.
GUI-8002 ERROR: Unable to open file 01_src/03_ip/my_pll.ipc.
GUI-8002 ERROR: Unable to open file 01_src/03_ip/my_pll.ipc.
GUI-8002 ERROR: Unable to open file 01_src/03_ip/my_pll.ipc.
GUI-8002 ERROR: Unable to open file 01_src/03_ip/rst_BUFG.ipc.
GUI-8002 ERROR: Unable to open file 01_src/03_ip/rst_BUFG.ipc.
GUI-8002 ERROR: Unable to open file 01_src/03_ip/rst_BUFG.ipc.
GUI-8002 ERROR: Unable to open file 01_src/03_ip/my_pll.ipc.
GUI-8002 ERROR: Unable to open file 01_src/03_ip/my_pll.ipc.
GUI-8002 ERROR: Unable to open file 01_src/03_ip/my_pll.ipc.
GUI-8002 ERROR: Unable to open file 01_src/03_ip/rst_BUFG.ipc.
GUI-8002 ERROR: Unable to open file 01_src/03_ip/rst_BUFG.ipc.
GUI-8002 ERROR: Unable to open file 01_src/03_ip/rst_BUFG.ipc.
GUI-8002 ERROR: Unable to open file 01_src/03_ip/my_pll.ipc.
GUI-8002 ERROR: Unable to open file 01_src/03_ip/my_pll.ipc.
GUI-8002 ERROR: Unable to open file 01_src/03_ip/my_pll.ipc.
GUI-8002 ERROR: Unable to open file 01_src/03_ip/rst_BUFG.ipc.
GUI-8002 ERROR: Unable to open file 01_src/03_ip/rst_BUFG.ipc.
GUI-8002 ERROR: Unable to open file 01_src/03_ip/rst_BUFG.ipc.
GUI-8002 ERROR: Unable to open file 01_src/03_ip/my_pll.ipc.
GUI-8002 ERROR: Unable to open file 01_src/03_ip/my_pll.ipc.
GUI-8002 ERROR: Unable to open file 01_src/03_ip/my_pll.ipc.
GUI-8002 ERROR: Unable to open file 01_src/03_ip/rst_BUFG.ipc.
GUI-8002 ERROR: Unable to open file 01_src/03_ip/rst_BUFG.ipc.
GUI-8002 ERROR: Unable to open file 01_src/03_ip/rst_BUFG.ipc.
GUI-8002 ERROR: Unable to open file 01_src/03_ip/my_pll.ipc.
GUI-8002 ERROR: Unable to open file 01_src/03_ip/my_pll.ipc.
GUI-8002 ERROR: Unable to open file 01_src/03_ip/my_pll.ipc.
GUI-8002 ERROR: Unable to open file 01_src/03_ip/rst_BUFG.ipc.
GUI-8002 ERROR: Unable to open file 01_src/03_ip/rst_BUFG.ipc.
GUI-8002 ERROR: Unable to open file 01_src/03_ip/rst_BUFG.ipc.
GUI-8002 ERROR: Unable to open file 01_src/03_ip/my_pll.ipc.
GUI-8002 ERROR: Unable to open file 01_src/03_ip/my_pll.ipc.
GUI-8002 ERROR: Unable to open file 01_src/03_ip/my_pll.ipc.
GUI-8002 ERROR: Unable to open file 01_src/03_ip/rst_BUFG.ipc.
GUI-8002 ERROR: Unable to open file 01_src/03_ip/rst_BUFG.ipc.
GUI-8002 ERROR: Unable to open file 01_src/03_ip/rst_BUFG.ipc.
GUI-8002 ERROR: Unable to open file 01_src/03_ip/my_pll.ipc.
GUI-8002 ERROR: Unable to open file 01_src/03_ip/my_pll.ipc.
GUI-8002 ERROR: Unable to open file 01_src/03_ip/my_pll.ipc.
GUI-8002 ERROR: Unable to open file 01_src/03_ip/rst_BUFG.ipc.
GUI-8002 ERROR: Unable to open file 01_src/03_ip/rst_BUFG.ipc.
GUI-8002 ERROR: Unable to open file 01_src/03_ip/rst_BUFG.ipc.
GUI-8002 ERROR: Unable to open file 01_src/03_ip/my_pll.ipc.
GUI-8002 ERROR: Unable to open file 01_src/03_ip/my_pll.ipc.
GUI-8002 ERROR: Unable to open file 01_src/03_ip/my_pll.ipc.
GUI-8002 ERROR: Unable to open file 01_src/03_ip/rst_BUFG.ipc.
GUI-8002 ERROR: Unable to open file 01_src/03_ip/rst_BUFG.ipc.
GUI-8002 ERROR: Unable to open file 01_src/03_ip/rst_BUFG.ipc.
GUI-8002 ERROR: Unable to open file 01_src/03_ip/my_pll.ipc.
GUI-8002 ERROR: Unable to open file 01_src/03_ip/rst_BUFG.ipc.
GUI-8002 ERROR: Unable to open file 01_src/03_ip/my_pll.ipc.
GUI-8002 ERROR: Unable to open file 01_src/03_ip/rst_BUFG.ipc.
GUI-8002 ERROR: Unable to open file 01_src/03_ip/my_pll.ipc.
GUI-8002 ERROR: Unable to open file 01_src/03_ip/my_pll.ipc.
GUI-8002 ERROR: Unable to open file 01_src/03_ip/my_pll.ipc.
GUI-8002 ERROR: Unable to open file 01_src/03_ip/rst_BUFG.ipc.
GUI-8002 ERROR: Unable to open file 01_src/03_ip/rst_BUFG.ipc.
GUI-8002 ERROR: Unable to open file 01_src/03_ip/rst_BUFG.ipc.
GUI-8002 ERROR: Unable to open file 01_src/03_ip/my_pll.ipc.
GUI-8002 ERROR: Unable to open file 01_src/03_ip/my_pll.ipc.
GUI-8002 ERROR: Unable to open file 01_src/03_ip/my_pll.ipc.
GUI-8002 ERROR: Unable to open file 01_src/03_ip/rst_BUFG.ipc.
GUI-8002 ERROR: Unable to open file 01_src/03_ip/rst_BUFG.ipc.
GUI-8002 ERROR: Unable to open file 01_src/03_ip/rst_BUFG.ipc.
GUI-8002 ERROR: Unable to open file 01_src/03_ip/my_pll.ipc.
GUI-8002 ERROR: Unable to open file 01_src/03_ip/my_pll.ipc.
GUI-8002 ERROR: Unable to open file 01_src/03_ip/my_pll.ipc.
GUI-8002 ERROR: Unable to open file 01_src/03_ip/rst_BUFG.ipc.
GUI-8002 ERROR: Unable to open file 01_src/03_ip/rst_BUFG.ipc.
GUI-8002 ERROR: Unable to open file 01_src/03_ip/rst_BUFG.ipc.
GUI-8002 ERROR: Unable to open file 01_src/03_ip/my_pll.ipc.
GUI-8002 ERROR: Unable to open file 01_src/03_ip/my_pll.ipc.
GUI-8002 ERROR: Unable to open file 01_src/03_ip/my_pll.ipc.
GUI-8002 ERROR: Unable to open file 01_src/03_ip/rst_BUFG.ipc.
GUI-8002 ERROR: Unable to open file 01_src/03_ip/rst_BUFG.ipc.
GUI-8002 ERROR: Unable to open file 01_src/03_ip/rst_BUFG.ipc.
GUI-8002 ERROR: Unable to open file 01_src/03_ip/my_pll.ipc.
GUI-8002 ERROR: Unable to open file 01_src/03_ip/my_pll.ipc.
GUI-8002 ERROR: Unable to open file 01_src/03_ip/my_pll.ipc.
GUI-8002 ERROR: Unable to open file 01_src/03_ip/rst_BUFG.ipc.
GUI-8002 ERROR: Unable to open file 01_src/03_ip/rst_BUFG.ipc.
GUI-8002 ERROR: Unable to open file 01_src/03_ip/rst_BUFG.ipc.
GUI-8002 ERROR: Unable to open file 01_src/03_ip/my_pll.ipc.
GUI-8002 ERROR: Unable to open file 01_src/03_ip/my_pll.ipc.
GUI-8002 ERROR: Unable to open file 01_src/03_ip/my_pll.ipc.
GUI-8002 ERROR: Unable to open file 01_src/03_ip/rst_BUFG.ipc.
GUI-8002 ERROR: Unable to open file 01_src/03_ip/rst_BUFG.ipc.
GUI-8002 ERROR: Unable to open file 01_src/03_ip/rst_BUFG.ipc.
GUI-8002 ERROR: Unable to open file 01_src/03_ip/my_pll.ipc.
GUI-8002 ERROR: Unable to open file 01_src/03_ip/my_pll.ipc.
GUI-8002 ERROR: Unable to open file 01_src/03_ip/my_pll.ipc.
GUI-8002 ERROR: Unable to open file 01_src/03_ip/rst_BUFG.ipc.
GUI-8002 ERROR: Unable to open file 01_src/03_ip/rst_BUFG.ipc.
GUI-8002 ERROR: Unable to open file 01_src/03_ip/rst_BUFG.ipc.
GUI-8002 ERROR: Unable to open file 01_src/03_ip/my_pll.ipc.
GUI-8002 ERROR: Unable to open file 01_src/03_ip/my_pll.ipc.
GUI-8002 ERROR: Unable to open file 01_src/03_ip/my_pll.ipc.
GUI-8002 ERROR: Unable to open file 01_src/03_ip/rst_BUFG.ipc.
GUI-8002 ERROR: Unable to open file 01_src/03_ip/rst_BUFG.ipc.
GUI-8002 ERROR: Unable to open file 01_src/03_ip/rst_BUFG.ipc.
GUI-8002 ERROR: Unable to open file 01_src/03_ip/my_pll.ipc.
GUI-8002 ERROR: Unable to open file 01_src/03_ip/my_pll.ipc.
GUI-8002 ERROR: Unable to open file 01_src/03_ip/my_pll.ipc.
GUI-8002 ERROR: Unable to open file 01_src/03_ip/rst_BUFG.ipc.
GUI-8002 ERROR: Unable to open file 01_src/03_ip/rst_BUFG.ipc.
GUI-8002 ERROR: Unable to open file 01_src/03_ip/rst_BUFG.ipc.
GUI-8002 ERROR: Unable to open file 01_src/03_ip/my_pll.ipc.
GUI-8002 ERROR: Unable to open file 01_src/03_ip/my_pll.ipc.
GUI-8002 ERROR: Unable to open file 01_src/03_ip/my_pll.ipc.
GUI-8002 ERROR: Unable to open file 01_src/03_ip/rst_BUFG.ipc.
GUI-8002 ERROR: Unable to open file 01_src/03_ip/rst_BUFG.ipc.
GUI-8002 ERROR: Unable to open file 01_src/03_ip/rst_BUFG.ipc.
GUI-8002 ERROR: Unable to open file 01_src/03_ip/my_pll.ipc.
GUI-8002 ERROR: Unable to open file 01_src/03_ip/my_pll.ipc.
GUI-8002 ERROR: Unable to open file 01_src/03_ip/my_pll.ipc.
GUI-8002 ERROR: Unable to open file 01_src/03_ip/rst_BUFG.ipc.
GUI-8002 ERROR: Unable to open file 01_src/03_ip/rst_BUFG.ipc.
GUI-8002 ERROR: Unable to open file 01_src/03_ip/rst_BUFG.ipc.
GUI-8002 ERROR: Unable to open file 01_src/03_ip/my_pll.ipc.
GUI-8002 ERROR: Unable to open file 01_src/03_ip/my_pll.ipc.
GUI-8002 ERROR: Unable to open file 01_src/03_ip/my_pll.ipc.
GUI-8002 ERROR: Unable to open file 01_src/03_ip/rst_BUFG.ipc.
GUI-8002 ERROR: Unable to open file 01_src/03_ip/rst_BUFG.ipc.
GUI-8002 ERROR: Unable to open file 01_src/03_ip/rst_BUFG.ipc.
GUI-8002 ERROR: Unable to open file 01_src/03_ip/my_pll.ipc.
GUI-8002 ERROR: Unable to open file 01_src/03_ip/my_pll.ipc.
GUI-8002 ERROR: Unable to open file 01_src/03_ip/my_pll.ipc.
GUI-8002 ERROR: Unable to open file 01_src/03_ip/rst_BUFG.ipc.
GUI-8002 ERROR: Unable to open file 01_src/03_ip/rst_BUFG.ipc.
GUI-8002 ERROR: Unable to open file 01_src/03_ip/rst_BUFG.ipc.
GUI-8002 ERROR: Unable to open file 01_src/03_ip/my_pll.ipc.
GUI-8002 ERROR: Unable to open file 01_src/03_ip/my_pll.ipc.
GUI-8002 ERROR: Unable to open file 01_src/03_ip/my_pll.ipc.
GUI-8002 ERROR: Unable to open file 01_src/03_ip/rst_BUFG.ipc.
GUI-8002 ERROR: Unable to open file 01_src/03_ip/rst_BUFG.ipc.
GUI-8002 ERROR: Unable to open file 01_src/03_ip/rst_BUFG.ipc.
GUI-8002 ERROR: Unable to open file 01_src/03_ip/my_pll.ipc.
GUI-8002 ERROR: Unable to open file 01_src/03_ip/my_pll.ipc.
GUI-8002 ERROR: Unable to open file 01_src/03_ip/my_pll.ipc.
GUI-8002 ERROR: Unable to open file 01_src/03_ip/rst_BUFG.ipc.
GUI-8002 ERROR: Unable to open file 01_src/03_ip/rst_BUFG.ipc.
GUI-8002 ERROR: Unable to open file 01_src/03_ip/rst_BUFG.ipc.
GUI-8002 ERROR: Unable to open file 01_src/03_ip/my_pll.ipc.
GUI-8002 ERROR: Unable to open file 01_src/03_ip/my_pll.ipc.
GUI-8002 ERROR: Unable to open file 01_src/03_ip/my_pll.ipc.
GUI-8002 ERROR: Unable to open file 01_src/03_ip/rst_BUFG.ipc.
GUI-8002 ERROR: Unable to open file 01_src/03_ip/rst_BUFG.ipc.
GUI-8002 ERROR: Unable to open file 01_src/03_ip/rst_BUFG.ipc.
GUI-8002 ERROR: Unable to open file 01_src/03_ip/my_pll.ipc.
GUI-8002 ERROR: Unable to open file 01_src/03_ip/my_pll.ipc.
GUI-8002 ERROR: Unable to open file 01_src/03_ip/my_pll.ipc.
GUI-8002 ERROR: Unable to open file 01_src/03_ip/rst_BUFG.ipc.
GUI-8002 ERROR: Unable to open file 01_src/03_ip/rst_BUFG.ipc.
GUI-8002 ERROR: Unable to open file 01_src/03_ip/rst_BUFG.ipc.
GUI-8002 ERROR: Unable to open file 01_src/03_ip/my_pll.ipc.
GUI-8002 ERROR: Unable to open file 01_src/03_ip/my_pll.ipc.
GUI-8002 ERROR: Unable to open file 01_src/03_ip/my_pll.ipc.
GUI-8002 ERROR: Unable to open file 01_src/03_ip/rst_BUFG.ipc.
GUI-8002 ERROR: Unable to open file 01_src/03_ip/rst_BUFG.ipc.
GUI-8002 ERROR: Unable to open file 01_src/03_ip/rst_BUFG.ipc.
GUI-8002 ERROR: Unable to open file 01_src/03_ip/my_pll.ipc.
GUI-8002 ERROR: Unable to open file 01_src/03_ip/my_pll.ipc.
GUI-8002 ERROR: Unable to open file 01_src/03_ip/my_pll.ipc.
GUI-8002 ERROR: Unable to open file 01_src/03_ip/rst_BUFG.ipc.
GUI-8002 ERROR: Unable to open file 01_src/03_ip/rst_BUFG.ipc.
GUI-8002 ERROR: Unable to open file 01_src/03_ip/rst_BUFG.ipc.
GUI-8002 ERROR: Unable to open file 01_src/03_ip/my_pll.ipc.
GUI-8002 ERROR: Unable to open file 01_src/03_ip/my_pll.ipc.
GUI-8002 ERROR: Unable to open file 01_src/03_ip/my_pll.ipc.
GUI-8002 ERROR: Unable to open file 01_src/03_ip/rst_BUFG.ipc.
GUI-8002 ERROR: Unable to open file 01_src/03_ip/rst_BUFG.ipc.
GUI-8002 ERROR: Unable to open file 01_src/03_ip/rst_BUFG.ipc.
GUI-8002 ERROR: Unable to open file 01_src/03_ip/my_pll.ipc.
GUI-8002 ERROR: Unable to open file 01_src/03_ip/my_pll.ipc.
GUI-8002 ERROR: Unable to open file 01_src/03_ip/my_pll.ipc.
GUI-8002 ERROR: Unable to open file 01_src/03_ip/rst_BUFG.ipc.
GUI-8002 ERROR: Unable to open file 01_src/03_ip/rst_BUFG.ipc.
GUI-8002 ERROR: Unable to open file 01_src/03_ip/rst_BUFG.ipc.
GUI-8002 ERROR: Unable to open file 01_src/03_ip/my_pll.ipc.
GUI-8002 ERROR: Unable to open file 01_src/03_ip/my_pll.ipc.
GUI-8002 ERROR: Unable to open file 01_src/03_ip/my_pll.ipc.
GUI-8002 ERROR: Unable to open file 01_src/03_ip/rst_BUFG.ipc.
GUI-8002 ERROR: Unable to open file 01_src/03_ip/rst_BUFG.ipc.
GUI-8002 ERROR: Unable to open file 01_src/03_ip/rst_BUFG.ipc.
GUI-8002 ERROR: Unable to open file 01_src/03_ip/my_pll.ipc.
GUI-8002 ERROR: Unable to open file 01_src/03_ip/my_pll.ipc.
GUI-8002 ERROR: Unable to open file 01_src/03_ip/my_pll.ipc.
GUI-8002 ERROR: Unable to open file 01_src/03_ip/rst_BUFG.ipc.
GUI-8002 ERROR: Unable to open file 01_src/03_ip/rst_BUFG.ipc.
GUI-8002 ERROR: Unable to open file 01_src/03_ip/rst_BUFG.ipc.
GUI-8002 ERROR: Unable to open file 01_src/03_ip/my_pll.ipc.
GUI-8002 ERROR: Unable to open file 01_src/03_ip/my_pll.ipc.
GUI-8002 ERROR: Unable to open file 01_src/03_ip/my_pll.ipc.
GUI-8002 ERROR: Unable to open file 01_src/03_ip/rst_BUFG.ipc.
GUI-8002 ERROR: Unable to open file 01_src/03_ip/rst_BUFG.ipc.
GUI-8002 ERROR: Unable to open file 01_src/03_ip/rst_BUFG.ipc.
GUI-8002 ERROR: Unable to open file 01_src/03_ip/my_pll.ipc.
GUI-8002 ERROR: Unable to open file 01_src/03_ip/rst_BUFG.ipc.
GUI-8002 ERROR: Unable to open file 01_src/03_ip/my_pll.ipc.
GUI-8002 ERROR: Unable to open file 01_src/03_ip/my_pll.ipc.
GUI-8002 ERROR: Unable to open file 01_src/03_ip/my_pll.ipc.
GUI-8002 ERROR: Unable to open file 01_src/03_ip/rst_BUFG.ipc.
GUI-8002 ERROR: Unable to open file 01_src/03_ip/rst_BUFG.ipc.
GUI-8002 ERROR: Unable to open file 01_src/03_ip/rst_BUFG.ipc.
GUI-8002 ERROR: Unable to open file 01_src/03_ip/my_pll.ipc.
GUI-8002 ERROR: Unable to open file 01_src/03_ip/rst_BUFG.ipc.
GUI-8002 ERROR: Unable to open file 01_src/03_ip/my_pll.ipc.
GUI-8002 ERROR: Unable to open file 01_src/03_ip/my_pll.ipc.
GUI-8002 ERROR: Unable to open file 01_src/03_ip/my_pll.ipc.
GUI-8002 ERROR: Unable to open file 01_src/03_ip/rst_BUFG.ipc.
GUI-8002 ERROR: Unable to open file 01_src/03_ip/rst_BUFG.ipc.
GUI-8002 ERROR: Unable to open file 01_src/03_ip/rst_BUFG.ipc.
GUI-8003 ERROR: 01_src/03_ip/my_pll.v is missing!
GUI-8003 ERROR: 01_src/03_ip/rst_BUFG.v is missing!
GUI-8003 ERROR: 01_src/01_rtl/demo_1st_top.v is missing!
GUI-8003 ERROR: 01_src/01_rtl/emif_signal_op.v is missing!
GUI-8003 ERROR: 01_src/01_rtl/emif_setio.v is missing!
GUI-8003 ERROR: 01_src/01_rtl/led.v is missing!
GUI-8003 ERROR: 01_src/01_rtl/emif_control.v is missing!
GUI-8003 ERROR: 01_src/01_rtl/emif_read.v is missing!
GUI-8003 ERROR: 01_src/01_rtl/emif_write.v is missing!
GUI-8003 ERROR: 01_src/01_rtl/encoder_control.v is missing!
GUI-8003 ERROR: 01_src/01_rtl/four_sub.v is missing!
GUI-8003 ERROR: 01_src/01_rtl/ssi_control.v is missing!
GUI-8003 ERROR: 01_src/01_rtl/sin_control.v is missing!
GUI-8003 ERROR: 01_src/01_rtl/ads8350_sample.v is missing!
GUI-8003 ERROR: 01_src/01_rtl/fir.v is missing!
GUI-8003 ERROR: 01_src/01_rtl/filter_verilog.v is missing!
GUI-8003 ERROR: 01_src/01_rtl/tawa_control.v is missing!
GUI-8003 ERROR: 01_src/01_rtl/crc_calc.v is missing!
GUI-8003 ERROR: 01_src/01_rtl/uart_control.v is missing!
GUI-8003 ERROR: 01_src/01_rtl/uart_recv.v is missing!
GUI-8003 ERROR: 01_src/01_rtl/uart_send.v is missing!
GUI-8003 ERROR: 01_src/01_rtl/endat_contol.v is missing!
GUI-8003 ERROR: 01_src/01_rtl/endat_control_smaple.v is missing!
GUI-8003 ERROR: 01_src/01_rtl/biss_controll.v is missing!
GUI-8003 ERROR: 01_src/01_rtl/biss_control_in.v is missing!
GUI-8003 ERROR: 01_src/01_rtl/biss_crc6.v is missing!
RUN-1001 : Print Global Property
RUN-1001 : ---------------------------------------------------------------
RUN-1001 :        Parameters        |  Settings  |  Default Values  |  Note  
RUN-1001 : ---------------------------------------------------------------
RUN-1001 :          message         |  standard  |     standard     |        
RUN-1001 :   mixed_pack_place_flow  |     on     |        on        |        
RUN-1001 :        qor_monitor       |    off     |       off        |        
RUN-1001 :        syn_ip_flow       |    off     |       off        |        
RUN-1001 :          thread          |    auto    |       auto       |        
RUN-1001 : ---------------------------------------------------------------
RUN-1001 : Print Design Property
RUN-1001 : --------------------------------------------------------------
RUN-1001 :        Parameters       |  Settings  |  Default Values  |  Note  
RUN-1001 : --------------------------------------------------------------
RUN-1001 :   default_reg_initial   |    auto    |       auto       |        
RUN-1001 :        infer_add        |     on     |        on        |        
RUN-1001 :        infer_fsm        |    off     |       off        |        
RUN-1001 :        infer_mult       |     on     |        on        |        
RUN-1001 :        infer_ram        |     on     |        on        |        
RUN-1001 :        infer_reg        |     on     |        on        |        
RUN-1001 :   infer_reg_init_value  |     on     |        on        |        
RUN-1001 :        infer_rom        |     on     |        on        |        
RUN-1001 :      infer_shifter      |     on     |        on        |        
RUN-1001 : --------------------------------------------------------------
RUN-1001 : Print Rtl Property
RUN-1001 : --------------------------------------------------------------
RUN-1001 :        Parameters       |  Settings  |  Default Values  |  Note  
RUN-1001 : --------------------------------------------------------------
RUN-1001 :       compress_add      |   ripple   |      ripple      |        
RUN-1001 :        elf_sload        |    off     |       off        |        
RUN-1001 :       fix_undriven      |     0      |        0         |        
RUN-1001 :         flatten         |    off     |       off        |        
RUN-1001 :       gate_sharing      |     on     |        on        |        
RUN-1001 :    hdl_warning_level    |   normal   |      normal      |        
RUN-1001 :   impl_internal_tribuf  |     on     |        on        |        
RUN-1001 :      impl_set_reset     |     on     |        on        |        
RUN-1001 :        infer_gsr        |    off     |       off        |        
RUN-1001 :      keep_hierarchy     |    auto    |       auto       |        
RUN-1001 :        max_fanout       |    9999    |       9999       |        
RUN-1001 :      max_oh2bin_len     |     10     |        10        |        
RUN-1001 :       merge_equal       |     on     |        on        |        
RUN-1001 :       merge_equiv       |     on     |        on        |        
RUN-1001 :        merge_mux        |    off     |       off        |        
RUN-1001 :     min_control_set     |     8      |        8         |        
RUN-1001 :      min_ripple_len     |    auto    |       auto       |        
RUN-1001 :       oh2bin_ratio      |    0.08    |       0.08       |        
RUN-1001 :     opt_adder_fanout    |     on     |        on        |        
RUN-1001 :        opt_arith        |     on     |        on        |        
RUN-1001 :       opt_big_gate      |    off     |       off        |        
RUN-1001 :        opt_const        |     on     |        on        |        
RUN-1001 :      opt_const_mult     |     on     |        on        |        
RUN-1001 :       opt_lessthan      |     on     |        on        |        
RUN-1001 :         opt_mux         |    off     |       off        |        
RUN-1001 :         opt_ram         |    high    |       high       |        
RUN-1001 :      rtl_sim_model      |    off     |       off        |        
RUN-1001 :         seq_syn         |     on     |        on        |        
RUN-1001 : --------------------------------------------------------------
HDL-5007 WARNING: could not find top-level module/unit; aborting hierarchy tree creation
GUI-6002 WARNING: Unable to open file:01_src/04_pin/demo_1st.sdc
GUI-6002 WARNING: Unable to open file:01_src/04_pin/demo_1st.adc
GUI-8002 ERROR: Unable to open file 01_src/03_ip/my_pll.ipc.
GUI-8002 ERROR: Unable to open file 01_src/03_ip/my_pll.ipc.
GUI-8002 ERROR: Unable to open file 01_src/03_ip/my_pll.ipc.
GUI-8002 ERROR: Unable to open file 01_src/03_ip/my_pll.ipc.
GUI-8002 ERROR: Unable to open file 01_src/03_ip/rst_BUFG.ipc.
GUI-8002 ERROR: Unable to open file 01_src/03_ip/rst_BUFG.ipc.
GUI-8002 ERROR: Unable to open file 01_src/03_ip/rst_BUFG.ipc.
GUI-8002 ERROR: Unable to open file 01_src/03_ip/rst_BUFG.ipc.
GUI-8002 ERROR: Unable to open file 01_src/03_ip/my_pll.ipc.
GUI-8002 ERROR: Unable to open file 01_src/03_ip/my_pll.ipc.
GUI-8002 ERROR: Unable to open file 01_src/03_ip/my_pll.ipc.
GUI-8002 ERROR: Unable to open file 01_src/03_ip/my_pll.ipc.
GUI-8002 ERROR: Unable to open file 01_src/03_ip/rst_BUFG.ipc.
GUI-8002 ERROR: Unable to open file 01_src/03_ip/rst_BUFG.ipc.
GUI-8002 ERROR: Unable to open file 01_src/03_ip/rst_BUFG.ipc.
GUI-8002 ERROR: Unable to open file 01_src/03_ip/rst_BUFG.ipc.
