============================================================
   Tang Dynasty, V5.6.71036
      Copyright (c) 2012-2023 Anlogic Inc.
   Executable = D:/Chang/software/TD/bin/td.exe
   Built at =   20:34:38 Mar 21 2023
   Run by =     Admin
   Run Date =   Mon Dec 23 11:47:04 2024

   Run on =     DZ-CHANGRENWEI
============================================================
RUN-1001 : open_run phy_1.
RUN-1002 : start command "import_db D:/Chang/files/code/anlogic_verilog/Interface/demo_1st/demo_1st_Runs/phy_1/demo_1st_pr.db"
RUN-1001 : Importing database generated by Tang Dynasty, V5.6.71036.
RUN-1001 : Database version number 46146.
RUN-1001 : Import flow parameters
PHY-1001 : Generate detailed routing grids ...
PHY-1001 : Generate nets ...
PHY-1001 : clock net rst_n will be merged with clock sys_rst_n_in_dup_1
PHY-1001 : net sys_clk_in_dup_1 will be routed on clock mesh
PHY-1001 : clock net u4_setio/clk will be merged with clock u1_pll/clk0_buf
PHY-1001 : net u8_encoder/clk_100M will be routed on clock mesh
PHY-1001 : clock net u8_encoder/u15_endat/u41_control/clk_out_reg1_syn_6 will be merged with clock u8_encoder/u15_endat/u41_control/clk_out_reg1
PHY-1001 : clock net u8_encoder/u15_endat/u41_control/clk_200k_syn_4 will be merged with clock u8_encoder/u15_endat/u41_control/clk_200k
PHY-1001 : net u8_encoder/u11_biss/U2_control/clk_5M will be routed on clock mesh
PHY-1001 : clock net u8_encoder/u11_biss/U2_control/clk_out_reg1_syn_4 will be merged with clock u8_encoder/u11_biss/U2_control/clk_out_reg1
PHY-5010 WARNING: Net u8_encoder/u11_biss/U3_CRC/crc_outt[5] is skipped due to 0 input or output
PHY-5010 WARNING: Net u8_encoder/u11_biss/U3_CRC/crc_outt[4] is skipped due to 0 input or output
PHY-5010 WARNING: Net u8_encoder/u11_biss/U3_CRC/crc_outt[3] is skipped due to 0 input or output
PHY-5010 WARNING: Net u8_encoder/u11_biss/U3_CRC/crc_outt[2] is skipped due to 0 input or output
PHY-5010 WARNING: Net u8_encoder/u11_biss/U3_CRC/crc_outt[1] is skipped due to 0 input or output
PHY-5010 WARNING: Net u8_encoder/u11_biss/U3_CRC/crc_outt[0] is skipped due to 0 input or output
PHY-1001 : net u8_encoder/u11_biss/U3_CRC/clk will be routed on clock mesh
PHY-1001 : clock net u8_encoder/u12_ssi/clk_2M_syn_4 will be merged with clock u8_encoder/u12_ssi/clk_2M
PHY-1001 : clock net u8_encoder/u12_ssi/clk_out_reg1_syn_6 will be merged with clock u8_encoder/u12_ssi/clk_out_reg1
PHY-5010 WARNING: Net u8_encoder/u11_biss/U3_CRC/crc_outt[5] is skipped due to 0 input or output
PHY-5010 WARNING: Net u8_encoder/u11_biss/U3_CRC/crc_outt[4] is skipped due to 0 input or output
PHY-5010 WARNING: Net u8_encoder/u11_biss/U3_CRC/crc_outt[3] is skipped due to 0 input or output
PHY-5010 WARNING: Net u8_encoder/u11_biss/U3_CRC/crc_outt[2] is skipped due to 0 input or output
PHY-5010 Similar messages will be suppressed.
PHY-1001 : eco open net = 0
PHY-1001 : 14 feed throughs used by 12 nets
RUN-1001 : Import timing constraints
RUN-1001 : Import IO constraints
RUN-1001 : Import Inst constraints
RUN-1001 : Import design success TD_VERSION=5.6.71036 , DB_VERSION=46146
RUN-1003 : finish command "import_db D:/Chang/files/code/anlogic_verilog/Interface/demo_1st/demo_1st_Runs/phy_1/demo_1st_pr.db" in  6.665532s wall, 6.484375s user + 0.250000s system = 6.734375s CPU (101.0%)

RUN-1004 : used memory is 687 MB, reserved memory is 648 MB, peak memory is 731 MB
HDL-1007 : analyze verilog file 01_src/01_rtl/demo_1st_top.v
RUN-1001 : reset_run syn_1 -step read_design.
RUN-1001 : reset_run phy_1.
RUN-1001 : launch_runs syn_1 -step opt_gate.
RUN-1001 : reset_run phy_1.
RUN-1001 : syn_1: run complete.
RUN-1001 : open_run syn_1.
RUN-1002 : start command "import_db D:/Chang/files/code/anlogic_verilog/Interface/demo_1st/demo_1st_Runs/syn_1/demo_1st_gate.db"
RUN-1001 : Importing database generated by Tang Dynasty, V5.6.71036.
RUN-1001 : Database version number 46146.
RUN-1001 : Import flow parameters
RUN-1001 : Import timing constraints
RUN-1001 : Import IO constraints
RUN-1001 : Import Inst constraints
RUN-1001 : Import design success TD_VERSION=5.6.71036 , DB_VERSION=46146
RUN-1003 : finish command "import_db D:/Chang/files/code/anlogic_verilog/Interface/demo_1st/demo_1st_Runs/syn_1/demo_1st_gate.db" in  1.458500s wall, 1.406250s user + 0.078125s system = 1.484375s CPU (101.8%)

RUN-1004 : used memory is 442 MB, reserved memory is 394 MB, peak memory is 731 MB
RUN-1001 : launch_runs phy_1 -step bitgen.
RUN-1001 : phy_1: run complete.
RUN-1001 : open_run phy_1.
RUN-1002 : start command "import_db D:/Chang/files/code/anlogic_verilog/Interface/demo_1st/demo_1st_Runs/phy_1/demo_1st_pr.db"
RUN-1001 : Importing database generated by Tang Dynasty, V5.6.71036.
RUN-1001 : Database version number 46146.
RUN-1001 : Import flow parameters
PHY-1001 : Generate detailed routing grids ...
PHY-1001 : Generate nets ...
PHY-1001 : clock net rst_n will be merged with clock sys_rst_n_in_dup_1
PHY-1001 : net sys_clk_in_dup_1 will be routed on clock mesh
PHY-1001 : clock net u4_setio/clk will be merged with clock u1_pll/clk0_buf
PHY-1001 : net u8_encoder/clk_100M will be routed on clock mesh
PHY-1001 : clock net u8_encoder/u15_endat/u41_control/clk_out_reg1_syn_6 will be merged with clock u8_encoder/u15_endat/u41_control/clk_out_reg1
PHY-1001 : clock net u8_encoder/u15_endat/u41_control/clk_200k_syn_4 will be merged with clock u8_encoder/u15_endat/u41_control/clk_200k
PHY-1001 : net u8_encoder/u11_biss/U2_control/clk_5M will be routed on clock mesh
PHY-1001 : clock net u8_encoder/u11_biss/U2_control/clk_out_reg1_syn_4 will be merged with clock u8_encoder/u11_biss/U2_control/clk_out_reg1
PHY-5010 WARNING: Net u8_encoder/u11_biss/U3_CRC/crc_outt[5] is skipped due to 0 input or output
PHY-5010 WARNING: Net u8_encoder/u11_biss/U3_CRC/crc_outt[4] is skipped due to 0 input or output
PHY-5010 WARNING: Net u8_encoder/u11_biss/U3_CRC/crc_outt[3] is skipped due to 0 input or output
PHY-5010 WARNING: Net u8_encoder/u11_biss/U3_CRC/crc_outt[2] is skipped due to 0 input or output
PHY-5010 WARNING: Net u8_encoder/u11_biss/U3_CRC/crc_outt[1] is skipped due to 0 input or output
PHY-5010 WARNING: Net u8_encoder/u11_biss/U3_CRC/crc_outt[0] is skipped due to 0 input or output
PHY-1001 : net u8_encoder/u11_biss/U3_CRC/clk will be routed on clock mesh
PHY-1001 : clock net u8_encoder/u12_ssi/clk_2M_syn_4 will be merged with clock u8_encoder/u12_ssi/clk_2M
PHY-1001 : clock net u8_encoder/u12_ssi/clk_out_reg1_syn_6 will be merged with clock u8_encoder/u12_ssi/clk_out_reg1
PHY-5010 WARNING: Net u8_encoder/u11_biss/U3_CRC/crc_outt[5] is skipped due to 0 input or output
PHY-5010 WARNING: Net u8_encoder/u11_biss/U3_CRC/crc_outt[4] is skipped due to 0 input or output
PHY-5010 WARNING: Net u8_encoder/u11_biss/U3_CRC/crc_outt[3] is skipped due to 0 input or output
PHY-5010 WARNING: Net u8_encoder/u11_biss/U3_CRC/crc_outt[2] is skipped due to 0 input or output
PHY-5010 Similar messages will be suppressed.
PHY-1001 : eco open net = 0
PHY-1001 : 14 feed throughs used by 12 nets
RUN-1001 : Import timing constraints
RUN-1001 : Import IO constraints
RUN-1001 : Import Inst constraints
RUN-1001 : Import design success TD_VERSION=5.6.71036 , DB_VERSION=46146
RUN-1003 : finish command "import_db D:/Chang/files/code/anlogic_verilog/Interface/demo_1st/demo_1st_Runs/phy_1/demo_1st_pr.db" in  4.555030s wall, 4.453125s user + 0.125000s system = 4.578125s CPU (100.5%)

RUN-1004 : used memory is 711 MB, reserved memory is 673 MB, peak memory is 757 MB
