============================================================
   Tang Dynasty, V5.6.71036
      Copyright (c) 2012-2023 Anlogic Inc.
   Executable = D:/Chang/software/TD/bin/td.exe
   Built at =   20:34:38 Mar 21 2023
   Run by =     Admin
   Run Date =   Thu Dec 19 16:40:25 2024

   Run on =     DZ-CHANGRENWEI
============================================================
RUN-1002 : start command "open_project demo_1st.prj"
RUN-1001 : Print Global Property
RUN-1001 : ---------------------------------------------------------------
RUN-1001 :        Parameters        |  Settings  |  Default Values  |  Note  
RUN-1001 : ---------------------------------------------------------------
RUN-1001 :          message         |  standard  |     standard     |        
RUN-1001 :   mixed_pack_place_flow  |     on     |        on        |        
RUN-1001 :        qor_monitor       |    off     |       off        |        
RUN-1001 :        syn_ip_flow       |    off     |       off        |        
RUN-1001 :          thread          |    auto    |       auto       |        
RUN-1001 : ---------------------------------------------------------------
RUN-1001 : Print Design Property
RUN-1001 : --------------------------------------------------------------
RUN-1001 :        Parameters       |  Settings  |  Default Values  |  Note  
RUN-1001 : --------------------------------------------------------------
RUN-1001 :   default_reg_initial   |    auto    |       auto       |        
RUN-1001 :        infer_add        |     on     |        on        |        
RUN-1001 :        infer_fsm        |    off     |       off        |        
RUN-1001 :        infer_mult       |     on     |        on        |        
RUN-1001 :        infer_ram        |     on     |        on        |        
RUN-1001 :        infer_reg        |     on     |        on        |        
RUN-1001 :   infer_reg_init_value  |     on     |        on        |        
RUN-1001 :        infer_rom        |     on     |        on        |        
RUN-1001 :      infer_shifter      |     on     |        on        |        
RUN-1001 : --------------------------------------------------------------
RUN-1001 : Print Rtl Property
RUN-1001 : --------------------------------------------------------------
RUN-1001 :        Parameters       |  Settings  |  Default Values  |  Note  
RUN-1001 : --------------------------------------------------------------
RUN-1001 :       compress_add      |   ripple   |      ripple      |        
RUN-1001 :        elf_sload        |    off     |       off        |        
RUN-1001 :       fix_undriven      |     0      |        0         |        
RUN-1001 :         flatten         |    off     |       off        |        
RUN-1001 :       gate_sharing      |     on     |        on        |        
RUN-1001 :    hdl_warning_level    |   normal   |      normal      |        
RUN-1001 :   impl_internal_tribuf  |     on     |        on        |        
RUN-1001 :      impl_set_reset     |     on     |        on        |        
RUN-1001 :        infer_gsr        |    off     |       off        |        
RUN-1001 :      keep_hierarchy     |    auto    |       auto       |        
RUN-1001 :        max_fanout       |    9999    |       9999       |        
RUN-1001 :      max_oh2bin_len     |     10     |        10        |        
RUN-1001 :       merge_equal       |     on     |        on        |        
RUN-1001 :       merge_equiv       |     on     |        on        |        
RUN-1001 :        merge_mux        |    off     |       off        |        
RUN-1001 :     min_control_set     |     8      |        8         |        
RUN-1001 :      min_ripple_len     |    auto    |       auto       |        
RUN-1001 :       oh2bin_ratio      |    0.08    |       0.08       |        
RUN-1001 :     opt_adder_fanout    |     on     |        on        |        
RUN-1001 :        opt_arith        |     on     |        on        |        
RUN-1001 :       opt_big_gate      |    off     |       off        |        
RUN-1001 :        opt_const        |     on     |        on        |        
RUN-1001 :      opt_const_mult     |     on     |        on        |        
RUN-1001 :       opt_lessthan      |     on     |        on        |        
RUN-1001 :         opt_mux         |    off     |       off        |        
RUN-1001 :         opt_ram         |    high    |       high       |        
RUN-1001 :      rtl_sim_model      |    off     |       off        |        
RUN-1001 :         seq_syn         |     on     |        on        |        
RUN-1001 : --------------------------------------------------------------
HDL-1007 : analyze verilog file ../../01_src/03_ip/my_pll.v
HDL-1007 : undeclared symbol 'open', assumed default net type 'wire' in ../../01_src/03_ip/my_pll.v(92)
HDL-1007 : analyze verilog file ../../01_src/01_rtl/demo_1st_top.v
HDL-1007 : undeclared symbol 'clk_400M', assumed default net type 'wire' in ../../01_src/01_rtl/demo_1st_top.v(101)
HDL-1007 : undeclared symbol 'clk_200M', assumed default net type 'wire' in ../../01_src/01_rtl/demo_1st_top.v(102)
HDL-1007 : undeclared symbol 'clk_100M', assumed default net type 'wire' in ../../01_src/01_rtl/demo_1st_top.v(103)
HDL-1007 : undeclared symbol 'clk_5M', assumed default net type 'wire' in ../../01_src/01_rtl/demo_1st_top.v(104)
HDL-1007 : undeclared symbol 'we_logic', assumed default net type 'wire' in ../../01_src/01_rtl/demo_1st_top.v(176)
HDL-1007 : undeclared symbol 'emif_data_in', assumed default net type 'wire' in ../../01_src/01_rtl/demo_1st_top.v(178)
HDL-1007 : analyze verilog file ../../01_src/01_rtl/emif_signal_op.v
HDL-1007 : analyze verilog file ../../01_src/01_rtl/emif_setio.v
HDL-1007 : analyze verilog file ../../01_src/01_rtl/led.v
HDL-1007 : analyze verilog file ../../01_src/01_rtl/emif_control.v
HDL-1007 : analyze verilog file ../../01_src/01_rtl/emif_read.v
HDL-1007 : analyze verilog file ../../01_src/01_rtl/emif_write.v
HDL-1007 : analyze verilog file ../../01_src/01_rtl/encoder_control.v
HDL-1007 : undeclared symbol 'biss_clk', assumed default net type 'wire' in ../../01_src/01_rtl/encoder_control.v(105)
HDL-1007 : undeclared symbol 'crc_data', assumed default net type 'wire' in ../../01_src/01_rtl/encoder_control.v(106)
HDL-1007 : undeclared symbol 'err_data', assumed default net type 'wire' in ../../01_src/01_rtl/encoder_control.v(107)
HDL-1007 : undeclared symbol 'crc_err', assumed default net type 'wire' in ../../01_src/01_rtl/encoder_control.v(108)
HDL-1007 : undeclared symbol 'biss_data', assumed default net type 'wire' in ../../01_src/01_rtl/encoder_control.v(109)
HDL-1007 : undeclared symbol 'ssi_clk', assumed default net type 'wire' in ../../01_src/01_rtl/encoder_control.v(122)
HDL-1007 : undeclared symbol 'ssi_data', assumed default net type 'wire' in ../../01_src/01_rtl/encoder_control.v(123)
HDL-1007 : undeclared symbol 'sincos_data', assumed default net type 'wire' in ../../01_src/01_rtl/encoder_control.v(139)
HDL-1007 : undeclared symbol 'tawa_a_out', assumed default net type 'wire' in ../../01_src/01_rtl/encoder_control.v(152)
HDL-1007 : undeclared symbol 'tawa_data_out', assumed default net type 'wire' in ../../01_src/01_rtl/encoder_control.v(153)
HDL-1007 : undeclared symbol 'tawa_data', assumed default net type 'wire' in ../../01_src/01_rtl/encoder_control.v(154)
HDL-1007 : undeclared symbol 'endat_clk', assumed default net type 'wire' in ../../01_src/01_rtl/encoder_control.v(167)
HDL-1007 : undeclared symbol 'endat_clk_en', assumed default net type 'wire' in ../../01_src/01_rtl/encoder_control.v(168)
HDL-1007 : undeclared symbol 'endat_data_en', assumed default net type 'wire' in ../../01_src/01_rtl/encoder_control.v(169)
HDL-1007 : undeclared symbol 'endat_data_out', assumed default net type 'wire' in ../../01_src/01_rtl/encoder_control.v(170)
HDL-1007 : undeclared symbol 'endat_data', assumed default net type 'wire' in ../../01_src/01_rtl/encoder_control.v(171)
HDL-1007 : analyze verilog file ../../01_src/01_rtl/four_sub.v
HDL-1007 : analyze verilog file ../../01_src/01_rtl/biss_control.v
HDL-1007 : analyze verilog file ../../01_src/01_rtl/ssi_control.v
HDL-1007 : undeclared symbol 'DATA2STOP_start', assumed default net type 'wire' in ../../01_src/01_rtl/ssi_control.v(66)
HDL-1007 : analyze verilog file ../../01_src/01_rtl/sin_control.v
HDL-1007 : analyze verilog file ../../01_src/01_rtl/ads8350_sample.v
HDL-1007 : analyze verilog file ../../01_src/01_rtl/fir.v
HDL-1007 : analyze verilog file ../../01_src/01_rtl/filter_verilog.v
HDL-1007 : analyze verilog file ../../01_src/01_rtl/tawa_control.v
HDL-1007 : undeclared symbol 'clk_100M', assumed default net type 'wire' in ../../01_src/01_rtl/tawa_control.v(51)
HDL-1007 : analyze verilog file ../../01_src/01_rtl/crc_calc.v
HDL-1007 : analyze verilog file ../../01_src/01_rtl/uart_control.v
HDL-1007 : analyze verilog file ../../01_src/01_rtl/uart_recv.v
HDL-1007 : analyze verilog file ../../01_src/01_rtl/uart_send.v
HDL-1007 : analyze verilog file ../../01_src/01_rtl/endat_contol.v
HDL-1007 : analyze verilog file ../../01_src/01_rtl/endat_control_smaple.v
RUN-1001 : Project manager successfully analyzed 23 source files.
RUN-1002 : start command "import_device eagle_20.db -package EG4X20BG256"
ARC-1001 : Device Initialization.
ARC-1001 : ------------------------------------------------------------------
ARC-1001 :            OPTION            |          IO          |   SETTING   
ARC-1001 : ------------------------------------------------------------------
ARC-1001 :   cso_b/cclk/mosi/miso/dout  |  T3/R11/T10/P10/M14  |    gpio    
ARC-1001 :             done             |         P13          |    gpio    
ARC-1001 :           program_b          |          T2          |  dedicate  
ARC-1001 :        tdi/tms/tck/tdo       |   C12/A15/C14/E14    |  dedicate  
ARC-1001 : ------------------------------------------------------------------
ARC-1004 : Device setting, marked 5 dedicate IOs in total.
RUN-1002 : start command "import_db demo_1st_rtl.db"
RUN-1001 : Importing database generated by Tang Dynasty, V5.6.71036.
RUN-1001 : Database version number 46146.
RUN-1001 : Import flow parameters
RUN-1001 : Import IO constraints
RUN-1001 : Import Inst constraints
RUN-1001 : Import design success TD_VERSION=5.6.71036 , DB_VERSION=46146
RUN-1002 : start command "read_sdc ../../01_src/04_pin/demo_1st.sdc"
RUN-1002 : start command "get_ports sys_clk_in"
RUN-1002 : start command "create_clock -name sys_clk_50m -period 20 -waveform 0 10 "
RUN-1102 : create_clock: clock name: sys_clk_50m, type: 0, period: 20000, rise: 0, fall: 10000.
RUN-1002 : start command "derive_pll_clocks"
USR-1002 : Gen clock cmd:  create_generated_clock -name {u1_pll/pll_inst.clkc[0]} -source [get_ports {sys_clk_in}] -master_clock {sys_clk_50m} -multiply_by 8.0000 [get_pins {u1_pll/pll_inst.clkc[0]}]
RUN-1002 : start command "get_ports sys_clk_in"
RUN-1002 : start command "get_pins u1_pll/pll_inst.clkc[0]"
RUN-1002 : start command "create_generated_clock -name u1_pll/pll_inst.clkc[0] -source  -master_clock sys_clk_50m -multiply_by 8.0000 "
USR-1002 : Gen clock cmd:  create_generated_clock -name {u1_pll/pll_inst.clkc[1]} -source [get_ports {sys_clk_in}] -master_clock {sys_clk_50m} -multiply_by 4.0000 [get_pins {u1_pll/pll_inst.clkc[1]}]
RUN-1002 : start command "get_ports sys_clk_in"
RUN-1002 : start command "get_pins u1_pll/pll_inst.clkc[1]"
RUN-1002 : start command "create_generated_clock -name u1_pll/pll_inst.clkc[1] -source  -master_clock sys_clk_50m -multiply_by 4.0000 "
USR-1002 : Gen clock cmd:  create_generated_clock -name {u1_pll/pll_inst.clkc[2]} -source [get_ports {sys_clk_in}] -master_clock {sys_clk_50m} -multiply_by 2.0000 [get_pins {u1_pll/pll_inst.clkc[2]}]
RUN-1002 : start command "get_ports sys_clk_in"
RUN-1002 : start command "get_pins u1_pll/pll_inst.clkc[2]"
RUN-1002 : start command "create_generated_clock -name u1_pll/pll_inst.clkc[2] -source  -master_clock sys_clk_50m -multiply_by 2.0000 "
RUN-1002 : start command "optimize_gate -maparea demo_1st_gate.area"
RUN-1001 : Open license file D:/Chang/software/TD/license/Anlogic.lic
RUN-1001 : Print Global Property
RUN-1001 : ---------------------------------------------------------------
RUN-1001 :        Parameters        |  Settings  |  Default Values  |  Note  
RUN-1001 : ---------------------------------------------------------------
RUN-1001 :          message         |  standard  |     standard     |        
RUN-1001 :   mixed_pack_place_flow  |     on     |        on        |        
RUN-1001 :        qor_monitor       |    off     |       off        |        
RUN-1001 :        syn_ip_flow       |    off     |       off        |        
RUN-1001 :          thread          |    auto    |       auto       |        
RUN-1001 : ---------------------------------------------------------------
RUN-1001 : Print Gate Property
RUN-1001 : ------------------------------------------------------------------
RUN-1001 :          Parameters         |  Settings  |  Default Values  |  Note  
RUN-1001 : ------------------------------------------------------------------
RUN-1001 :         cascade_dsp         |    off     |       off        |        
RUN-1001 :         cascade_eram        |    off     |       off        |        
RUN-1001 :        gate_sim_model       |    off     |       off        |        
RUN-1001 :        map_sim_model        |    off     |       off        |        
RUN-1001 :         map_strategy        |     1      |        1         |        
RUN-1001 :           opt_area          |   medium   |      medium      |        
RUN-1001 :          opt_timing         |    auto    |       auto       |        
RUN-1001 :         pack_effort         |   medium   |      medium      |        
RUN-1001 :      pack_lslice_ripple     |     on     |        on        |        
RUN-1001 :   pack_lslice_ripple_ratio  |    0.5     |       0.5        |        
RUN-1001 :        pack_seq_in_io       |    auto    |       auto       |        
RUN-1001 :        ph1_mux_ratio        |    1.0     |       1.0        |        
RUN-1001 :            report           |  standard  |     standard     |        
RUN-1001 :           retiming          |    off     |       off        |        
RUN-1001 : ------------------------------------------------------------------
SYN-2001 : Map 57 IOs to PADs
SYN-1032 : 1611/22 useful/useless nets, 1548/23 useful/useless insts
RUN-1002 : start command "update_pll_param -module demo_1st_top"
SYN-2501 : Processed 0 LOGIC_BUF instances.
SYN-2501 : 1 BUFG to GCLK
SYN-2571 : Optimize after map_dsp, round 1
SYN-1016 : Merged 6 instances.
SYN-2571 : Optimize after map_dsp, round 1, 6 better
SYN-2571 : Optimize after map_dsp, round 2
SYN-2571 : Optimize after map_dsp, round 2, 0 better
SYN-1001 : Throwback 5 control mux instances
SYN-2501 : Optimize round 1
SYN-1016 : Merged 701 instances.
SYN-2501 : Optimize round 1, 1612 better
SYN-2501 : Optimize round 2
SYN-2501 : Optimize round 2, 0 better
SYN-2501 : Map 16 macro adder
SYN-1016 : Merged 12 instances.
SYN-1032 : 2297/5 useful/useless nets, 2235/1 useful/useless insts
RUN-1002 : start command "start_timer -prepack"
TMR-2505 : Start building timing graph for model demo_1st_top.
TMR-2506 : Build timing graph completely. Port num: 24, tpin num: 6783, tnet num: 2297, tinst num: 2234, tnode num: 8208, tedge num: 9096.
TMR-2508 : Levelizing timing graph completed, there are 71 levels in total.
TMR-2501 : Timing graph initialized successfully.
TMR-2503 : Start to update net delay, extr mode = 2.
TMR-2504 : Update delay of 2297 nets completely.
TMR-2502 : Annotate delay completely, extr mode = 2.
TMR-3001 : Initiate 4 clocks from SDC.
TMR-3004 : Map sdc constraints, there are 0 constraints in total.
TMR-3003 : Constraints initiated successfully.
TMR-3501 : Forward propagation: start to calculate arrival time...
TMR-3502 : Backward propagation: start to calculate required time...
TMR-3503 : Timing propagation completes.
SYN-3001 : Running gate level optimization.
SYN-2581 : Mapping with K=5, #lut = 371 (3.76), #lev = 5 (2.66)
SYN-2551 : Post LUT mapping optimization.
SYN-2581 : Mapping with K=5, #lut = 371 (3.76), #lev = 5 (2.66)
SYN-3001 : Logic optimization runtime opt =   0.08 sec, map =   0.00 sec
SYN-3001 : Mapper mapped 1252 instances into 373 LUTs, name keeping = 68%.
RUN-1002 : start command "report_area -file demo_1st_gate.area"
RUN-1001 : standard
***Report Model: demo_1st_top Device: EG4X20BG256***

IO Statistics
#IO                        57
  #input                   29
  #output                   9
  #inout                   19

LUT Statistics
#Total_luts               642
  #lut4                   333
  #lut5                    40
  #lut6                     0
  #lut5_mx41                0
  #lut4_alu1b             269

Utilization Statistics
#lut                      642   out of  19600    3.28%
#reg                      282   out of  19600    1.44%
#le                         0
#dsp                        0   out of     29    0.00%
#bram                       0   out of     64    0.00%
  #bram9k                   0
  #fifo9k                   0
#bram32k                    0   out of     16    0.00%
#pad                       57   out of    188   30.32%
  #ireg                     1
  #oreg                     6
  #treg                    19
#pll                        1   out of      4   25.00%

Report Hierarchy Area:
+-----------------------------------------------------------------------------------------+
|Instance               |Module              |lut     |ripple  |seq     |bram    |dsp     |
+-----------------------------------------------------------------------------------------+
|top                    |demo_1st_top        |373     |269     |308     |0       |0       |
|  u1_pll               |my_pll              |1       |0       |0       |0       |0       |
|  u2_op                |emif_signal_op      |7       |0       |5       |0       |0       |
|  u3_setio             |emif_setio          |11      |0       |8       |0       |0       |
|  u7_encoder           |encoder_control     |304     |240     |237     |0       |0       |
|    u13_sin            |sin_control         |45      |9       |13      |0       |0       |
|      u21_sample       |ads8350_sample      |45      |9       |13      |0       |0       |
|    u14_tawa           |tawa_control        |0       |0       |0       |0       |0       |
|      u31_uart_control |uart_control        |0       |0       |0       |0       |0       |
|      u33_uart_send    |uart_send           |0       |0       |0       |0       |0       |
|      u34_crc          |crc_calc            |0       |0       |0       |0       |0       |
|    u15_endat          |endat_control       |246     |214     |205     |0       |0       |
|      u41_control      |endat_contol_sample |246     |214     |205     |0       |0       |
|  u8_led               |led                 |50      |29      |32      |0       |0       |
+-----------------------------------------------------------------------------------------+

SYN-1001 : Packing model "demo_1st_top" ...
SYN-4010 : Pack lib has 58 rtl pack models with 25 top pack blocks
SYN-1014 : Optimize round 1
SYN-1015 : Optimize round 1, 0 better
SYN-4002 : Packing 282 DFF/LATCH to SEQ ...
SYN-4009 : Pack 5 carry chain into lslice
SYN-4007 : Packing 108 adder to BLE ...
SYN-4008 : Packed 108 adder and 12 SEQ to BLE.
SYN-4007 : Packing 0 gate4 to BLE ...
SYN-4008 : Packed 0 gate4 and 0 SEQ to BLE.
SYN-4012 : Packed 0 FxMUX
RUN-1002 : start command "legalize_phy_inst"
SYN-1011 : Flatten model demo_1st_top
RUN-1002 : start command "export_db demo_1st_gate.db"
RUN-1001 : Exported /
RUN-1001 : Exported flow parameters
RUN-1001 : Exported libs
RUN-1001 : Exported entities
RUN-1001 : Exported ports
RUN-1001 : Exported pins
RUN-1001 : Exported instances
RUN-1001 : Exported nets
RUN-1001 : Exported buses
RUN-1001 : Exported models
RUN-1001 : Exported congestions
RUN-1001 : Exported violations
RUN-1001 : Exported timing constraints
RUN-1001 : Exported IO constraints
RUN-1001 : Exported Inst constraints
RUN-1002 : start command "backup_run_log run.log ../.logs/syn_1/td_20241219_164025.log"
