============================================================
   Tang Dynasty, V5.6.71036
      Copyright (c) 2012-2023 Anlogic Inc.
   Executable = D:/Chang/software/TD/bin/td.exe
   Built at =   20:34:38 Mar 21 2023
   Run by =     Admin
   Run Date =   Thu Dec 19 16:40:19 2024

   Run on =     DZ-CHANGRENWEI
============================================================
RUN-1002 : start command "open_project demo_1st.prj"
RUN-1001 : Print Global Property
RUN-1001 : ---------------------------------------------------------------
RUN-1001 :        Parameters        |  Settings  |  Default Values  |  Note  
RUN-1001 : ---------------------------------------------------------------
RUN-1001 :          message         |  standard  |     standard     |        
RUN-1001 :   mixed_pack_place_flow  |     on     |        on        |        
RUN-1001 :        qor_monitor       |    off     |       off        |        
RUN-1001 :        syn_ip_flow       |    off     |       off        |        
RUN-1001 :          thread          |    auto    |       auto       |        
RUN-1001 : ---------------------------------------------------------------
RUN-1001 : Print Design Property
RUN-1001 : --------------------------------------------------------------
RUN-1001 :        Parameters       |  Settings  |  Default Values  |  Note  
RUN-1001 : --------------------------------------------------------------
RUN-1001 :   default_reg_initial   |    auto    |       auto       |        
RUN-1001 :        infer_add        |     on     |        on        |        
RUN-1001 :        infer_fsm        |    off     |       off        |        
RUN-1001 :        infer_mult       |     on     |        on        |        
RUN-1001 :        infer_ram        |     on     |        on        |        
RUN-1001 :        infer_reg        |     on     |        on        |        
RUN-1001 :   infer_reg_init_value  |     on     |        on        |        
RUN-1001 :        infer_rom        |     on     |        on        |        
RUN-1001 :      infer_shifter      |     on     |        on        |        
RUN-1001 : --------------------------------------------------------------
RUN-1001 : Print Rtl Property
RUN-1001 : --------------------------------------------------------------
RUN-1001 :        Parameters       |  Settings  |  Default Values  |  Note  
RUN-1001 : --------------------------------------------------------------
RUN-1001 :       compress_add      |   ripple   |      ripple      |        
RUN-1001 :        elf_sload        |    off     |       off        |        
RUN-1001 :       fix_undriven      |     0      |        0         |        
RUN-1001 :         flatten         |    off     |       off        |        
RUN-1001 :       gate_sharing      |     on     |        on        |        
RUN-1001 :    hdl_warning_level    |   normal   |      normal      |        
RUN-1001 :   impl_internal_tribuf  |     on     |        on        |        
RUN-1001 :      impl_set_reset     |     on     |        on        |        
RUN-1001 :        infer_gsr        |    off     |       off        |        
RUN-1001 :      keep_hierarchy     |    auto    |       auto       |        
RUN-1001 :        max_fanout       |    9999    |       9999       |        
RUN-1001 :      max_oh2bin_len     |     10     |        10        |        
RUN-1001 :       merge_equal       |     on     |        on        |        
RUN-1001 :       merge_equiv       |     on     |        on        |        
RUN-1001 :        merge_mux        |    off     |       off        |        
RUN-1001 :     min_control_set     |     8      |        8         |        
RUN-1001 :      min_ripple_len     |    auto    |       auto       |        
RUN-1001 :       oh2bin_ratio      |    0.08    |       0.08       |        
RUN-1001 :     opt_adder_fanout    |     on     |        on        |        
RUN-1001 :        opt_arith        |     on     |        on        |        
RUN-1001 :       opt_big_gate      |    off     |       off        |        
RUN-1001 :        opt_const        |     on     |        on        |        
RUN-1001 :      opt_const_mult     |     on     |        on        |        
RUN-1001 :       opt_lessthan      |     on     |        on        |        
RUN-1001 :         opt_mux         |    off     |       off        |        
RUN-1001 :         opt_ram         |    high    |       high       |        
RUN-1001 :      rtl_sim_model      |    off     |       off        |        
RUN-1001 :         seq_syn         |     on     |        on        |        
RUN-1001 : --------------------------------------------------------------
HDL-1007 : analyze verilog file ../../01_src/03_ip/my_pll.v
HDL-1007 : undeclared symbol 'open', assumed default net type 'wire' in ../../01_src/03_ip/my_pll.v(92)
HDL-1007 : analyze verilog file ../../01_src/01_rtl/demo_1st_top.v
HDL-1007 : undeclared symbol 'clk_400M', assumed default net type 'wire' in ../../01_src/01_rtl/demo_1st_top.v(101)
HDL-1007 : undeclared symbol 'clk_200M', assumed default net type 'wire' in ../../01_src/01_rtl/demo_1st_top.v(102)
HDL-1007 : undeclared symbol 'clk_100M', assumed default net type 'wire' in ../../01_src/01_rtl/demo_1st_top.v(103)
HDL-1007 : undeclared symbol 'clk_5M', assumed default net type 'wire' in ../../01_src/01_rtl/demo_1st_top.v(104)
HDL-1007 : undeclared symbol 'we_logic', assumed default net type 'wire' in ../../01_src/01_rtl/demo_1st_top.v(176)
HDL-1007 : undeclared symbol 'emif_data_in', assumed default net type 'wire' in ../../01_src/01_rtl/demo_1st_top.v(178)
HDL-1007 : analyze verilog file ../../01_src/01_rtl/emif_signal_op.v
HDL-1007 : analyze verilog file ../../01_src/01_rtl/emif_setio.v
HDL-1007 : analyze verilog file ../../01_src/01_rtl/led.v
HDL-1007 : analyze verilog file ../../01_src/01_rtl/emif_control.v
HDL-1007 : analyze verilog file ../../01_src/01_rtl/emif_read.v
HDL-1007 : analyze verilog file ../../01_src/01_rtl/emif_write.v
HDL-1007 : analyze verilog file ../../01_src/01_rtl/encoder_control.v
HDL-1007 : undeclared symbol 'biss_clk', assumed default net type 'wire' in ../../01_src/01_rtl/encoder_control.v(105)
HDL-1007 : undeclared symbol 'crc_data', assumed default net type 'wire' in ../../01_src/01_rtl/encoder_control.v(106)
HDL-1007 : undeclared symbol 'err_data', assumed default net type 'wire' in ../../01_src/01_rtl/encoder_control.v(107)
HDL-1007 : undeclared symbol 'crc_err', assumed default net type 'wire' in ../../01_src/01_rtl/encoder_control.v(108)
HDL-1007 : undeclared symbol 'biss_data', assumed default net type 'wire' in ../../01_src/01_rtl/encoder_control.v(109)
HDL-1007 : undeclared symbol 'ssi_clk', assumed default net type 'wire' in ../../01_src/01_rtl/encoder_control.v(122)
HDL-1007 : undeclared symbol 'ssi_data', assumed default net type 'wire' in ../../01_src/01_rtl/encoder_control.v(123)
HDL-1007 : undeclared symbol 'sincos_data', assumed default net type 'wire' in ../../01_src/01_rtl/encoder_control.v(139)
HDL-1007 : undeclared symbol 'tawa_a_out', assumed default net type 'wire' in ../../01_src/01_rtl/encoder_control.v(152)
HDL-1007 : undeclared symbol 'tawa_data_out', assumed default net type 'wire' in ../../01_src/01_rtl/encoder_control.v(153)
HDL-1007 : undeclared symbol 'tawa_data', assumed default net type 'wire' in ../../01_src/01_rtl/encoder_control.v(154)
HDL-1007 : undeclared symbol 'endat_clk', assumed default net type 'wire' in ../../01_src/01_rtl/encoder_control.v(167)
HDL-1007 : undeclared symbol 'endat_clk_en', assumed default net type 'wire' in ../../01_src/01_rtl/encoder_control.v(168)
HDL-1007 : undeclared symbol 'endat_data_en', assumed default net type 'wire' in ../../01_src/01_rtl/encoder_control.v(169)
HDL-1007 : undeclared symbol 'endat_data_out', assumed default net type 'wire' in ../../01_src/01_rtl/encoder_control.v(170)
HDL-1007 : undeclared symbol 'endat_data', assumed default net type 'wire' in ../../01_src/01_rtl/encoder_control.v(171)
HDL-1007 : analyze verilog file ../../01_src/01_rtl/four_sub.v
HDL-1007 : analyze verilog file ../../01_src/01_rtl/biss_control.v
HDL-1007 : analyze verilog file ../../01_src/01_rtl/ssi_control.v
HDL-1007 : undeclared symbol 'DATA2STOP_start', assumed default net type 'wire' in ../../01_src/01_rtl/ssi_control.v(66)
HDL-1007 : analyze verilog file ../../01_src/01_rtl/sin_control.v
HDL-1007 : analyze verilog file ../../01_src/01_rtl/ads8350_sample.v
HDL-1007 : analyze verilog file ../../01_src/01_rtl/fir.v
HDL-1007 : analyze verilog file ../../01_src/01_rtl/filter_verilog.v
HDL-1007 : analyze verilog file ../../01_src/01_rtl/tawa_control.v
HDL-1007 : undeclared symbol 'clk_100M', assumed default net type 'wire' in ../../01_src/01_rtl/tawa_control.v(51)
HDL-1007 : analyze verilog file ../../01_src/01_rtl/crc_calc.v
HDL-1007 : analyze verilog file ../../01_src/01_rtl/uart_control.v
HDL-1007 : analyze verilog file ../../01_src/01_rtl/uart_recv.v
HDL-1007 : analyze verilog file ../../01_src/01_rtl/uart_send.v
HDL-1007 : analyze verilog file ../../01_src/01_rtl/endat_contol.v
HDL-1007 : analyze verilog file ../../01_src/01_rtl/endat_control_smaple.v
RUN-1001 : Project manager successfully analyzed 23 source files.
RUN-1002 : start command "import_device eagle_20.db -package EG4X20BG256"
ARC-1001 : Device Initialization.
ARC-1001 : ------------------------------------------------------------------
ARC-1001 :            OPTION            |          IO          |   SETTING   
ARC-1001 : ------------------------------------------------------------------
ARC-1001 :   cso_b/cclk/mosi/miso/dout  |  T3/R11/T10/P10/M14  |    gpio    
ARC-1001 :             done             |         P13          |    gpio    
ARC-1001 :           program_b          |          T2          |  dedicate  
ARC-1001 :        tdi/tms/tck/tdo       |   C12/A15/C14/E14    |  dedicate  
ARC-1001 : ------------------------------------------------------------------
ARC-1004 : Device setting, marked 5 dedicate IOs in total.
RUN-1002 : start command "import_db demo_1st_elaborate.db"
RUN-1001 : Importing database generated by Tang Dynasty, V5.6.71036.
RUN-1001 : Database version number 46146.
RUN-1001 : Import flow parameters
RUN-1001 : Import IO constraints
RUN-1001 : Import Inst constraints
RUN-1001 : Import design success TD_VERSION=5.6.71036 , DB_VERSION=46146
RUN-1002 : start command "read_adc ../../01_src/04_pin/demo_1st.adc"
RUN-1002 : start command "set_pin_assignment  a_out_able   LOCATION = B6; IOSTANDARD = LVCMOS25; DRIVESTRENGTH = 8; PULLTYPE = NONE; "
RUN-1002 : start command "set_pin_assignment  b_out_able   LOCATION = B3; IOSTANDARD = LVCMOS25; DRIVESTRENGTH = 8; PULLTYPE = NONE; "
RUN-1002 : start command "set_pin_assignment  emif_addr_in[0]   LOCATION = D14; IOSTANDARD = LVCMOS25; PULLTYPE = PULLUP; "
RUN-1002 : start command "set_pin_assignment  emif_addr_in[10]   LOCATION = C16; IOSTANDARD = LVCMOS25; PULLTYPE = PULLUP; "
RUN-1002 : start command "set_pin_assignment  emif_addr_in[11]   LOCATION = C15; IOSTANDARD = LVCMOS25; PULLTYPE = PULLUP; "
RUN-1002 : start command "set_pin_assignment  emif_addr_in[12]   LOCATION = D16; IOSTANDARD = LVCMOS25; PULLTYPE = PULLUP; "
RUN-1002 : start command "set_pin_assignment  emif_addr_in[1]   LOCATION = A14; IOSTANDARD = LVCMOS25; PULLTYPE = PULLUP; "
RUN-1002 : start command "set_pin_assignment  emif_addr_in[2]   LOCATION = B15; IOSTANDARD = LVCMOS25; PULLTYPE = PULLUP; "
RUN-1002 : start command "set_pin_assignment  emif_addr_in[3]   LOCATION = B16; IOSTANDARD = LVCMOS25; PULLTYPE = PULLUP; "
RUN-1002 : start command "set_pin_assignment  emif_addr_in[4]   LOCATION = E15; IOSTANDARD = LVCMOS25; PULLTYPE = PULLUP; "
RUN-1002 : start command "set_pin_assignment  emif_addr_in[5]   LOCATION = E16; IOSTANDARD = LVCMOS25; PULLTYPE = PULLUP; "
RUN-1002 : start command "set_pin_assignment  emif_addr_in[6]   LOCATION = K15; IOSTANDARD = LVCMOS25; PULLTYPE = PULLUP; "
RUN-1002 : start command "set_pin_assignment  emif_addr_in[7]   LOCATION = L16; IOSTANDARD = LVCMOS25; PULLTYPE = PULLUP; "
RUN-1002 : start command "set_pin_assignment  emif_addr_in[8]   LOCATION = F14; IOSTANDARD = LVCMOS25; PULLTYPE = PULLUP; "
RUN-1002 : start command "set_pin_assignment  emif_addr_in[9]   LOCATION = F13; IOSTANDARD = LVCMOS25; PULLTYPE = PULLUP; "
RUN-1002 : start command "set_pin_assignment  emif_cas_in   LOCATION = N12; IOSTANDARD = LVCMOS25; PULLTYPE = PULLUP; "
RUN-1002 : start command "set_pin_assignment  emif_ce_in   LOCATION = C13; IOSTANDARD = LVCMOS25; PULLTYPE = PULLUP; "
RUN-1002 : start command "set_pin_assignment  emif_cke_in   LOCATION = A13; IOSTANDARD = LVCMOS25; PULLTYPE = PULLUP; "
RUN-1002 : start command "set_pin_assignment  emif_clk_in   LOCATION = E13; IOSTANDARD = LVCMOS25; PULLTYPE = PULLUP; "
RUN-1002 : start command "set_pin_assignment  emif_data[0]   LOCATION = T13; IOSTANDARD = LVCMOS25; DRIVESTRENGTH = 8; PULLTYPE = PULLUP; "
RUN-1002 : start command "set_pin_assignment  emif_data[10]   LOCATION = M16; IOSTANDARD = LVCMOS25; DRIVESTRENGTH = 8; PULLTYPE = PULLUP; "
RUN-1002 : start command "set_pin_assignment  emif_data[11]   LOCATION = R16; IOSTANDARD = LVCMOS25; DRIVESTRENGTH = 8; PULLTYPE = PULLUP; "
RUN-1002 : start command "set_pin_assignment  emif_data[12]   LOCATION = P15; IOSTANDARD = LVCMOS25; DRIVESTRENGTH = 8; PULLTYPE = PULLUP; "
RUN-1002 : start command "set_pin_assignment  emif_data[13]   LOCATION = N16; IOSTANDARD = LVCMOS25; DRIVESTRENGTH = 8; PULLTYPE = PULLUP; "
RUN-1002 : start command "set_pin_assignment  emif_data[14]   LOCATION = P16; IOSTANDARD = LVCMOS25; DRIVESTRENGTH = 8; PULLTYPE = PULLUP; "
RUN-1002 : start command "set_pin_assignment  emif_data[15]   LOCATION = M15; IOSTANDARD = LVCMOS25; DRIVESTRENGTH = 8; PULLTYPE = PULLUP; "
RUN-1002 : start command "set_pin_assignment  emif_data[1]   LOCATION = M13; IOSTANDARD = LVCMOS25; DRIVESTRENGTH = 8; PULLTYPE = PULLUP; "
RUN-1002 : start command "set_pin_assignment  emif_data[2]   LOCATION = R14; IOSTANDARD = LVCMOS25; DRIVESTRENGTH = 8; PULLTYPE = PULLUP; "
RUN-1002 : start command "set_pin_assignment  emif_data[3]   LOCATION = T14; IOSTANDARD = LVCMOS25; DRIVESTRENGTH = 8; PULLTYPE = PULLUP; "
RUN-1002 : start command "set_pin_assignment  emif_data[4]   LOCATION = L14; IOSTANDARD = LVCMOS25; DRIVESTRENGTH = 8; PULLTYPE = PULLUP; "
RUN-1002 : start command "set_pin_assignment  emif_data[5]   LOCATION = M14; IOSTANDARD = LVCMOS25; DRIVESTRENGTH = 8; PULLTYPE = PULLUP; "
RUN-1002 : start command "set_pin_assignment  emif_data[6]   LOCATION = R15; IOSTANDARD = LVCMOS25; DRIVESTRENGTH = 8; PULLTYPE = PULLUP; "
RUN-1002 : start command "set_pin_assignment  emif_data[7]   LOCATION = T15; IOSTANDARD = LVCMOS25; DRIVESTRENGTH = 8; PULLTYPE = PULLUP; "
RUN-1002 : start command "set_pin_assignment  emif_data[8]   LOCATION = L13; IOSTANDARD = LVCMOS25; DRIVESTRENGTH = 8; PULLTYPE = PULLUP; "
RUN-1002 : start command "set_pin_assignment  emif_data[9]   LOCATION = K14; IOSTANDARD = LVCMOS25; DRIVESTRENGTH = 8; PULLTYPE = PULLUP; "
RUN-1002 : start command "set_pin_assignment  emif_dqm0_in   LOCATION = P11; IOSTANDARD = LVCMOS25; PULLTYPE = PULLUP; "
RUN-1002 : start command "set_pin_assignment  emif_dqm1_in   LOCATION = P12; IOSTANDARD = LVCMOS25; PULLTYPE = PULLUP; "
RUN-1002 : start command "set_pin_assignment  emif_ras_in   LOCATION = N14; IOSTANDARD = LVCMOS25; PULLTYPE = PULLUP; "
RUN-1002 : start command "set_pin_assignment  emif_we_in   LOCATION = C11; IOSTANDARD = LVCMOS25; PULLTYPE = PULLUP; "
RUN-1002 : start command "set_pin_assignment  encoder_a   LOCATION = F7; IOSTANDARD = LVCMOS25; DRIVESTRENGTH = 8; PULLTYPE = PULLUP; "
RUN-1002 : start command "set_pin_assignment  encoder_b   LOCATION = E6; IOSTANDARD = LVCMOS25; DRIVESTRENGTH = 8; PULLTYPE = PULLUP; "
RUN-1002 : start command "set_pin_assignment  encoder_z   LOCATION = C7; IOSTANDARD = LVCMOS25; DRIVESTRENGTH = 8; PULLTYPE = PULLUP; "
RUN-1002 : start command "set_pin_assignment  key_in[0]   LOCATION = M3; IOSTANDARD = LVCMOS25; PULLTYPE = PULLUP; "
RUN-1002 : start command "set_pin_assignment  key_in[1]   LOCATION = M4; IOSTANDARD = LVCMOS25; PULLTYPE = PULLUP; "
RUN-1002 : start command "set_pin_assignment  key_in[2]   LOCATION = B1; IOSTANDARD = LVCMOS25; PULLTYPE = PULLUP; "
RUN-1002 : start command "set_pin_assignment  key_in[3]   LOCATION = B2; IOSTANDARD = LVCMOS25; PULLTYPE = PULLUP; "
RUN-1002 : start command "set_pin_assignment  led_out[0]   LOCATION = A8; IOSTANDARD = LVCMOS25; DRIVESTRENGTH = 8; PULLTYPE = NONE; "
RUN-1002 : start command "set_pin_assignment  led_out[1]   LOCATION = A9; IOSTANDARD = LVCMOS25; DRIVESTRENGTH = 8; PULLTYPE = NONE; "
RUN-1002 : start command "set_pin_assignment  led_out[2]   LOCATION = A10; IOSTANDARD = LVCMOS25; DRIVESTRENGTH = 8; PULLTYPE = NONE; "
RUN-1002 : start command "set_pin_assignment  led_out[3]   LOCATION = A11; IOSTANDARD = LVCMOS25; DRIVESTRENGTH = 8; PULLTYPE = NONE; "
RUN-1002 : start command "set_pin_assignment  sdo_a   LOCATION = B5; IOSTANDARD = LVCMOS25; PULLTYPE = PULLUP; "
RUN-1002 : start command "set_pin_assignment  sdo_b   LOCATION = A5; IOSTANDARD = LVCMOS25; PULLTYPE = PULLUP; "
RUN-1002 : start command "set_pin_assignment  sincos_clk   LOCATION = A4; IOSTANDARD = LVCMOS25; DRIVESTRENGTH = 8; PULLTYPE = NONE; "
RUN-1002 : start command "set_pin_assignment  sincos_cs_n   LOCATION = C4; IOSTANDARD = LVCMOS25; DRIVESTRENGTH = 8; PULLTYPE = NONE; "
RUN-1002 : start command "set_pin_assignment  sys_clk_in   LOCATION = J16; IOSTANDARD = LVCMOS25; PULLTYPE = PULLUP; "
RUN-1002 : start command "set_pin_assignment  sys_rst_n_in   LOCATION = A6; IOSTANDARD = LVCMOS25; PULLTYPE = PULLUP; "
RUN-1002 : start command "set_pin_assignment  z_out_able   LOCATION = A7; IOSTANDARD = LVCMOS25; DRIVESTRENGTH = 8; PULLTYPE = NONE; "
RUN-1001 : Starting of IO setups legality check.
RUN-1001 : Starting of IO setups legality check.
RUN-1001 : Starting of IO vref setups legality check.
RUN-1002 : start command "optimize_rtl"
RUN-1001 : Open license file D:/Chang/software/TD/license/Anlogic.lic
RUN-1001 : Print Global Property
RUN-1001 : ---------------------------------------------------------------
RUN-1001 :        Parameters        |  Settings  |  Default Values  |  Note  
RUN-1001 : ---------------------------------------------------------------
RUN-1001 :          message         |  standard  |     standard     |        
RUN-1001 :   mixed_pack_place_flow  |     on     |        on        |        
RUN-1001 :        qor_monitor       |    off     |       off        |        
RUN-1001 :        syn_ip_flow       |    off     |       off        |        
RUN-1001 :          thread          |    auto    |       auto       |        
RUN-1001 : ---------------------------------------------------------------
RUN-1001 : Print Rtl Property
RUN-1001 : --------------------------------------------------------------
RUN-1001 :        Parameters       |  Settings  |  Default Values  |  Note  
RUN-1001 : --------------------------------------------------------------
RUN-1001 :       compress_add      |   ripple   |      ripple      |        
RUN-1001 :        elf_sload        |    off     |       off        |        
RUN-1001 :       fix_undriven      |     0      |        0         |        
RUN-1001 :         flatten         |    off     |       off        |        
RUN-1001 :       gate_sharing      |     on     |        on        |        
RUN-1001 :    hdl_warning_level    |   normal   |      normal      |        
RUN-1001 :   impl_internal_tribuf  |     on     |        on        |        
RUN-1001 :      impl_set_reset     |     on     |        on        |        
RUN-1001 :        infer_gsr        |    off     |       off        |        
RUN-1001 :      keep_hierarchy     |    auto    |       auto       |        
RUN-1001 :        max_fanout       |    9999    |       9999       |        
RUN-1001 :      max_oh2bin_len     |     10     |        10        |        
RUN-1001 :       merge_equal       |     on     |        on        |        
RUN-1001 :       merge_equiv       |     on     |        on        |        
RUN-1001 :        merge_mux        |    off     |       off        |        
RUN-1001 :     min_control_set     |     8      |        8         |        
RUN-1001 :      min_ripple_len     |    auto    |       auto       |        
RUN-1001 :       oh2bin_ratio      |    0.08    |       0.08       |        
RUN-1001 :     opt_adder_fanout    |     on     |        on        |        
RUN-1001 :        opt_arith        |     on     |        on        |        
RUN-1001 :       opt_big_gate      |    off     |       off        |        
RUN-1001 :        opt_const        |     on     |        on        |        
RUN-1001 :      opt_const_mult     |     on     |        on        |        
RUN-1001 :       opt_lessthan      |     on     |        on        |        
RUN-1001 :         opt_mux         |    off     |       off        |        
RUN-1001 :         opt_ram         |    high    |       high       |        
RUN-1001 :      rtl_sim_model      |    off     |       off        |        
RUN-1001 :         seq_syn         |     on     |        on        |        
RUN-1001 : --------------------------------------------------------------
SYN-1012 : SanityCheck: Model "demo_1st_top"
SYN-1012 : SanityCheck: Model "my_pll"
SYN-1012 : SanityCheck: Model "emif_signal_op"
SYN-1012 : SanityCheck: Model "emif_setio"
SYN-1012 : SanityCheck: Model "emif_control"
SYN-1012 : SanityCheck: Model "emif_read"
SYN-1012 : SanityCheck: Model "emif_write"
SYN-1012 : SanityCheck: Model "encoder_control"
SYN-1012 : SanityCheck: Model "four_sub"
SYN-1012 : SanityCheck: Model "biss_control"
SYN-1012 : SanityCheck: Model "ssi_control"
SYN-1012 : SanityCheck: Model "sin_control"
SYN-1012 : SanityCheck: Model "ads8350_sample"
SYN-1012 : SanityCheck: Model "fir"
SYN-1012 : SanityCheck: Model "filter_verilog"
SYN-1012 : SanityCheck: Model "tawa_control"
SYN-1012 : SanityCheck: Model "uart_control"
SYN-1012 : SanityCheck: Model "uart_recv"
SYN-1012 : SanityCheck: Model "uart_send"
SYN-1012 : SanityCheck: Model "crc_calc"
SYN-1012 : SanityCheck: Model "endat_control"
SYN-1012 : SanityCheck: Model "endat_contol_sample"
SYN-1012 : SanityCheck: Model "led"
SYN-1043 : Mark my_pll as IO macro for instance bufg_feedback
SYN-1011 : Flatten model demo_1st_top
SYN-1032 : 12937/11283 useful/useless nets, 6387/4923 useful/useless insts
SYN-1016 : Merged 2015 instances.
SYN-1032 : 8289/3107 useful/useless nets, 1925/444 useful/useless insts
SYN-1016 : Merged 1266 instances.
SYN-5013 WARNING: Undriven net: model "demo_1st_top" / net "we_logic" in ../../01_src/01_rtl/demo_1st_top.v(176)
SYN-5014 WARNING: the net's pin: pin "I" in ../../01_src/01_rtl/demo_1st_top.v(176)
SYN-5014 WARNING: the net's pin: pin "sel" in ../../01_src/01_rtl/emif_write.v(41)
SYN-5014 WARNING: the net's pin: pin "sel" in ../../01_src/01_rtl/emif_write.v(41)
SYN-5014 WARNING: the net's pin: pin "sel" in ../../01_src/01_rtl/emif_write.v(41)
SYN-5014 WARNING: the net's pin: pin "sel" in ../../01_src/01_rtl/emif_write.v(41)
SYN-5014 WARNING: the net's pin: pin "sel" in ../../01_src/01_rtl/emif_write.v(41)
SYN-5014 WARNING: the net's pin: pin "sel" in ../../01_src/01_rtl/emif_write.v(41)
SYN-5014 WARNING: the net's pin: pin "sel" in ../../01_src/01_rtl/emif_write.v(41)
SYN-5014 WARNING: the net's pin: pin "sel" in ../../01_src/01_rtl/emif_write.v(41)
SYN-5014 WARNING: the net's pin: pin "sel" in ../../01_src/01_rtl/emif_write.v(41)
SYN-5014 Similar messages will be suppressed.
SYN-5013 WARNING: Undriven net: model "demo_1st_top" / net "u5_emif_read/data_in[0]" in ../../01_src/01_rtl/emif_read.v(25)
SYN-5014 WARNING: the net's pin: pin "i1" in ../../01_src/01_rtl/emif_read.v(54)
SYN-5013 WARNING: Undriven net: model "demo_1st_top" / net "u7_encoder/abz_data[20]" in ../../01_src/01_rtl/encoder_control.v(46)
SYN-5014 WARNING: the net's pin: pin "i0" in ../../01_src/01_rtl/encoder_control.v(209)
SYN-5013 WARNING: Undriven net: model "demo_1st_top" / net "u7_encoder/u14_tawa/u31_uart_control/clk" in ../../01_src/01_rtl/uart_control.v(20)
SYN-5014 WARNING: the net's pin: pin "clk" in ../../01_src/01_rtl/uart_control.v(100)
SYN-5014 WARNING: the net's pin: pin "clk" in ../../01_src/01_rtl/crc_calc.v(20)
SYN-5014 WARNING: the net's pin: pin "clk" in ../../01_src/01_rtl/uart_control.v(142)
SYN-5014 WARNING: the net's pin: pin "clk" in ../../01_src/01_rtl/uart_control.v(142)
SYN-5014 WARNING: the net's pin: pin "clk" in ../../01_src/01_rtl/uart_control.v(142)
SYN-5014 WARNING: the net's pin: pin "clk" in ../../01_src/01_rtl/uart_control.v(142)
SYN-5014 WARNING: the net's pin: pin "clk" in ../../01_src/01_rtl/uart_control.v(142)
SYN-5014 WARNING: the net's pin: pin "clk" in ../../01_src/01_rtl/uart_control.v(142)
SYN-5014 WARNING: the net's pin: pin "clk" in ../../01_src/01_rtl/uart_control.v(142)
SYN-5014 WARNING: the net's pin: pin "clk" in ../../01_src/01_rtl/uart_control.v(142)
SYN-5014 Similar messages will be suppressed.
SYN-5025 WARNING: Using 0 for all undriven pins and nets
SYN-1032 : 7276/555 useful/useless nets, 4948/1369 useful/useless insts
SYN-1014 : Optimize round 1
SYN-1032 : 6424/852 useful/useless nets, 4948/0 useful/useless insts
SYN-1017 : Remove 3 const input seq instances
SYN-1002 :     u7_encoder/u14_tawa/u31_uart_control/reg3_syn_2
SYN-1002 :     u7_encoder/u14_tawa/u31_uart_control/reg3_syn_3
SYN-1002 :     u7_encoder/u15_endat/u41_control/reg9_syn_5
SYN-1019 : Optimized 18 mux instances.
SYN-1021 : Optimized 103 onehot mux instances.
SYN-1020 : Optimized 339 distributor mux.
SYN-1001 : Optimize 5 less-than instances
SYN-1019 : Optimized 10 mux instances.
SYN-1016 : Merged 1346 instances.
SYN-1015 : Optimize round 1, 4918 better
SYN-1014 : Optimize round 2
SYN-1044 : Optimized 4 inv instances.
SYN-1032 : 2154/3160 useful/useless nets, 2003/2659 useful/useless insts
SYN-1017 : Remove 6 const input seq instances
SYN-1002 :     u5_emif_read/reg2_syn_10
SYN-1002 :     u7_encoder/data_z_out_reg_reg
SYN-1002 :     u7_encoder/z_out_reg_reg
SYN-1002 :     u5_emif_read/reg3_syn_50
SYN-1002 :     encoder_z_reg_reg
SYN-1002 :     u5_emif_read/reg1_syn_2
SYN-1019 : Optimized 7 mux instances.
SYN-1016 : Merged 7 instances.
SYN-1015 : Optimize round 2, 5734 better
SYN-1032 : 1647/481 useful/useless nets, 1563/415 useful/useless insts
SYN-3003 : Optimized 1 equivalent DFF(s)
SYN-3004 : Optimized 1 const0 DFF(s)
SYN-3004 : Optimized 1 const0 DFF(s)
SYN-3004 : Optimized 5 const0 DFF(s)
SYN-3004 : Optimized 17 const0 DFF(s)
SYN-1032 : 1577/70 useful/useless nets, 1515/23 useful/useless insts
SYN-1014 : Optimize round 1
SYN-1017 : Remove 1 const input seq instances
SYN-1002 :     encoder_a_reg_reg_syn_2
SYN-1016 : Merged 1 instances.
SYN-1015 : Optimize round 1, 15 better
SYN-1014 : Optimize round 2
SYN-1015 : Optimize round 2, 0 better
RUN-1003 : finish command "optimize_rtl" in  2.865057s wall, 1.859375s user + 1.000000s system = 2.859375s CPU (99.8%)

RUN-1004 : used memory is 157 MB, reserved memory is 132 MB, peak memory is 163 MB
RUN-1002 : start command "report_area -file demo_1st_rtl.area"
RUN-1001 : standard
***Report Model: demo_1st_top Device: EG4X20BG256***

IO Statistics
#IO                        57
  #input                   29
  #output                   9
  #inout                   19

Gate Statistics
#Basic gates              774
  #and                    163
  #nand                     0
  #or                     163
  #nor                      0
  #xor                      1
  #xnor                     0
  #buf                      0
  #not                     36
  #bufif1                  19
  #MX21                   106
  #FADD                     0
  #DFF                    286
  #LATCH                    0
#MACRO_ADD                 16
#MACRO_EQ                  99
#MACRO_MUX                244
#MACRO_OTHERS               1

Report Hierarchy Area:
+--------------------------------------------------------------------+
|Instance               |Module              |gates  |seq    |macros |
+--------------------------------------------------------------------+
|top                    |demo_1st_top        |488    |286    |116    |
|  u1_pll               |my_pll              |0      |0      |1      |
|  u2_op                |emif_signal_op      |3      |5      |3      |
|  u3_setio             |emif_setio          |6      |9      |3      |
|  u7_encoder           |encoder_control     |445    |238    |104    |
|    u13_sin            |sin_control         |153    |14     |67     |
|      u21_sample       |ads8350_sample      |153    |14     |67     |
|    u14_tawa           |tawa_control        |0      |0      |0      |
|      u31_uart_control |uart_control        |0      |0      |0      |
|      u33_uart_send    |uart_send           |0      |0      |0      |
|      u34_crc          |crc_calc            |0      |0      |0      |
|    u15_endat          |endat_control       |292    |205    |35     |
|      u41_control      |endat_contol_sample |292    |205    |35     |
|  u8_led               |led                 |13     |32     |5      |
+--------------------------------------------------------------------+

RUN-1002 : start command "export_db demo_1st_rtl.db"
RUN-1001 : Exported /
RUN-1001 : Exported flow parameters
RUN-1001 : Exported libs
RUN-1001 : Exported entities
RUN-1001 : Exported ports
RUN-1001 : Exported pins
RUN-1001 : Exported instances
RUN-1001 : Exported nets
RUN-1001 : Exported buses
RUN-1001 : Exported models
RUN-1001 : Exported congestions
RUN-1001 : Exported violations
RUN-1001 : Exported IO constraints
RUN-1001 : Exported Inst constraints
RUN-1002 : start command "backup_run_log run.log ../.logs/syn_1/td_20241219_164018.log"
