============================================================
   Tang Dynasty, V5.6.71036
      Copyright (c) 2012-2023 Anlogic Inc.
   Executable = D:/Chang/software/TD/bin/td.exe
   Built at =   20:34:38 Mar 21 2023
   Run by =     Admin
   Run Date =   Wed Dec 18 11:02:12 2024

   Run on =     DZ-CHANGRENWEI
============================================================
RUN-1002 : start command "open_project demo_1st.prj"
RUN-1001 : Print Global Property
RUN-1001 : ---------------------------------------------------------------
RUN-1001 :        Parameters        |  Settings  |  Default Values  |  Note  
RUN-1001 : ---------------------------------------------------------------
RUN-1001 :          message         |  standard  |     standard     |        
RUN-1001 :   mixed_pack_place_flow  |     on     |        on        |        
RUN-1001 :        qor_monitor       |    off     |       off        |        
RUN-1001 :        syn_ip_flow       |    off     |       off        |        
RUN-1001 :          thread          |    auto    |       auto       |        
RUN-1001 : ---------------------------------------------------------------
RUN-1001 : Print Design Property
RUN-1001 : --------------------------------------------------------------
RUN-1001 :        Parameters       |  Settings  |  Default Values  |  Note  
RUN-1001 : --------------------------------------------------------------
RUN-1001 :   default_reg_initial   |    auto    |       auto       |        
RUN-1001 :        infer_add        |     on     |        on        |        
RUN-1001 :        infer_fsm        |    off     |       off        |        
RUN-1001 :        infer_mult       |     on     |        on        |        
RUN-1001 :        infer_ram        |     on     |        on        |        
RUN-1001 :        infer_reg        |     on     |        on        |        
RUN-1001 :   infer_reg_init_value  |     on     |        on        |        
RUN-1001 :        infer_rom        |     on     |        on        |        
RUN-1001 :      infer_shifter      |     on     |        on        |        
RUN-1001 : --------------------------------------------------------------
RUN-1001 : Print Rtl Property
RUN-1001 : --------------------------------------------------------------
RUN-1001 :        Parameters       |  Settings  |  Default Values  |  Note  
RUN-1001 : --------------------------------------------------------------
RUN-1001 :       compress_add      |   ripple   |      ripple      |        
RUN-1001 :        elf_sload        |    off     |       off        |        
RUN-1001 :       fix_undriven      |     0      |        0         |        
RUN-1001 :         flatten         |    off     |       off        |        
RUN-1001 :       gate_sharing      |     on     |        on        |        
RUN-1001 :    hdl_warning_level    |   normal   |      normal      |        
RUN-1001 :   impl_internal_tribuf  |     on     |        on        |        
RUN-1001 :      impl_set_reset     |     on     |        on        |        
RUN-1001 :        infer_gsr        |    off     |       off        |        
RUN-1001 :      keep_hierarchy     |    auto    |       auto       |        
RUN-1001 :        max_fanout       |    9999    |       9999       |        
RUN-1001 :      max_oh2bin_len     |     10     |        10        |        
RUN-1001 :       merge_equal       |     on     |        on        |        
RUN-1001 :       merge_equiv       |     on     |        on        |        
RUN-1001 :        merge_mux        |    off     |       off        |        
RUN-1001 :     min_control_set     |     8      |        8         |        
RUN-1001 :      min_ripple_len     |    auto    |       auto       |        
RUN-1001 :       oh2bin_ratio      |    0.08    |       0.08       |        
RUN-1001 :     opt_adder_fanout    |     on     |        on        |        
RUN-1001 :        opt_arith        |     on     |        on        |        
RUN-1001 :       opt_big_gate      |    off     |       off        |        
RUN-1001 :        opt_const        |     on     |        on        |        
RUN-1001 :      opt_const_mult     |     on     |        on        |        
RUN-1001 :       opt_lessthan      |     on     |        on        |        
RUN-1001 :         opt_mux         |    off     |       off        |        
RUN-1001 :         opt_ram         |    high    |       high       |        
RUN-1001 :      rtl_sim_model      |    off     |       off        |        
RUN-1001 :         seq_syn         |     on     |        on        |        
RUN-1001 : --------------------------------------------------------------
HDL-1007 : analyze verilog file ../../01_src/03_ip/my_pll.v
HDL-1007 : undeclared symbol 'open', assumed default net type 'wire' in ../../01_src/03_ip/my_pll.v(92)
HDL-1007 : analyze verilog file ../../01_src/01_rtl/demo_1st_top.v
HDL-1007 : undeclared symbol 'clk_400M', assumed default net type 'wire' in ../../01_src/01_rtl/demo_1st_top.v(100)
HDL-1007 : undeclared symbol 'clk_200M', assumed default net type 'wire' in ../../01_src/01_rtl/demo_1st_top.v(101)
HDL-1007 : undeclared symbol 'clk_100M', assumed default net type 'wire' in ../../01_src/01_rtl/demo_1st_top.v(102)
HDL-1007 : undeclared symbol 'clk_5M', assumed default net type 'wire' in ../../01_src/01_rtl/demo_1st_top.v(103)
HDL-1007 : undeclared symbol 'we_logic', assumed default net type 'wire' in ../../01_src/01_rtl/demo_1st_top.v(175)
HDL-1007 : undeclared symbol 'emif_data_in', assumed default net type 'wire' in ../../01_src/01_rtl/demo_1st_top.v(177)
HDL-1007 : analyze verilog file ../../01_src/01_rtl/emif_signal_op.v
HDL-1007 : analyze verilog file ../../01_src/01_rtl/emif_setio.v
HDL-1007 : analyze verilog file ../../01_src/01_rtl/led.v
HDL-1007 : analyze verilog file ../../01_src/01_rtl/emif_control.v
HDL-1007 : analyze verilog file ../../01_src/01_rtl/emif_read.v
HDL-1007 : analyze verilog file ../../01_src/01_rtl/emif_write.v
HDL-1007 : analyze verilog file ../../01_src/01_rtl/encoder_control.v
HDL-1007 : undeclared symbol 'biss_clk', assumed default net type 'wire' in ../../01_src/01_rtl/encoder_control.v(71)
HDL-1007 : undeclared symbol 'crc_data', assumed default net type 'wire' in ../../01_src/01_rtl/encoder_control.v(73)
HDL-1007 : undeclared symbol 'err_data', assumed default net type 'wire' in ../../01_src/01_rtl/encoder_control.v(74)
HDL-1007 : undeclared symbol 'crc_err', assumed default net type 'wire' in ../../01_src/01_rtl/encoder_control.v(75)
HDL-1007 : undeclared symbol 'biss_data', assumed default net type 'wire' in ../../01_src/01_rtl/encoder_control.v(76)
HDL-1007 : undeclared symbol 'ssi_clk', assumed default net type 'wire' in ../../01_src/01_rtl/encoder_control.v(86)
HDL-1007 : undeclared symbol 'ssi_data', assumed default net type 'wire' in ../../01_src/01_rtl/encoder_control.v(87)
HDL-5007 WARNING: 'timer_100M' is not declared in ../../01_src/01_rtl/encoder_control.v(115)
HDL-5007 WARNING: 'timer_100M' is not declared in ../../01_src/01_rtl/encoder_control.v(117)
HDL-5007 WARNING: 'CNT_FREQ' is not declared in ../../01_src/01_rtl/encoder_control.v(117)
HDL-5007 WARNING: 'timer_100M' is not declared in ../../01_src/01_rtl/encoder_control.v(119)
HDL-5007 WARNING: 'timer_100M' is not declared in ../../01_src/01_rtl/encoder_control.v(123)
HDL-5007 WARNING: 'timer_100M' is not declared in ../../01_src/01_rtl/encoder_control.v(123)
HDL-5007 WARNING: 'sys_rst_n' is not declared in ../../01_src/01_rtl/encoder_control.v(130)
HDL-5007 WARNING: 'data_encoder_a_reg' is not declared in ../../01_src/01_rtl/encoder_control.v(132)
HDL-5007 WARNING: 'data_encoder_b_reg' is not declared in ../../01_src/01_rtl/encoder_control.v(133)
HDL-5007 WARNING: 'encoder_sw' is not declared in ../../01_src/01_rtl/encoder_control.v(135)
HDL-5007 Similar messages will be suppressed.
HDL-1007 : analyze verilog file ../../01_src/01_rtl/four_sub.v
HDL-1007 : analyze verilog file ../../01_src/01_rtl/biss_control.v
HDL-1007 : analyze verilog file ../../01_src/01_rtl/ssi_control.v
HDL-5007 WARNING: 'timer_100M' is not declared in ../../01_src/01_rtl/encoder_control.v(115)
HDL-5007 WARNING: 'timer_100M' is not declared in ../../01_src/01_rtl/encoder_control.v(117)
HDL-5007 WARNING: 'CNT_FREQ' is not declared in ../../01_src/01_rtl/encoder_control.v(117)
HDL-5007 WARNING: 'timer_100M' is not declared in ../../01_src/01_rtl/encoder_control.v(119)
HDL-5007 WARNING: 'timer_100M' is not declared in ../../01_src/01_rtl/encoder_control.v(123)
HDL-5007 WARNING: 'timer_100M' is not declared in ../../01_src/01_rtl/encoder_control.v(123)
HDL-5007 WARNING: 'sys_rst_n' is not declared in ../../01_src/01_rtl/encoder_control.v(130)
HDL-5007 WARNING: 'data_encoder_a_reg' is not declared in ../../01_src/01_rtl/encoder_control.v(132)
HDL-5007 WARNING: 'data_encoder_b_reg' is not declared in ../../01_src/01_rtl/encoder_control.v(133)
HDL-5007 WARNING: 'encoder_sw' is not declared in ../../01_src/01_rtl/encoder_control.v(135)
HDL-5007 Similar messages will be suppressed.
RUN-1001 : Project manager successfully analyzed 12 source files.
RUN-1002 : start command "import_device eagle_20.db -package EG4X20BG256"
ARC-1001 : Device Initialization.
ARC-1001 : ------------------------------------------------------------------
ARC-1001 :            OPTION            |          IO          |   SETTING   
ARC-1001 : ------------------------------------------------------------------
ARC-1001 :   cso_b/cclk/mosi/miso/dout  |  T3/R11/T10/P10/M14  |    gpio    
ARC-1001 :             done             |         P13          |    gpio    
ARC-1001 :           program_b          |          T2          |  dedicate  
ARC-1001 :        tdi/tms/tck/tdo       |   C12/A15/C14/E14    |  dedicate  
ARC-1001 : ------------------------------------------------------------------
ARC-1004 : Device setting, marked 5 dedicate IOs in total.
RUN-1002 : start command "elaborate -top demo_1st_top"
RUN-1001 : Print Design Property
RUN-1001 : --------------------------------------------------------------
RUN-1001 :        Parameters       |  Settings  |  Default Values  |  Note  
RUN-1001 : --------------------------------------------------------------
RUN-1001 :   default_reg_initial   |    auto    |       auto       |        
RUN-1001 :        infer_add        |     on     |        on        |        
RUN-1001 :        infer_fsm        |    off     |       off        |        
RUN-1001 :        infer_mult       |     on     |        on        |        
RUN-1001 :        infer_ram        |     on     |        on        |        
RUN-1001 :        infer_reg        |     on     |        on        |        
RUN-1001 :   infer_reg_init_value  |     on     |        on        |        
RUN-1001 :        infer_rom        |     on     |        on        |        
RUN-1001 :      infer_shifter      |     on     |        on        |        
RUN-1001 : --------------------------------------------------------------
RUN-1001 : Print Rtl Property
RUN-1001 : --------------------------------------------------------------
RUN-1001 :        Parameters       |  Settings  |  Default Values  |  Note  
RUN-1001 : --------------------------------------------------------------
RUN-1001 :       compress_add      |   ripple   |      ripple      |        
RUN-1001 :        elf_sload        |    off     |       off        |        
RUN-1001 :       fix_undriven      |     0      |        0         |        
RUN-1001 :         flatten         |    off     |       off        |        
RUN-1001 :       gate_sharing      |     on     |        on        |        
RUN-1001 :    hdl_warning_level    |   normal   |      normal      |        
RUN-1001 :   impl_internal_tribuf  |     on     |        on        |        
RUN-1001 :      impl_set_reset     |     on     |        on        |        
RUN-1001 :        infer_gsr        |    off     |       off        |        
RUN-1001 :      keep_hierarchy     |    auto    |       auto       |        
RUN-1001 :        max_fanout       |    9999    |       9999       |        
RUN-1001 :      max_oh2bin_len     |     10     |        10        |        
RUN-1001 :       merge_equal       |     on     |        on        |        
RUN-1001 :       merge_equiv       |     on     |        on        |        
RUN-1001 :        merge_mux        |    off     |       off        |        
RUN-1001 :     min_control_set     |     8      |        8         |        
RUN-1001 :      min_ripple_len     |    auto    |       auto       |        
RUN-1001 :       oh2bin_ratio      |    0.08    |       0.08       |        
RUN-1001 :     opt_adder_fanout    |     on     |        on        |        
RUN-1001 :        opt_arith        |     on     |        on        |        
RUN-1001 :       opt_big_gate      |    off     |       off        |        
RUN-1001 :        opt_const        |     on     |        on        |        
RUN-1001 :      opt_const_mult     |     on     |        on        |        
RUN-1001 :       opt_lessthan      |     on     |        on        |        
RUN-1001 :         opt_mux         |    off     |       off        |        
RUN-1001 :         opt_ram         |    high    |       high       |        
RUN-1001 :      rtl_sim_model      |    off     |       off        |        
RUN-1001 :         seq_syn         |     on     |        on        |        
RUN-1001 : --------------------------------------------------------------
RUN-1001 : Print Global Property
RUN-1001 : ---------------------------------------------------------------
RUN-1001 :        Parameters        |  Settings  |  Default Values  |  Note  
RUN-1001 : ---------------------------------------------------------------
RUN-1001 :          message         |  standard  |     standard     |        
RUN-1001 :   mixed_pack_place_flow  |     on     |        on        |        
RUN-1001 :        qor_monitor       |    off     |       off        |        
RUN-1001 :        syn_ip_flow       |    off     |       off        |        
RUN-1001 :          thread          |    auto    |       auto       |        
RUN-1001 : ---------------------------------------------------------------
RUN-1001 : Print Design Property
RUN-1001 : --------------------------------------------------------------
RUN-1001 :        Parameters       |  Settings  |  Default Values  |  Note  
RUN-1001 : --------------------------------------------------------------
RUN-1001 :   default_reg_initial   |    auto    |       auto       |        
RUN-1001 :        infer_add        |     on     |        on        |        
RUN-1001 :        infer_fsm        |    off     |       off        |        
RUN-1001 :        infer_mult       |     on     |        on        |        
RUN-1001 :        infer_ram        |     on     |        on        |        
RUN-1001 :        infer_reg        |     on     |        on        |        
RUN-1001 :   infer_reg_init_value  |     on     |        on        |        
RUN-1001 :        infer_rom        |     on     |        on        |        
RUN-1001 :      infer_shifter      |     on     |        on        |        
RUN-1001 : --------------------------------------------------------------
HDL-1007 : elaborate module demo_1st_top in ../../01_src/01_rtl/demo_1st_top.v(18)
HDL-1007 : elaborate module my_pll in ../../01_src/03_ip/my_pll.v(25)
HDL-1007 : elaborate module EG_LOGIC_BUFG in D:/Chang/software/TD/arch/eagle_macro.v(8)
HDL-1007 : elaborate module EG_PHY_PLL(FIN="50.000",FBCLK_DIV=8,CLKC1_DIV=2,CLKC2_DIV=4,CLKC3_DIV=80,CLKC0_ENABLE="ENABLE",CLKC1_ENABLE="ENABLE",CLKC2_ENABLE="ENABLE",CLKC3_ENABLE="ENABLE",FEEDBK_PATH="CLKC0_EXT",STDBY_ENABLE="DISABLE",CLKC2_CPHASE=3,CLKC3_CPHASE=79,GMC_GAIN=4,ICP_CURRENT=13,KVCO=4,LPF_CAPACITOR=1,LPF_RESISTOR=4,SYNC_ENABLE="DISABLE") in D:/Chang/software/TD/arch/eagle_macro.v(930)
HDL-1007 : elaborate module emif_signal_op in ../../01_src/01_rtl/emif_signal_op.v(18)
HDL-1007 : elaborate module emif_setio in ../../01_src/01_rtl/emif_setio.v(18)
HDL-1007 : elaborate module emif_control in ../../01_src/01_rtl/emif_control.v(18)
HDL-1007 : elaborate module emif_read in ../../01_src/01_rtl/emif_read.v(18)
HDL-5007 WARNING: actual bit length 1 differs from formal bit length 16 for port 'data_in' in ../../01_src/01_rtl/demo_1st_top.v(177)
HDL-1007 : elaborate module emif_write in ../../01_src/01_rtl/emif_write.v(18)
HDL-5007 WARNING: 'timer_100M' is not declared in ../../01_src/01_rtl/encoder_control.v(115)
HDL-5007 WARNING: 'timer_100M' is not declared in ../../01_src/01_rtl/encoder_control.v(117)
HDL-5007 WARNING: 'CNT_FREQ' is not declared in ../../01_src/01_rtl/encoder_control.v(117)
HDL-5007 WARNING: 'timer_100M' is not declared in ../../01_src/01_rtl/encoder_control.v(119)
HDL-5007 WARNING: 'timer_100M' is not declared in ../../01_src/01_rtl/encoder_control.v(123)
HDL-5007 WARNING: 'timer_100M' is not declared in ../../01_src/01_rtl/encoder_control.v(123)
HDL-5007 WARNING: 'sys_rst_n' is not declared in ../../01_src/01_rtl/encoder_control.v(130)
HDL-5007 WARNING: 'data_encoder_a_reg' is not declared in ../../01_src/01_rtl/encoder_control.v(132)
HDL-5007 WARNING: 'data_encoder_b_reg' is not declared in ../../01_src/01_rtl/encoder_control.v(133)
HDL-5007 WARNING: 'encoder_sw' is not declared in ../../01_src/01_rtl/encoder_control.v(135)
HDL-5007 Similar messages will be suppressed.
HDL-1007 : elaborate module encoder_control in ../../01_src/01_rtl/encoder_control.v(18)
HDL-1007 : elaborate module four_sub in ../../01_src/01_rtl/four_sub.v(18)
HDL-1007 : elaborate module biss_control in ../../01_src/01_rtl/biss_control.v(18)
HDL-5007 WARNING: net 'CRC_TABLE[64][31]' does not have a driver in ../../01_src/01_rtl/biss_control.v(118)
HDL-5007 WARNING: actual bit length 1 differs from formal bit length 6 for port 'crc_data' in ../../01_src/01_rtl/encoder_control.v(73)
HDL-5007 WARNING: actual bit length 1 differs from formal bit length 2 for port 'err_data' in ../../01_src/01_rtl/encoder_control.v(74)
HDL-5007 WARNING: actual bit length 1 differs from formal bit length 26 for port 'data_out' in ../../01_src/01_rtl/encoder_control.v(76)
HDL-1007 : elaborate module ssi_control in ../../01_src/01_rtl/ssi_control.v(3)
HDL-5007 WARNING: actual bit length 4 differs from formal bit length 1 for port 'key' in ../../01_src/01_rtl/encoder_control.v(84)
HDL-5007 WARNING: actual bit length 1 differs from formal bit length 23 for port 'data_angle' in ../../01_src/01_rtl/encoder_control.v(87)
HDL-8007 ERROR: external reference 'timer_100M' remains unresolved in ../../01_src/01_rtl/encoder_control.v(115)
HDL-1007 : module 'encoder_control' remains a black box due to errors in its contents in ../../01_src/01_rtl/encoder_control.v(18)
HDL-5007 WARNING: actual bit length 5 differs from formal bit length 1 for port 'mode' in ../../01_src/01_rtl/demo_1st_top.v(212)
HDL-1007 : elaborate module led in ../../01_src/01_rtl/led.v(18)
HDL-5007 WARNING: net 'we_logic' does not have a driver in ../../01_src/01_rtl/demo_1st_top.v(175)
HDL-5007 WARNING: net 'emif_data_in' does not have a driver in ../../01_src/01_rtl/demo_1st_top.v(177)
RUN-1002 : start command "backup_run_log run.log ../.logs/syn_1/td_20241218_110212.log"
