============================================================
   Tang Dynasty, V5.6.71036
      Copyright (c) 2012-2023 Anlogic Inc.
   Executable = D:/Chang/software/TD/bin/td.exe
   Built at =   20:34:38 Mar 21 2023
   Run by =     Admin
   Run Date =   Fri Dec 20 17:29:15 2024

   Run on =     DZ-CHANGRENWEI
============================================================
RUN-1002 : start command "open_project demo_1st.prj"
RUN-1001 : Print Global Property
RUN-1001 : ---------------------------------------------------------------
RUN-1001 :        Parameters        |  Settings  |  Default Values  |  Note  
RUN-1001 : ---------------------------------------------------------------
RUN-1001 :          message         |  standard  |     standard     |        
RUN-1001 :   mixed_pack_place_flow  |     on     |        on        |        
RUN-1001 :        qor_monitor       |    off     |       off        |        
RUN-1001 :        syn_ip_flow       |    off     |       off        |        
RUN-1001 :          thread          |    auto    |       auto       |        
RUN-1001 : ---------------------------------------------------------------
RUN-1001 : Print Design Property
RUN-1001 : --------------------------------------------------------------
RUN-1001 :        Parameters       |  Settings  |  Default Values  |  Note  
RUN-1001 : --------------------------------------------------------------
RUN-1001 :   default_reg_initial   |    auto    |       auto       |        
RUN-1001 :        infer_add        |     on     |        on        |        
RUN-1001 :        infer_fsm        |    off     |       off        |        
RUN-1001 :        infer_mult       |     on     |        on        |        
RUN-1001 :        infer_ram        |     on     |        on        |        
RUN-1001 :        infer_reg        |     on     |        on        |        
RUN-1001 :   infer_reg_init_value  |     on     |        on        |        
RUN-1001 :        infer_rom        |     on     |        on        |        
RUN-1001 :      infer_shifter      |     on     |        on        |        
RUN-1001 : --------------------------------------------------------------
RUN-1001 : Print Rtl Property
RUN-1001 : --------------------------------------------------------------
RUN-1001 :        Parameters       |  Settings  |  Default Values  |  Note  
RUN-1001 : --------------------------------------------------------------
RUN-1001 :       compress_add      |   ripple   |      ripple      |        
RUN-1001 :        elf_sload        |    off     |       off        |        
RUN-1001 :       fix_undriven      |     0      |        0         |        
RUN-1001 :         flatten         |    off     |       off        |        
RUN-1001 :       gate_sharing      |     on     |        on        |        
RUN-1001 :    hdl_warning_level    |   normal   |      normal      |        
RUN-1001 :   impl_internal_tribuf  |     on     |        on        |        
RUN-1001 :      impl_set_reset     |     on     |        on        |        
RUN-1001 :        infer_gsr        |    off     |       off        |        
RUN-1001 :      keep_hierarchy     |    auto    |       auto       |        
RUN-1001 :        max_fanout       |    9999    |       9999       |        
RUN-1001 :      max_oh2bin_len     |     10     |        10        |        
RUN-1001 :       merge_equal       |     on     |        on        |        
RUN-1001 :       merge_equiv       |     on     |        on        |        
RUN-1001 :        merge_mux        |    off     |       off        |        
RUN-1001 :     min_control_set     |     8      |        8         |        
RUN-1001 :      min_ripple_len     |    auto    |       auto       |        
RUN-1001 :       oh2bin_ratio      |    0.08    |       0.08       |        
RUN-1001 :     opt_adder_fanout    |     on     |        on        |        
RUN-1001 :        opt_arith        |     on     |        on        |        
RUN-1001 :       opt_big_gate      |    off     |       off        |        
RUN-1001 :        opt_const        |     on     |        on        |        
RUN-1001 :      opt_const_mult     |     on     |        on        |        
RUN-1001 :       opt_lessthan      |     on     |        on        |        
RUN-1001 :         opt_mux         |    off     |       off        |        
RUN-1001 :         opt_ram         |    high    |       high       |        
RUN-1001 :      rtl_sim_model      |    off     |       off        |        
RUN-1001 :         seq_syn         |     on     |        on        |        
RUN-1001 : --------------------------------------------------------------
HDL-1007 : analyze verilog file ../../01_src/03_ip/my_pll.v
HDL-1007 : undeclared symbol 'open', assumed default net type 'wire' in ../../01_src/03_ip/my_pll.v(92)
HDL-1007 : analyze verilog file ../../01_src/03_ip/rst_BUFG.v
HDL-1007 : analyze verilog file ../../01_src/01_rtl/demo_1st_top.v
HDL-1007 : analyze verilog file ../../01_src/01_rtl/emif_signal_op.v
HDL-1007 : analyze verilog file ../../01_src/01_rtl/emif_setio.v
HDL-1007 : analyze verilog file ../../01_src/01_rtl/led.v
HDL-1007 : analyze verilog file ../../01_src/01_rtl/emif_control.v
HDL-1007 : analyze verilog file ../../01_src/01_rtl/emif_read.v
HDL-1007 : analyze verilog file ../../01_src/01_rtl/emif_write.v
HDL-1007 : analyze verilog file ../../01_src/01_rtl/encoder_control.v
HDL-1007 : analyze verilog file ../../01_src/01_rtl/four_sub.v
HDL-1007 : analyze verilog file ../../01_src/01_rtl/ssi_control.v
HDL-1007 : undeclared symbol 'DATA2STOP_start', assumed default net type 'wire' in ../../01_src/01_rtl/ssi_control.v(66)
HDL-1007 : analyze verilog file ../../01_src/01_rtl/sin_control.v
HDL-1007 : analyze verilog file ../../01_src/01_rtl/ads8350_sample.v
HDL-1007 : analyze verilog file ../../01_src/01_rtl/fir.v
HDL-1007 : analyze verilog file ../../01_src/01_rtl/filter_verilog.v
HDL-1007 : analyze verilog file ../../01_src/01_rtl/tawa_control.v
HDL-1007 : analyze verilog file ../../01_src/01_rtl/crc_calc.v
HDL-1007 : analyze verilog file ../../01_src/01_rtl/uart_control.v
HDL-1007 : analyze verilog file ../../01_src/01_rtl/uart_recv.v
HDL-1007 : analyze verilog file ../../01_src/01_rtl/uart_send.v
HDL-1007 : analyze verilog file ../../01_src/01_rtl/endat_contol.v
HDL-1007 : analyze verilog file ../../01_src/01_rtl/endat_control_smaple.v
HDL-1007 : analyze verilog file ../../01_src/01_rtl/biss_controll.v
HDL-5007 WARNING: redeclaration of ANSI port 'crc_data' is not allowed in ../../01_src/01_rtl/biss_controll.v(23)
HDL-5007 WARNING: redeclaration of ANSI port 'err_data' is not allowed in ../../01_src/01_rtl/biss_controll.v(25)
HDL-1007 : undeclared symbol 'de', assumed default net type 'wire' in ../../01_src/01_rtl/biss_controll.v(29)
HDL-1007 : analyze verilog file ../../01_src/01_rtl/biss_control_in.v
HDL-1007 : analyze verilog file ../../01_src/01_rtl/biss_crc6.v
RUN-1001 : Project manager successfully analyzed 26 source files.
RUN-1002 : start command "import_device eagle_20.db -package EG4X20BG256"
ARC-1001 : Device Initialization.
ARC-1001 : ------------------------------------------------------------------
ARC-1001 :            OPTION            |          IO          |   SETTING   
ARC-1001 : ------------------------------------------------------------------
ARC-1001 :   cso_b/cclk/mosi/miso/dout  |  T3/R11/T10/P10/M14  |    gpio    
ARC-1001 :             done             |         P13          |    gpio    
ARC-1001 :           program_b          |          T2          |  dedicate  
ARC-1001 :        tdi/tms/tck/tdo       |   C12/A15/C14/E14    |  dedicate  
ARC-1001 : ------------------------------------------------------------------
ARC-1004 : Device setting, marked 5 dedicate IOs in total.
RUN-1002 : start command "import_db demo_1st_elaborate.db"
RUN-1001 : Importing database generated by Tang Dynasty, V5.6.71036.
RUN-1001 : Database version number 46146.
RUN-1001 : Import flow parameters
RUN-1001 : Import IO constraints
RUN-1001 : Import Inst constraints
RUN-1001 : Import design success TD_VERSION=5.6.71036 , DB_VERSION=46146
RUN-1002 : start command "read_adc ../../01_src/04_pin/demo_1st.adc"
RUN-1002 : start command "set_pin_assignment  a_out_able   LOCATION = B6; IOSTANDARD = LVCMOS25; DRIVESTRENGTH = 8; PULLTYPE = NONE; "
RUN-1002 : start command "set_pin_assignment  b_out_able   LOCATION = B3; IOSTANDARD = LVCMOS25; DRIVESTRENGTH = 8; PULLTYPE = NONE; "
RUN-1002 : start command "set_pin_assignment  emif_addr_in[0]   LOCATION = D14; IOSTANDARD = LVCMOS25; PULLTYPE = PULLUP; "
RUN-1002 : start command "set_pin_assignment  emif_addr_in[10]   LOCATION = C16; IOSTANDARD = LVCMOS25; PULLTYPE = PULLUP; "
RUN-1002 : start command "set_pin_assignment  emif_addr_in[11]   LOCATION = C15; IOSTANDARD = LVCMOS25; PULLTYPE = PULLUP; "
RUN-1002 : start command "set_pin_assignment  emif_addr_in[12]   LOCATION = D16; IOSTANDARD = LVCMOS25; PULLTYPE = PULLUP; "
RUN-1002 : start command "set_pin_assignment  emif_addr_in[1]   LOCATION = A14; IOSTANDARD = LVCMOS25; PULLTYPE = PULLUP; "
RUN-1002 : start command "set_pin_assignment  emif_addr_in[2]   LOCATION = B15; IOSTANDARD = LVCMOS25; PULLTYPE = PULLUP; "
RUN-1002 : start command "set_pin_assignment  emif_addr_in[3]   LOCATION = B16; IOSTANDARD = LVCMOS25; PULLTYPE = PULLUP; "
RUN-1002 : start command "set_pin_assignment  emif_addr_in[4]   LOCATION = E15; IOSTANDARD = LVCMOS25; PULLTYPE = PULLUP; "
RUN-1002 : start command "set_pin_assignment  emif_addr_in[5]   LOCATION = E16; IOSTANDARD = LVCMOS25; PULLTYPE = PULLUP; "
RUN-1002 : start command "set_pin_assignment  emif_addr_in[6]   LOCATION = K15; IOSTANDARD = LVCMOS25; PULLTYPE = PULLUP; "
RUN-1002 : start command "set_pin_assignment  emif_addr_in[7]   LOCATION = L16; IOSTANDARD = LVCMOS25; PULLTYPE = PULLUP; "
RUN-1002 : start command "set_pin_assignment  emif_addr_in[8]   LOCATION = F14; IOSTANDARD = LVCMOS25; PULLTYPE = PULLUP; "
RUN-1002 : start command "set_pin_assignment  emif_addr_in[9]   LOCATION = F13; IOSTANDARD = LVCMOS25; PULLTYPE = PULLUP; "
RUN-1002 : start command "set_pin_assignment  emif_cas_in   LOCATION = N12; IOSTANDARD = LVCMOS25; PULLTYPE = PULLUP; "
RUN-1002 : start command "set_pin_assignment  emif_ce_in   LOCATION = C13; IOSTANDARD = LVCMOS25; PULLTYPE = PULLUP; "
RUN-1002 : start command "set_pin_assignment  emif_cke_in   LOCATION = A13; IOSTANDARD = LVCMOS25; PULLTYPE = PULLUP; "
RUN-1002 : start command "set_pin_assignment  emif_clk_in   LOCATION = E13; IOSTANDARD = LVCMOS25; PULLTYPE = PULLUP; "
RUN-1002 : start command "set_pin_assignment  emif_data[0]   LOCATION = T13; IOSTANDARD = LVCMOS25; DRIVESTRENGTH = 8; PULLTYPE = PULLUP; "
RUN-1002 : start command "set_pin_assignment  emif_data[10]   LOCATION = M16; IOSTANDARD = LVCMOS25; DRIVESTRENGTH = 8; PULLTYPE = PULLUP; "
RUN-1002 : start command "set_pin_assignment  emif_data[11]   LOCATION = R16; IOSTANDARD = LVCMOS25; DRIVESTRENGTH = 8; PULLTYPE = PULLUP; "
RUN-1002 : start command "set_pin_assignment  emif_data[12]   LOCATION = P15; IOSTANDARD = LVCMOS25; DRIVESTRENGTH = 8; PULLTYPE = PULLUP; "
RUN-1002 : start command "set_pin_assignment  emif_data[13]   LOCATION = N16; IOSTANDARD = LVCMOS25; DRIVESTRENGTH = 8; PULLTYPE = PULLUP; "
RUN-1002 : start command "set_pin_assignment  emif_data[14]   LOCATION = P16; IOSTANDARD = LVCMOS25; DRIVESTRENGTH = 8; PULLTYPE = PULLUP; "
RUN-1002 : start command "set_pin_assignment  emif_data[15]   LOCATION = M15; IOSTANDARD = LVCMOS25; DRIVESTRENGTH = 8; PULLTYPE = PULLUP; "
RUN-1002 : start command "set_pin_assignment  emif_data[1]   LOCATION = M13; IOSTANDARD = LVCMOS25; DRIVESTRENGTH = 8; PULLTYPE = PULLUP; "
RUN-1002 : start command "set_pin_assignment  emif_data[2]   LOCATION = R14; IOSTANDARD = LVCMOS25; DRIVESTRENGTH = 8; PULLTYPE = PULLUP; "
RUN-1002 : start command "set_pin_assignment  emif_data[3]   LOCATION = T14; IOSTANDARD = LVCMOS25; DRIVESTRENGTH = 8; PULLTYPE = PULLUP; "
RUN-1002 : start command "set_pin_assignment  emif_data[4]   LOCATION = L14; IOSTANDARD = LVCMOS25; DRIVESTRENGTH = 8; PULLTYPE = PULLUP; "
RUN-1002 : start command "set_pin_assignment  emif_data[5]   LOCATION = M14; IOSTANDARD = LVCMOS25; DRIVESTRENGTH = 8; PULLTYPE = PULLUP; "
RUN-1002 : start command "set_pin_assignment  emif_data[6]   LOCATION = R15; IOSTANDARD = LVCMOS25; DRIVESTRENGTH = 8; PULLTYPE = PULLUP; "
RUN-1002 : start command "set_pin_assignment  emif_data[7]   LOCATION = T15; IOSTANDARD = LVCMOS25; DRIVESTRENGTH = 8; PULLTYPE = PULLUP; "
RUN-1002 : start command "set_pin_assignment  emif_data[8]   LOCATION = L13; IOSTANDARD = LVCMOS25; DRIVESTRENGTH = 8; PULLTYPE = PULLUP; "
RUN-1002 : start command "set_pin_assignment  emif_data[9]   LOCATION = K14; IOSTANDARD = LVCMOS25; DRIVESTRENGTH = 8; PULLTYPE = PULLUP; "
RUN-1002 : start command "set_pin_assignment  emif_dqm0_in   LOCATION = P11; IOSTANDARD = LVCMOS25; PULLTYPE = PULLUP; "
RUN-1002 : start command "set_pin_assignment  emif_dqm1_in   LOCATION = P12; IOSTANDARD = LVCMOS25; PULLTYPE = PULLUP; "
RUN-1002 : start command "set_pin_assignment  emif_ras_in   LOCATION = N14; IOSTANDARD = LVCMOS25; PULLTYPE = PULLUP; "
RUN-1002 : start command "set_pin_assignment  emif_we_in   LOCATION = C11; IOSTANDARD = LVCMOS25; PULLTYPE = PULLUP; "
RUN-1002 : start command "set_pin_assignment  encoder_a   LOCATION = F7; IOSTANDARD = LVCMOS25; DRIVESTRENGTH = 8; PULLTYPE = PULLUP; "
RUN-1002 : start command "set_pin_assignment  encoder_b   LOCATION = E6; IOSTANDARD = LVCMOS25; DRIVESTRENGTH = 8; PULLTYPE = PULLUP; "
RUN-1002 : start command "set_pin_assignment  encoder_z   LOCATION = C7; IOSTANDARD = LVCMOS25; DRIVESTRENGTH = 8; PULLTYPE = PULLUP; "
RUN-1002 : start command "set_pin_assignment  led_out[0]   LOCATION = A8; IOSTANDARD = LVCMOS25; DRIVESTRENGTH = 8; PULLTYPE = NONE; "
RUN-1002 : start command "set_pin_assignment  led_out[1]   LOCATION = A9; IOSTANDARD = LVCMOS25; DRIVESTRENGTH = 8; PULLTYPE = NONE; "
RUN-1002 : start command "set_pin_assignment  led_out[2]   LOCATION = A10; IOSTANDARD = LVCMOS25; DRIVESTRENGTH = 8; PULLTYPE = NONE; "
RUN-1002 : start command "set_pin_assignment  led_out[3]   LOCATION = A11; IOSTANDARD = LVCMOS25; DRIVESTRENGTH = 8; PULLTYPE = NONE; "
RUN-1002 : start command "set_pin_assignment  sdo_a   LOCATION = B5; IOSTANDARD = LVCMOS25; PULLTYPE = PULLUP; "
RUN-1002 : start command "set_pin_assignment  sdo_b   LOCATION = A5; IOSTANDARD = LVCMOS25; PULLTYPE = PULLUP; "
RUN-1002 : start command "set_pin_assignment  sincos_clk   LOCATION = A4; IOSTANDARD = LVCMOS25; DRIVESTRENGTH = 8; PULLTYPE = NONE; "
RUN-1002 : start command "set_pin_assignment  sincos_cs_n   LOCATION = C4; IOSTANDARD = LVCMOS25; DRIVESTRENGTH = 8; PULLTYPE = NONE; "
RUN-1002 : start command "set_pin_assignment  sys_clk_in   LOCATION = J16; IOSTANDARD = LVCMOS25; PULLTYPE = PULLUP; "
RUN-1002 : start command "set_pin_assignment  sys_rst_n_in   LOCATION = A6; IOSTANDARD = LVCMOS25; PULLTYPE = PULLUP; "
RUN-1002 : start command "set_pin_assignment  z_out_able   LOCATION = A7; IOSTANDARD = LVCMOS25; DRIVESTRENGTH = 8; PULLTYPE = NONE; "
RUN-1001 : Starting of IO setups legality check.
RUN-1001 : Starting of IO setups legality check.
RUN-1001 : Starting of IO vref setups legality check.
RUN-1002 : start command "optimize_rtl"
RUN-1001 : Open license file D:/Chang/software/TD/license/Anlogic.lic
RUN-1001 : Print Global Property
RUN-1001 : ---------------------------------------------------------------
RUN-1001 :        Parameters        |  Settings  |  Default Values  |  Note  
RUN-1001 : ---------------------------------------------------------------
RUN-1001 :          message         |  standard  |     standard     |        
RUN-1001 :   mixed_pack_place_flow  |     on     |        on        |        
RUN-1001 :        qor_monitor       |    off     |       off        |        
RUN-1001 :        syn_ip_flow       |    off     |       off        |        
RUN-1001 :          thread          |    auto    |       auto       |        
RUN-1001 : ---------------------------------------------------------------
RUN-1001 : Print Rtl Property
RUN-1001 : --------------------------------------------------------------
RUN-1001 :        Parameters       |  Settings  |  Default Values  |  Note  
RUN-1001 : --------------------------------------------------------------
RUN-1001 :       compress_add      |   ripple   |      ripple      |        
RUN-1001 :        elf_sload        |    off     |       off        |        
RUN-1001 :       fix_undriven      |     0      |        0         |        
RUN-1001 :         flatten         |    off     |       off        |        
RUN-1001 :       gate_sharing      |     on     |        on        |        
RUN-1001 :    hdl_warning_level    |   normal   |      normal      |        
RUN-1001 :   impl_internal_tribuf  |     on     |        on        |        
RUN-1001 :      impl_set_reset     |     on     |        on        |        
RUN-1001 :        infer_gsr        |    off     |       off        |        
RUN-1001 :      keep_hierarchy     |    auto    |       auto       |        
RUN-1001 :        max_fanout       |    9999    |       9999       |        
RUN-1001 :      max_oh2bin_len     |     10     |        10        |        
RUN-1001 :       merge_equal       |     on     |        on        |        
RUN-1001 :       merge_equiv       |     on     |        on        |        
RUN-1001 :        merge_mux        |    off     |       off        |        
RUN-1001 :     min_control_set     |     8      |        8         |        
RUN-1001 :      min_ripple_len     |    auto    |       auto       |        
RUN-1001 :       oh2bin_ratio      |    0.08    |       0.08       |        
RUN-1001 :     opt_adder_fanout    |     on     |        on        |        
RUN-1001 :        opt_arith        |     on     |        on        |        
RUN-1001 :       opt_big_gate      |    off     |       off        |        
RUN-1001 :        opt_const        |     on     |        on        |        
RUN-1001 :      opt_const_mult     |     on     |        on        |        
RUN-1001 :       opt_lessthan      |     on     |        on        |        
RUN-1001 :         opt_mux         |    off     |       off        |        
RUN-1001 :         opt_ram         |    high    |       high       |        
RUN-1001 :      rtl_sim_model      |    off     |       off        |        
RUN-1001 :         seq_syn         |     on     |        on        |        
RUN-1001 : --------------------------------------------------------------
SYN-1012 : SanityCheck: Model "demo_1st_top"
SYN-1012 : SanityCheck: Model "my_pll"
SYN-1012 : SanityCheck: Model "rst_BUFG"
SYN-1012 : SanityCheck: Model "emif_signal_op"
SYN-1012 : SanityCheck: Model "emif_setio"
SYN-1012 : SanityCheck: Model "emif_control"
SYN-1012 : SanityCheck: Model "emif_read"
SYN-1012 : SanityCheck: Model "emif_write"
SYN-1012 : SanityCheck: Model "encoder_control"
SYN-1012 : SanityCheck: Model "four_sub"
SYN-1012 : SanityCheck: Model "biss_controll"
SYN-1012 : SanityCheck: Model "biss_control_in"
SYN-1012 : SanityCheck: Model "biss_crc6"
SYN-1012 : SanityCheck: Model "ssi_control"
SYN-1012 : SanityCheck: Model "sin_control"
SYN-1012 : SanityCheck: Model "ads8350_sample"
SYN-1012 : SanityCheck: Model "fir"
SYN-1012 : SanityCheck: Model "filter_verilog"
SYN-1012 : SanityCheck: Model "tawa_control"
SYN-1012 : SanityCheck: Model "uart_control"
SYN-1012 : SanityCheck: Model "uart_recv"
SYN-1012 : SanityCheck: Model "uart_send"
SYN-1012 : SanityCheck: Model "crc_calc"
SYN-1012 : SanityCheck: Model "endat_control"
SYN-1012 : SanityCheck: Model "endat_contol_sample"
SYN-1012 : SanityCheck: Model "led"
SYN-1043 : Mark rst_BUFG as IO macro for instance bufg
SYN-1043 : Mark my_pll as IO macro for instance bufg_feedback
SYN-1011 : Flatten model demo_1st_top
SYN-1032 : 23436/1184 useful/useless nets, 11480/120 useful/useless insts
SYN-1016 : Merged 3675 instances.
SYN-1032 : 14367/3945 useful/useless nets, 2490/518 useful/useless insts
SYN-1016 : Merged 3422 instances.
SYN-5013 WARNING: Undriven net: model "demo_1st_top" / net "u8_encoder/u11_biss/U3_CRC/CRC_TABLE[64][9]" in ../../01_src/01_rtl/biss_crc6.v(26)
SYN-5014 WARNING: the net's pin: pin "i64" in ../../01_src/01_rtl/biss_crc6.v(144)
SYN-5014 WARNING: the net's pin: pin "i64" in ../../01_src/01_rtl/biss_crc6.v(135)
SYN-5014 WARNING: the net's pin: pin "i64" in ../../01_src/01_rtl/biss_crc6.v(138)
SYN-5014 WARNING: the net's pin: pin "i64" in ../../01_src/01_rtl/biss_crc6.v(141)
SYN-5014 WARNING: the net's pin: pin "i64" in ../../01_src/01_rtl/biss_crc6.v(159)
SYN-5013 WARNING: Undriven net: model "demo_1st_top" / net "u8_encoder/u11_biss/U3_CRC/CRC_TABLE[64][5]" in ../../01_src/01_rtl/biss_crc6.v(26)
SYN-5014 WARNING: the net's pin: pin "i64" in ../../01_src/01_rtl/biss_crc6.v(144)
SYN-5014 WARNING: the net's pin: pin "i64" in ../../01_src/01_rtl/biss_crc6.v(135)
SYN-5014 WARNING: the net's pin: pin "i64" in ../../01_src/01_rtl/biss_crc6.v(138)
SYN-5014 WARNING: the net's pin: pin "i64" in ../../01_src/01_rtl/biss_crc6.v(141)
SYN-5014 WARNING: the net's pin: pin "i64" in ../../01_src/01_rtl/biss_crc6.v(159)
SYN-5013 WARNING: Undriven net: model "demo_1st_top" / net "u8_encoder/u11_biss/U3_CRC/CRC_TABLE[64][4]" in ../../01_src/01_rtl/biss_crc6.v(26)
SYN-5014 WARNING: the net's pin: pin "i64" in ../../01_src/01_rtl/biss_crc6.v(144)
SYN-5014 WARNING: the net's pin: pin "i64" in ../../01_src/01_rtl/biss_crc6.v(135)
SYN-5014 WARNING: the net's pin: pin "i64" in ../../01_src/01_rtl/biss_crc6.v(138)
SYN-5014 WARNING: the net's pin: pin "i64" in ../../01_src/01_rtl/biss_crc6.v(141)
SYN-5014 WARNING: the net's pin: pin "i64" in ../../01_src/01_rtl/biss_crc6.v(159)
SYN-5013 WARNING: Undriven net: model "demo_1st_top" / net "u8_encoder/u11_biss/U3_CRC/CRC_TABLE[64][3]" in ../../01_src/01_rtl/biss_crc6.v(26)
SYN-5014 WARNING: the net's pin: pin "i64" in ../../01_src/01_rtl/biss_crc6.v(144)
SYN-5014 WARNING: the net's pin: pin "i64" in ../../01_src/01_rtl/biss_crc6.v(135)
SYN-5014 WARNING: the net's pin: pin "i64" in ../../01_src/01_rtl/biss_crc6.v(138)
SYN-5014 WARNING: the net's pin: pin "i64" in ../../01_src/01_rtl/biss_crc6.v(141)
SYN-5014 WARNING: the net's pin: pin "i64" in ../../01_src/01_rtl/biss_crc6.v(159)
SYN-5013 WARNING: Undriven net: model "demo_1st_top" / net "u8_encoder/u11_biss/U3_CRC/CRC_TABLE[64][2]" in ../../01_src/01_rtl/biss_crc6.v(26)
SYN-5014 WARNING: the net's pin: pin "i64" in ../../01_src/01_rtl/biss_crc6.v(144)
SYN-5014 WARNING: the net's pin: pin "i64" in ../../01_src/01_rtl/biss_crc6.v(135)
SYN-5014 WARNING: the net's pin: pin "i64" in ../../01_src/01_rtl/biss_crc6.v(138)
SYN-5014 WARNING: the net's pin: pin "i64" in ../../01_src/01_rtl/biss_crc6.v(141)
SYN-5014 WARNING: the net's pin: pin "i64" in ../../01_src/01_rtl/biss_crc6.v(159)
SYN-5013 WARNING: Undriven net: model "demo_1st_top" / net "u8_encoder/u11_biss/U3_CRC/CRC_TABLE[64][1]" in ../../01_src/01_rtl/biss_crc6.v(26)
SYN-5014 WARNING: the net's pin: pin "i64" in ../../01_src/01_rtl/biss_crc6.v(144)
SYN-5014 WARNING: the net's pin: pin "i64" in ../../01_src/01_rtl/biss_crc6.v(135)
SYN-5014 WARNING: the net's pin: pin "i64" in ../../01_src/01_rtl/biss_crc6.v(138)
SYN-5014 WARNING: the net's pin: pin "i64" in ../../01_src/01_rtl/biss_crc6.v(141)
SYN-5014 WARNING: the net's pin: pin "i64" in ../../01_src/01_rtl/biss_crc6.v(159)
SYN-5013 WARNING: Undriven net: model "demo_1st_top" / net "u8_encoder/u11_biss/U3_CRC/CRC_TABLE[64][0]" in ../../01_src/01_rtl/biss_crc6.v(26)
SYN-5014 WARNING: the net's pin: pin "i64" in ../../01_src/01_rtl/biss_crc6.v(144)
SYN-5014 WARNING: the net's pin: pin "i64" in ../../01_src/01_rtl/biss_crc6.v(135)
SYN-5014 WARNING: the net's pin: pin "i64" in ../../01_src/01_rtl/biss_crc6.v(138)
SYN-5014 WARNING: the net's pin: pin "i64" in ../../01_src/01_rtl/biss_crc6.v(141)
SYN-5014 WARNING: the net's pin: pin "i64" in ../../01_src/01_rtl/biss_crc6.v(159)
SYN-5025 WARNING: Using 0 for all undriven pins and nets
SYN-1032 : 11627/594 useful/useless nets, 7282/1663 useful/useless insts
SYN-1014 : Optimize round 1
SYN-1032 : 11583/44 useful/useless nets, 7282/0 useful/useless insts
SYN-1017 : Remove 5 const input seq instances
SYN-1002 :     u6_emif_read/reg0_syn_5
SYN-1002 :     u8_encoder/u11_biss/U3_CRC/reg0_syn_10
SYN-1002 :     u8_encoder/u11_biss/U3_CRC/reg10_syn_2
SYN-1002 :     u8_encoder/u14_tawa/u31_uart_control/reg3_syn_2
SYN-1002 :     u8_encoder/u14_tawa/u31_uart_control/reg3_syn_3
SYN-1019 : Optimized 39 mux instances.
SYN-1021 : Optimized 136 onehot mux instances.
SYN-1020 : Optimized 496 distributor mux.
SYN-1001 : Optimize 5 less-than instances
SYN-1019 : Optimized 10 mux instances.
SYN-1016 : Merged 1479 instances.
SYN-1015 : Optimize round 1, 5827 better
SYN-1014 : Optimize round 2
SYN-1044 : Optimized 14 inv instances.
SYN-1032 : 9713/90 useful/useless nets, 5452/1172 useful/useless insts
SYN-1017 : Remove 3 const input seq instances
SYN-1002 :     u8_encoder/data_z_out_reg_reg
SYN-1002 :     u8_encoder/z_out_reg_reg
SYN-1002 :     encoder_z_reg_reg
SYN-1019 : Optimized 1 mux instances.
SYN-1016 : Merged 2 instances.
SYN-1015 : Optimize round 2, 1237 better
SYN-1032 : 9699/8 useful/useless nets, 5438/9 useful/useless insts
SYN-3003 : Optimized 10 equivalent DFF(s)
SYN-3004 : Optimized 14 const0 DFF(s)
SYN-3003 : Optimized 1 equivalent DFF(s)
SYN-3004 : Optimized 5 const0 DFF(s)
SYN-3004 : Optimized 17 const0 DFF(s)
SYN-1032 : 9528/171 useful/useless nets, 5324/67 useful/useless insts
SYN-1014 : Optimize round 1
SYN-1015 : Optimize round 1, 22 better
SYN-1014 : Optimize round 2
SYN-1015 : Optimize round 2, 0 better
RUN-1003 : finish command "optimize_rtl" in  11.377660s wall, 7.093750s user + 4.281250s system = 11.375000s CPU (100.0%)

RUN-1004 : used memory is 179 MB, reserved memory is 153 MB, peak memory is 187 MB
RUN-1002 : start command "report_area -file demo_1st_rtl.area"
RUN-1001 : standard
***Report Model: demo_1st_top Device: EG4X20BG256***

IO Statistics
#IO                        53
  #input                   25
  #output                   9
  #inout                   19

Gate Statistics
#Basic gates             3555
  #and                    602
  #nand                     0
  #or                     261
  #nor                      0
  #xor                     98
  #xnor                     0
  #buf                      0
  #not                    161
  #bufif1                  19
  #MX21                   418
  #FADD                     0
  #DFF                   1996
  #LATCH                    0
#MACRO_ADD                103
#MACRO_EQ                 211
#MACRO_MULT                64
#MACRO_MUX                709
#MACRO_OTHERS               2

Report Hierarchy Area:
+--------------------------------------------------------------------+
|Instance               |Module              |gates  |seq    |macros |
+--------------------------------------------------------------------+
|top                    |demo_1st_top        |1559   |1996   |380    |
|  u1_pll               |my_pll              |0      |0      |1      |
|  u2_rst               |rst_BUFG            |0      |0      |1      |
|  u3_op                |emif_signal_op      |4      |9      |3      |
|  u4_setio             |emif_setio          |6      |9      |3      |
|  u5_control           |emif_control        |11     |13     |0      |
|  u6_emif_read         |emif_read           |14     |19     |3      |
|  u7_emif_write        |emif_write          |10     |16     |0      |
|  u8_encoder           |encoder_control     |1476   |1876   |364    |
|    u10_abz            |four_sub            |47     |41     |14     |
|    u11_biss           |biss_controll       |334    |141    |50     |
|      U2_control       |biss_control_in     |245    |91     |47     |
|      U3_CRC           |biss_crc6           |89     |50     |3      |
|    u12_ssi            |ssi_control         |70     |100    |37     |
|    u13_sin            |sin_control         |251    |1135   |193    |
|      u21_sample       |ads8350_sample      |251    |79     |67     |
|      u22_fir          |fir                 |0      |1056   |126    |
|        U1_fir         |filter_verilog      |0      |528    |63     |
|        U2_fir         |filter_verilog      |0      |528    |63     |
|    u14_tawa           |tawa_control        |416    |193    |29     |
|      u31_uart_control |uart_control        |275    |131    |12     |
|      u32_uart_recv    |uart_recv           |56     |32     |12     |
|      u33_uart_send    |uart_send           |13     |22     |5      |
|      u34_crc          |crc_calc            |72     |8      |0      |
|    u15_endat          |endat_control       |357    |207    |39     |
|      u41_control      |endat_contol_sample |357    |207    |39     |
|  u9_led               |led                 |13     |32     |5      |
+--------------------------------------------------------------------+

RUN-1002 : start command "export_db demo_1st_rtl.db"
RUN-1001 : Exported /
RUN-1001 : Exported flow parameters
RUN-1001 : Exported libs
RUN-1001 : Exported entities
RUN-1001 : Exported ports
RUN-1001 : Exported pins
RUN-1001 : Exported instances
RUN-1001 : Exported nets
RUN-1001 : Exported buses
RUN-1001 : Exported models
RUN-1001 : Exported congestions
RUN-1001 : Exported violations
RUN-1001 : Exported IO constraints
RUN-1001 : Exported Inst constraints
RUN-1002 : start command "read_sdc ../../01_src/04_pin/demo_1st.sdc"
RUN-1002 : start command "get_ports sys_clk_in"
RUN-1002 : start command "create_clock -name sys_clk_50m -period 20 -waveform 0 10 "
RUN-1102 : create_clock: clock name: sys_clk_50m, type: 0, period: 20000, rise: 0, fall: 10000.
RUN-1002 : start command "derive_pll_clocks"
USR-1002 : Gen clock cmd:  create_generated_clock -name {u1_pll/pll_inst.clkc[0]} -source [get_ports {sys_clk_in}] -master_clock {sys_clk_50m} -multiply_by 8.0000 [get_pins {u1_pll/pll_inst.clkc[0]}]
RUN-1002 : start command "get_ports sys_clk_in"
RUN-1002 : start command "get_pins u1_pll/pll_inst.clkc[0]"
RUN-1002 : start command "create_generated_clock -name u1_pll/pll_inst.clkc[0] -source  -master_clock sys_clk_50m -multiply_by 8.0000 "
USR-1002 : Gen clock cmd:  create_generated_clock -name {u1_pll/pll_inst.clkc[1]} -source [get_ports {sys_clk_in}] -master_clock {sys_clk_50m} -multiply_by 4.0000 [get_pins {u1_pll/pll_inst.clkc[1]}]
RUN-1002 : start command "get_ports sys_clk_in"
RUN-1002 : start command "get_pins u1_pll/pll_inst.clkc[1]"
RUN-1002 : start command "create_generated_clock -name u1_pll/pll_inst.clkc[1] -source  -master_clock sys_clk_50m -multiply_by 4.0000 "
USR-1002 : Gen clock cmd:  create_generated_clock -name {u1_pll/pll_inst.clkc[2]} -source [get_ports {sys_clk_in}] -master_clock {sys_clk_50m} -multiply_by 2.0000 [get_pins {u1_pll/pll_inst.clkc[2]}]
RUN-1002 : start command "get_ports sys_clk_in"
RUN-1002 : start command "get_pins u1_pll/pll_inst.clkc[2]"
RUN-1002 : start command "create_generated_clock -name u1_pll/pll_inst.clkc[2] -source  -master_clock sys_clk_50m -multiply_by 2.0000 "
USR-1002 : Gen clock cmd:  create_generated_clock -name {u1_pll/pll_inst.clkc[3]} -source [get_ports {sys_clk_in}] -master_clock {sys_clk_50m} -divide_by 10.0000 [get_pins {u1_pll/pll_inst.clkc[3]}]
RUN-1002 : start command "get_ports sys_clk_in"
RUN-1002 : start command "get_pins u1_pll/pll_inst.clkc[3]"
RUN-1002 : start command "create_generated_clock -name u1_pll/pll_inst.clkc[3] -source  -master_clock sys_clk_50m -divide_by 10.0000 "
RUN-1002 : start command "optimize_gate -maparea demo_1st_gate.area"
RUN-1001 : Open license file D:/Chang/software/TD/license/Anlogic.lic
RUN-1001 : Print Global Property
RUN-1001 : ---------------------------------------------------------------
RUN-1001 :        Parameters        |  Settings  |  Default Values  |  Note  
RUN-1001 : ---------------------------------------------------------------
RUN-1001 :          message         |  standard  |     standard     |        
RUN-1001 :   mixed_pack_place_flow  |     on     |        on        |        
RUN-1001 :        qor_monitor       |    off     |       off        |        
RUN-1001 :        syn_ip_flow       |    off     |       off        |        
RUN-1001 :          thread          |    auto    |       auto       |        
RUN-1001 : ---------------------------------------------------------------
RUN-1001 : Print Gate Property
RUN-1001 : ------------------------------------------------------------------
RUN-1001 :          Parameters         |  Settings  |  Default Values  |  Note  
RUN-1001 : ------------------------------------------------------------------
RUN-1001 :         cascade_dsp         |    off     |       off        |        
RUN-1001 :         cascade_eram        |    off     |       off        |        
RUN-1001 :        gate_sim_model       |    off     |       off        |        
RUN-1001 :        map_sim_model        |    off     |       off        |        
RUN-1001 :         map_strategy        |     1      |        1         |        
RUN-1001 :           opt_area          |   medium   |      medium      |        
RUN-1001 :          opt_timing         |    auto    |       auto       |        
RUN-1001 :         pack_effort         |   medium   |      medium      |        
RUN-1001 :      pack_lslice_ripple     |     on     |        on        |        
RUN-1001 :   pack_lslice_ripple_ratio  |    0.5     |       0.5        |        
RUN-1001 :        pack_seq_in_io       |    auto    |       auto       |        
RUN-1001 :        ph1_mux_ratio        |    1.0     |       1.0        |        
RUN-1001 :            report           |  standard  |     standard     |        
RUN-1001 :           retiming          |    off     |       off        |        
RUN-1001 : ------------------------------------------------------------------
SYN-2001 : Map 53 IOs to PADs
SYN-1032 : 9535/49 useful/useless nets, 5320/60 useful/useless insts
RUN-1002 : start command "update_pll_param -module demo_1st_top"
SYN-2501 : Processed 0 LOGIC_BUF instances.
SYN-2501 : 2 BUFG to GCLK
SYN-2571 : Map 64 macro multiplier
SYN-2571 : Optimize after map_dsp, round 1
SYN-1016 : Merged 6 instances.
SYN-2571 : Optimize after map_dsp, round 1, 6 better
SYN-2571 : Optimize after map_dsp, round 2
SYN-2571 : Optimize after map_dsp, round 2, 0 better
SYN-2571 : Map 35 macro multiplier
SYN-2571 : Map 35 macro multiplier
SYN-1001 : Throwback 104 control mux instances
SYN-2501 : Optimize round 1
SYN-1016 : Merged 1455 instances.
SYN-2501 : Optimize round 1, 3358 better
SYN-2501 : Optimize round 2
SYN-2501 : Optimize round 2, 0 better
SYN-2501 : Map 222 macro adder
SYN-3001 : Mapper mapped 127 instances into 1 LUTs, name keeping = 100%.
SYN-3001 : Mapper mapped 127 instances into 1 LUTs, name keeping = 100%.
SYN-3001 : Mapper mapped 127 instances into 1 LUTs, name keeping = 100%.
SYN-3001 : Mapper mapped 127 instances into 1 LUTs, name keeping = 100%.
SYN-3001 : Mapper mapped 127 instances into 1 LUTs, name keeping = 100%.
SYN-3001 : Mapper mapped 127 instances into 1 LUTs, name keeping = 100%.
SYN-3001 : Mapper mapped 127 instances into 1 LUTs, name keeping = 100%.
SYN-3001 : Mapper mapped 127 instances into 1 LUTs, name keeping = 100%.
SYN-3001 : Mapper mapped 127 instances into 1 LUTs, name keeping = 100%.
SYN-3001 : Mapper mapped 127 instances into 1 LUTs, name keeping = 100%.
SYN-3001 : Mapper mapped 127 instances into 1 LUTs, name keeping = 100%.
SYN-3001 : Mapper mapped 127 instances into 1 LUTs, name keeping = 100%.
SYN-3001 : Mapper mapped 127 instances into 1 LUTs, name keeping = 100%.
SYN-3001 : Mapper mapped 127 instances into 1 LUTs, name keeping = 100%.
SYN-3001 : Mapper mapped 127 instances into 1 LUTs, name keeping = 100%.
SYN-3001 : Mapper mapped 127 instances into 1 LUTs, name keeping = 100%.
SYN-3001 : Mapper mapped 127 instances into 1 LUTs, name keeping = 100%.
SYN-3001 : Mapper mapped 127 instances into 1 LUTs, name keeping = 100%.
SYN-3001 : Mapper mapped 127 instances into 1 LUTs, name keeping = 100%.
SYN-3001 : Mapper mapped 127 instances into 1 LUTs, name keeping = 100%.
SYN-3001 : Mapper mapped 127 instances into 1 LUTs, name keeping = 100%.
SYN-3001 : Mapper mapped 127 instances into 1 LUTs, name keeping = 100%.
SYN-3001 : Mapper mapped 127 instances into 1 LUTs, name keeping = 100%.
SYN-3001 : Mapper mapped 127 instances into 1 LUTs, name keeping = 100%.
SYN-3001 : Mapper mapped 127 instances into 1 LUTs, name keeping = 100%.
SYN-3001 : Mapper mapped 127 instances into 1 LUTs, name keeping = 100%.
SYN-3001 : Mapper mapped 127 instances into 1 LUTs, name keeping = 100%.
SYN-3001 : Mapper mapped 127 instances into 1 LUTs, name keeping = 100%.
SYN-3001 : Mapper mapped 127 instances into 1 LUTs, name keeping = 100%.
SYN-3001 : Mapper mapped 127 instances into 1 LUTs, name keeping = 100%.
SYN-1019 : Optimized 2135 mux instances.
SYN-1016 : Merged 2383 instances.
SYN-1032 : 18232/68 useful/useless nets, 12523/13 useful/useless insts
RUN-1002 : start command "start_timer -prepack"
TMR-2505 : Start building timing graph for model demo_1st_top.
TMR-2506 : Build timing graph completely. Port num: 23, tpin num: 51411, tnet num: 18232, tinst num: 12522, tnode num: 58163, tedge num: 80162.
TMR-2508 : Levelizing timing graph completed, there are 85 levels in total.
TMR-2501 : Timing graph initialized successfully.
TMR-2503 : Start to update net delay, extr mode = 2.
TMR-2504 : Update delay of 18232 nets completely.
TMR-2502 : Annotate delay completely, extr mode = 2.
TMR-3001 : Initiate 5 clocks from SDC.
TMR-3004 : Map sdc constraints, there are 0 constraints in total.
TMR-3003 : Constraints initiated successfully.
TMR-3501 : Forward propagation: start to calculate arrival time...
TMR-3502 : Backward propagation: start to calculate required time...
TMR-3503 : Timing propagation completes.
SYN-3001 : Running gate level optimization.
SYN-2581 : Mapping with K=5, #lut = 1344 (3.89), #lev = 6 (3.01)
SYN-2551 : Post LUT mapping optimization.
SYN-2581 : Mapping with K=5, #lut = 1344 (3.89), #lev = 6 (3.01)
SYN-3001 : Logic optimization runtime opt =   0.52 sec, map =   0.00 sec
SYN-3001 : Mapper mapped 4388 instances into 1347 LUTs, name keeping = 63%.
RUN-1002 : start command "report_area -file demo_1st_gate.area"
RUN-1001 : standard
***Report Model: demo_1st_top Device: EG4X20BG256***

IO Statistics
#IO                        53
  #input                   25
  #output                   9
  #inout                   19

LUT Statistics
#Total_luts              6767
  #lut4                  1030
  #lut5                   317
  #lut6                     0
  #lut5_mx41                0
  #lut4_alu1b            5420

Utilization Statistics
#lut                     6767   out of  19600   34.53%
#reg                     1955   out of  19600    9.97%
#le                         0
#dsp                       29   out of     29  100.00%
#bram                       0   out of     64    0.00%
  #bram9k                   0
  #fifo9k                   0
#bram32k                    0   out of     16    0.00%
#pad                       53   out of    188   28.19%
  #ireg                    18
  #oreg                    26
  #treg                    19
#pll                        1   out of      4   25.00%

Report Hierarchy Area:
+-----------------------------------------------------------------------------------------+
|Instance               |Module              |lut     |ripple  |seq     |bram    |dsp     |
+-----------------------------------------------------------------------------------------+
|top                    |demo_1st_top        |1347    |5420    |2018    |0       |29      |
|  u1_pll               |my_pll              |1       |0       |0       |0       |0       |
|  u2_rst               |rst_BUFG            |0       |0       |0       |0       |0       |
|  u3_op                |emif_signal_op      |7       |0       |7       |0       |0       |
|  u4_setio             |emif_setio          |11      |0       |9       |0       |0       |
|  u5_control           |emif_control        |1       |0       |0       |0       |0       |
|  u6_emif_read         |emif_read           |19      |0       |19      |0       |0       |
|  u7_emif_write        |emif_write          |32      |0       |16      |0       |0       |
|  u8_encoder           |encoder_control     |1230    |3976    |1872    |0       |29      |
|    u10_abz            |four_sub            |51      |79      |40      |0       |0       |
|    u11_biss           |biss_controll       |225     |81      |141     |0       |0       |
|      U2_control       |biss_control_in     |146     |56      |91      |0       |0       |
|      U3_CRC           |biss_crc6           |79      |25      |50      |0       |0       |
|    u12_ssi            |ssi_control         |96      |27      |100     |0       |0       |
|    u13_sin            |sin_control         |101     |3551    |1132    |0       |29      |
|      u21_sample       |ads8350_sample      |101     |9       |76      |0       |0       |
|      u22_fir          |fir                 |0       |3542    |1056    |0       |29      |
|        U1_fir         |filter_verilog      |0       |1493    |528     |0       |19      |
|        U2_fir         |filter_verilog      |0       |2049    |528     |0       |10      |
|    u14_tawa           |tawa_control        |305     |40      |193     |0       |0       |
|      u31_uart_control |uart_control        |217     |18      |131     |0       |0       |
|      u32_uart_recv    |uart_recv           |34      |7       |32      |0       |0       |
|      u33_uart_send    |uart_send           |30      |15      |22      |0       |0       |
|      u34_crc          |crc_calc            |24      |0       |8       |0       |0       |
|    u15_endat          |endat_control       |256     |181     |207     |0       |0       |
|      u41_control      |endat_contol_sample |256     |181     |207     |0       |0       |
|  u9_led               |led                 |44      |29      |32      |0       |0       |
+-----------------------------------------------------------------------------------------+

SYN-1001 : Packing model "demo_1st_top" ...
SYN-4010 : Pack lib has 58 rtl pack models with 25 top pack blocks
SYN-1014 : Optimize round 1
SYN-1015 : Optimize round 1, 0 better
SYN-4002 : Packing 1955 DFF/LATCH to SEQ ...
SYN-4009 : Pack 81 carry chain into lslice
SYN-4007 : Packing 2682 adder to BLE ...
SYN-4008 : Packed 2682 adder and 43 SEQ to BLE.
SYN-4007 : Packing 0 gate4 to BLE ...
SYN-4008 : Packed 0 gate4 and 0 SEQ to BLE.
SYN-4012 : Packed 0 FxMUX
RUN-1003 : finish command "optimize_gate -maparea demo_1st_gate.area" in  7.109901s wall, 6.453125s user + 0.656250s system = 7.109375s CPU (100.0%)

RUN-1004 : used memory is 255 MB, reserved memory is 231 MB, peak memory is 353 MB
RUN-1002 : start command "legalize_phy_inst"
SYN-1011 : Flatten model demo_1st_top
RUN-1002 : start command "export_db demo_1st_gate.db"
RUN-1001 : Exported /
RUN-1001 : Exported flow parameters
RUN-1001 : Exported libs
RUN-1001 : Exported entities
RUN-1001 : Exported ports
RUN-1001 : Exported pins
RUN-1001 : Exported instances
RUN-1001 : Exported nets
RUN-1001 : Exported buses
RUN-1001 : Exported models
RUN-1001 : Exported congestions
RUN-1001 : Exported violations
RUN-1001 : Exported timing constraints
RUN-1001 : Exported IO constraints
RUN-1001 : Exported Inst constraints
RUN-1002 : start command "backup_run_log run.log ../.logs/syn_1/td_20241220_172915.log"
