============================================================
   Tang Dynasty, V5.6.71036
      Copyright (c) 2012-2023 Anlogic Inc.
   Executable = D:/Chang/software/TD/bin/td.exe
   Built at =   20:34:38 Mar 21 2023
   Run by =     Admin
   Run Date =   Thu Dec 19 11:16:28 2024

   Run on =     DZ-CHANGRENWEI
============================================================
RUN-1002 : start command "open_project demo_1st.prj"
RUN-1001 : Print Global Property
RUN-1001 : ---------------------------------------------------------------
RUN-1001 :        Parameters        |  Settings  |  Default Values  |  Note  
RUN-1001 : ---------------------------------------------------------------
RUN-1001 :          message         |  standard  |     standard     |        
RUN-1001 :   mixed_pack_place_flow  |     on     |        on        |        
RUN-1001 :        qor_monitor       |    off     |       off        |        
RUN-1001 :        syn_ip_flow       |    off     |       off        |        
RUN-1001 :          thread          |    auto    |       auto       |        
RUN-1001 : ---------------------------------------------------------------
RUN-1001 : Print Design Property
RUN-1001 : --------------------------------------------------------------
RUN-1001 :        Parameters       |  Settings  |  Default Values  |  Note  
RUN-1001 : --------------------------------------------------------------
RUN-1001 :   default_reg_initial   |    auto    |       auto       |        
RUN-1001 :        infer_add        |     on     |        on        |        
RUN-1001 :        infer_fsm        |    off     |       off        |        
RUN-1001 :        infer_mult       |     on     |        on        |        
RUN-1001 :        infer_ram        |     on     |        on        |        
RUN-1001 :        infer_reg        |     on     |        on        |        
RUN-1001 :   infer_reg_init_value  |     on     |        on        |        
RUN-1001 :        infer_rom        |     on     |        on        |        
RUN-1001 :      infer_shifter      |     on     |        on        |        
RUN-1001 : --------------------------------------------------------------
RUN-1001 : Print Rtl Property
RUN-1001 : --------------------------------------------------------------
RUN-1001 :        Parameters       |  Settings  |  Default Values  |  Note  
RUN-1001 : --------------------------------------------------------------
RUN-1001 :       compress_add      |   ripple   |      ripple      |        
RUN-1001 :        elf_sload        |    off     |       off        |        
RUN-1001 :       fix_undriven      |     0      |        0         |        
RUN-1001 :         flatten         |    off     |       off        |        
RUN-1001 :       gate_sharing      |     on     |        on        |        
RUN-1001 :    hdl_warning_level    |   normal   |      normal      |        
RUN-1001 :   impl_internal_tribuf  |     on     |        on        |        
RUN-1001 :      impl_set_reset     |     on     |        on        |        
RUN-1001 :        infer_gsr        |    off     |       off        |        
RUN-1001 :      keep_hierarchy     |    auto    |       auto       |        
RUN-1001 :        max_fanout       |    9999    |       9999       |        
RUN-1001 :      max_oh2bin_len     |     10     |        10        |        
RUN-1001 :       merge_equal       |     on     |        on        |        
RUN-1001 :       merge_equiv       |     on     |        on        |        
RUN-1001 :        merge_mux        |    off     |       off        |        
RUN-1001 :     min_control_set     |     8      |        8         |        
RUN-1001 :      min_ripple_len     |    auto    |       auto       |        
RUN-1001 :       oh2bin_ratio      |    0.08    |       0.08       |        
RUN-1001 :     opt_adder_fanout    |     on     |        on        |        
RUN-1001 :        opt_arith        |     on     |        on        |        
RUN-1001 :       opt_big_gate      |    off     |       off        |        
RUN-1001 :        opt_const        |     on     |        on        |        
RUN-1001 :      opt_const_mult     |     on     |        on        |        
RUN-1001 :       opt_lessthan      |     on     |        on        |        
RUN-1001 :         opt_mux         |    off     |       off        |        
RUN-1001 :         opt_ram         |    high    |       high       |        
RUN-1001 :      rtl_sim_model      |    off     |       off        |        
RUN-1001 :         seq_syn         |     on     |        on        |        
RUN-1001 : --------------------------------------------------------------
HDL-1007 : analyze verilog file ../../01_src/03_ip/my_pll.v
HDL-1007 : undeclared symbol 'open', assumed default net type 'wire' in ../../01_src/03_ip/my_pll.v(92)
HDL-1007 : analyze verilog file ../../01_src/01_rtl/demo_1st_top.v
HDL-1007 : undeclared symbol 'clk_400M', assumed default net type 'wire' in ../../01_src/01_rtl/demo_1st_top.v(104)
HDL-1007 : undeclared symbol 'clk_200M', assumed default net type 'wire' in ../../01_src/01_rtl/demo_1st_top.v(105)
HDL-1007 : undeclared symbol 'clk_100M', assumed default net type 'wire' in ../../01_src/01_rtl/demo_1st_top.v(106)
HDL-1007 : undeclared symbol 'clk_5M', assumed default net type 'wire' in ../../01_src/01_rtl/demo_1st_top.v(107)
HDL-1007 : undeclared symbol 'we_logic', assumed default net type 'wire' in ../../01_src/01_rtl/demo_1st_top.v(179)
HDL-1007 : undeclared symbol 'emif_data_in', assumed default net type 'wire' in ../../01_src/01_rtl/demo_1st_top.v(181)
HDL-1007 : analyze verilog file ../../01_src/01_rtl/emif_signal_op.v
HDL-1007 : analyze verilog file ../../01_src/01_rtl/emif_setio.v
HDL-1007 : analyze verilog file ../../01_src/01_rtl/led.v
HDL-1007 : analyze verilog file ../../01_src/01_rtl/emif_control.v
HDL-1007 : analyze verilog file ../../01_src/01_rtl/emif_read.v
HDL-1007 : analyze verilog file ../../01_src/01_rtl/emif_write.v
HDL-1007 : analyze verilog file ../../01_src/01_rtl/encoder_control.v
HDL-1007 : undeclared symbol 'biss_clk', assumed default net type 'wire' in ../../01_src/01_rtl/encoder_control.v(94)
HDL-1007 : undeclared symbol 'crc_data', assumed default net type 'wire' in ../../01_src/01_rtl/encoder_control.v(95)
HDL-1007 : undeclared symbol 'err_data', assumed default net type 'wire' in ../../01_src/01_rtl/encoder_control.v(96)
HDL-1007 : undeclared symbol 'crc_err', assumed default net type 'wire' in ../../01_src/01_rtl/encoder_control.v(97)
HDL-1007 : undeclared symbol 'biss_data', assumed default net type 'wire' in ../../01_src/01_rtl/encoder_control.v(98)
HDL-1007 : undeclared symbol 'ssi_clk', assumed default net type 'wire' in ../../01_src/01_rtl/encoder_control.v(111)
HDL-1007 : undeclared symbol 'ssi_data', assumed default net type 'wire' in ../../01_src/01_rtl/encoder_control.v(112)
HDL-1007 : undeclared symbol 'sincos_data', assumed default net type 'wire' in ../../01_src/01_rtl/encoder_control.v(133)
HDL-1007 : analyze verilog file ../../01_src/01_rtl/four_sub.v
HDL-1007 : analyze verilog file ../../01_src/01_rtl/biss_control.v
HDL-1007 : analyze verilog file ../../01_src/01_rtl/ssi_control.v
HDL-1007 : undeclared symbol 'DATA2STOP_start', assumed default net type 'wire' in ../../01_src/01_rtl/ssi_control.v(66)
HDL-1007 : analyze verilog file ../../01_src/01_rtl/sin_control.v
HDL-1007 : analyze verilog file ../../01_src/01_rtl/ads8350_sample.v
HDL-1007 : analyze verilog file ../../01_src/01_rtl/fir.v
HDL-1007 : analyze verilog file ../../01_src/01_rtl/filter_verilog.v
RUN-1001 : Project manager successfully analyzed 16 source files.
RUN-1002 : start command "import_device eagle_20.db -package EG4X20BG256"
ARC-1001 : Device Initialization.
ARC-1001 : ------------------------------------------------------------------
ARC-1001 :            OPTION            |          IO          |   SETTING   
ARC-1001 : ------------------------------------------------------------------
ARC-1001 :   cso_b/cclk/mosi/miso/dout  |  T3/R11/T10/P10/M14  |    gpio    
ARC-1001 :             done             |         P13          |    gpio    
ARC-1001 :           program_b          |          T2          |  dedicate  
ARC-1001 :        tdi/tms/tck/tdo       |   C12/A15/C14/E14    |  dedicate  
ARC-1001 : ------------------------------------------------------------------
ARC-1004 : Device setting, marked 5 dedicate IOs in total.
RUN-1002 : start command "elaborate -top demo_1st_top"
RUN-1001 : Print Design Property
RUN-1001 : --------------------------------------------------------------
RUN-1001 :        Parameters       |  Settings  |  Default Values  |  Note  
RUN-1001 : --------------------------------------------------------------
RUN-1001 :   default_reg_initial   |    auto    |       auto       |        
RUN-1001 :        infer_add        |     on     |        on        |        
RUN-1001 :        infer_fsm        |    off     |       off        |        
RUN-1001 :        infer_mult       |     on     |        on        |        
RUN-1001 :        infer_ram        |     on     |        on        |        
RUN-1001 :        infer_reg        |     on     |        on        |        
RUN-1001 :   infer_reg_init_value  |     on     |        on        |        
RUN-1001 :        infer_rom        |     on     |        on        |        
RUN-1001 :      infer_shifter      |     on     |        on        |        
RUN-1001 : --------------------------------------------------------------
RUN-1001 : Print Rtl Property
RUN-1001 : --------------------------------------------------------------
RUN-1001 :        Parameters       |  Settings  |  Default Values  |  Note  
RUN-1001 : --------------------------------------------------------------
RUN-1001 :       compress_add      |   ripple   |      ripple      |        
RUN-1001 :        elf_sload        |    off     |       off        |        
RUN-1001 :       fix_undriven      |     0      |        0         |        
RUN-1001 :         flatten         |    off     |       off        |        
RUN-1001 :       gate_sharing      |     on     |        on        |        
RUN-1001 :    hdl_warning_level    |   normal   |      normal      |        
RUN-1001 :   impl_internal_tribuf  |     on     |        on        |        
RUN-1001 :      impl_set_reset     |     on     |        on        |        
RUN-1001 :        infer_gsr        |    off     |       off        |        
RUN-1001 :      keep_hierarchy     |    auto    |       auto       |        
RUN-1001 :        max_fanout       |    9999    |       9999       |        
RUN-1001 :      max_oh2bin_len     |     10     |        10        |        
RUN-1001 :       merge_equal       |     on     |        on        |        
RUN-1001 :       merge_equiv       |     on     |        on        |        
RUN-1001 :        merge_mux        |    off     |       off        |        
RUN-1001 :     min_control_set     |     8      |        8         |        
RUN-1001 :      min_ripple_len     |    auto    |       auto       |        
RUN-1001 :       oh2bin_ratio      |    0.08    |       0.08       |        
RUN-1001 :     opt_adder_fanout    |     on     |        on        |        
RUN-1001 :        opt_arith        |     on     |        on        |        
RUN-1001 :       opt_big_gate      |    off     |       off        |        
RUN-1001 :        opt_const        |     on     |        on        |        
RUN-1001 :      opt_const_mult     |     on     |        on        |        
RUN-1001 :       opt_lessthan      |     on     |        on        |        
RUN-1001 :         opt_mux         |    off     |       off        |        
RUN-1001 :         opt_ram         |    high    |       high       |        
RUN-1001 :      rtl_sim_model      |    off     |       off        |        
RUN-1001 :         seq_syn         |     on     |        on        |        
RUN-1001 : --------------------------------------------------------------
RUN-1001 : Print Global Property
RUN-1001 : ---------------------------------------------------------------
RUN-1001 :        Parameters        |  Settings  |  Default Values  |  Note  
RUN-1001 : ---------------------------------------------------------------
RUN-1001 :          message         |  standard  |     standard     |        
RUN-1001 :   mixed_pack_place_flow  |     on     |        on        |        
RUN-1001 :        qor_monitor       |    off     |       off        |        
RUN-1001 :        syn_ip_flow       |    off     |       off        |        
RUN-1001 :          thread          |    auto    |       auto       |        
RUN-1001 : ---------------------------------------------------------------
RUN-1001 : Print Design Property
RUN-1001 : --------------------------------------------------------------
RUN-1001 :        Parameters       |  Settings  |  Default Values  |  Note  
RUN-1001 : --------------------------------------------------------------
RUN-1001 :   default_reg_initial   |    auto    |       auto       |        
RUN-1001 :        infer_add        |     on     |        on        |        
RUN-1001 :        infer_fsm        |    off     |       off        |        
RUN-1001 :        infer_mult       |     on     |        on        |        
RUN-1001 :        infer_ram        |     on     |        on        |        
RUN-1001 :        infer_reg        |     on     |        on        |        
RUN-1001 :   infer_reg_init_value  |     on     |        on        |        
RUN-1001 :        infer_rom        |     on     |        on        |        
RUN-1001 :      infer_shifter      |     on     |        on        |        
RUN-1001 : --------------------------------------------------------------
HDL-1007 : elaborate module demo_1st_top in ../../01_src/01_rtl/demo_1st_top.v(18)
HDL-1007 : elaborate module my_pll in ../../01_src/03_ip/my_pll.v(25)
HDL-1007 : elaborate module EG_LOGIC_BUFG in D:/Chang/software/TD/arch/eagle_macro.v(8)
HDL-1007 : elaborate module EG_PHY_PLL(FIN="50.000",FBCLK_DIV=8,CLKC1_DIV=2,CLKC2_DIV=4,CLKC3_DIV=80,CLKC0_ENABLE="ENABLE",CLKC1_ENABLE="ENABLE",CLKC2_ENABLE="ENABLE",CLKC3_ENABLE="ENABLE",FEEDBK_PATH="CLKC0_EXT",STDBY_ENABLE="DISABLE",CLKC2_CPHASE=3,CLKC3_CPHASE=79,GMC_GAIN=4,ICP_CURRENT=13,KVCO=4,LPF_CAPACITOR=1,LPF_RESISTOR=4,SYNC_ENABLE="DISABLE") in D:/Chang/software/TD/arch/eagle_macro.v(930)
HDL-1007 : elaborate module emif_signal_op in ../../01_src/01_rtl/emif_signal_op.v(18)
HDL-1007 : elaborate module emif_setio in ../../01_src/01_rtl/emif_setio.v(18)
HDL-1007 : elaborate module emif_control in ../../01_src/01_rtl/emif_control.v(18)
HDL-1007 : elaborate module emif_read in ../../01_src/01_rtl/emif_read.v(18)
HDL-5007 WARNING: actual bit length 1 differs from formal bit length 16 for port 'data_in' in ../../01_src/01_rtl/demo_1st_top.v(181)
HDL-1007 : elaborate module emif_write in ../../01_src/01_rtl/emif_write.v(18)
HDL-1007 : elaborate module encoder_control in ../../01_src/01_rtl/encoder_control.v(18)
HDL-1007 : elaborate module four_sub in ../../01_src/01_rtl/four_sub.v(18)
HDL-1007 : elaborate module biss_control in ../../01_src/01_rtl/biss_control.v(18)
HDL-5007 WARNING: net 'CRC_TABLE[64][31]' does not have a driver in ../../01_src/01_rtl/biss_control.v(84)
HDL-5007 WARNING: actual bit length 1 differs from formal bit length 6 for port 'crc_data' in ../../01_src/01_rtl/encoder_control.v(95)
HDL-5007 WARNING: actual bit length 1 differs from formal bit length 2 for port 'err_data' in ../../01_src/01_rtl/encoder_control.v(96)
HDL-5007 WARNING: actual bit length 1 differs from formal bit length 26 for port 'data_out' in ../../01_src/01_rtl/encoder_control.v(98)
HDL-1007 : elaborate module ssi_control in ../../01_src/01_rtl/ssi_control.v(18)
HDL-5007 WARNING: actual bit length 1 differs from formal bit length 32 for port 'data_out' in ../../01_src/01_rtl/encoder_control.v(112)
HDL-1007 : elaborate module sin_control in ../../01_src/01_rtl/sin_control.v(18)
HDL-1007 : elaborate module ads8350_sample in ../../01_src/01_rtl/ads8350_sample.v(18)
HDL-1007 : elaborate module fir in ../../01_src/01_rtl/fir.v(18)
HDL-1007 : elaborate module filter_verilog in ../../01_src/01_rtl/filter_verilog.v(18)
HDL-5007 WARNING: actual bit length 1 differs from formal bit length 32 for port 'data_out' in ../../01_src/01_rtl/encoder_control.v(133)
HDL-5007 WARNING: actual bit length 5 differs from formal bit length 1 for port 'mode' in ../../01_src/01_rtl/demo_1st_top.v(216)
HDL-1007 : elaborate module led in ../../01_src/01_rtl/led.v(18)
HDL-5007 WARNING: net 'we_logic' does not have a driver in ../../01_src/01_rtl/demo_1st_top.v(179)
HDL-5007 WARNING: net 'emif_data_in' does not have a driver in ../../01_src/01_rtl/demo_1st_top.v(181)
HDL-1200 : Current top model is demo_1st_top
HDL-1100 : Inferred 0 RAMs.
RUN-1002 : start command "export_db demo_1st_elaborate.db"
RUN-1001 : Exported /
RUN-1001 : Exported flow parameters
RUN-1001 : Exported libs
RUN-1001 : Exported entities
RUN-1001 : Exported ports
RUN-1001 : Exported pins
RUN-1001 : Exported instances
RUN-1001 : Exported nets
RUN-1001 : Exported buses
RUN-1001 : Exported models
RUN-1001 : Exported congestions
RUN-1001 : Exported violations
RUN-1001 : Exported IO constraints
RUN-1001 : Exported Inst constraints
RUN-1002 : start command "backup_run_log run.log ../.logs/syn_1/td_20241219_111628.log"
