============================================================
   Tang Dynasty, V5.6.71036
      Copyright (c) 2012-2023 Anlogic Inc.
   Executable = D:/Chang/software/TD/bin/td.exe
   Built at =   20:34:38 Mar 21 2023
   Run by =     Admin
   Run Date =   Mon Dec 23 10:02:11 2024

   Run on =     DZ-CHANGRENWEI
============================================================
RUN-1002 : start command "open_project demo_1st.prj"
RUN-1001 : Print Global Property
RUN-1001 : ---------------------------------------------------------------
RUN-1001 :        Parameters        |  Settings  |  Default Values  |  Note  
RUN-1001 : ---------------------------------------------------------------
RUN-1001 :          message         |  standard  |     standard     |        
RUN-1001 :   mixed_pack_place_flow  |     on     |        on        |        
RUN-1001 :        qor_monitor       |    off     |       off        |        
RUN-1001 :        syn_ip_flow       |    off     |       off        |        
RUN-1001 :          thread          |    auto    |       auto       |        
RUN-1001 : ---------------------------------------------------------------
RUN-1001 : Print Design Property
RUN-1001 : --------------------------------------------------------------
RUN-1001 :        Parameters       |  Settings  |  Default Values  |  Note  
RUN-1001 : --------------------------------------------------------------
RUN-1001 :   default_reg_initial   |    auto    |       auto       |        
RUN-1001 :        infer_add        |     on     |        on        |        
RUN-1001 :        infer_fsm        |    off     |       off        |        
RUN-1001 :        infer_mult       |     on     |        on        |        
RUN-1001 :        infer_ram        |     on     |        on        |        
RUN-1001 :        infer_reg        |     on     |        on        |        
RUN-1001 :   infer_reg_init_value  |     on     |        on        |        
RUN-1001 :        infer_rom        |     on     |        on        |        
RUN-1001 :      infer_shifter      |     on     |        on        |        
RUN-1001 : --------------------------------------------------------------
RUN-1001 : Print Rtl Property
RUN-1001 : --------------------------------------------------------------
RUN-1001 :        Parameters       |  Settings  |  Default Values  |  Note  
RUN-1001 : --------------------------------------------------------------
RUN-1001 :       compress_add      |   ripple   |      ripple      |        
RUN-1001 :        elf_sload        |    off     |       off        |        
RUN-1001 :       fix_undriven      |     0      |        0         |        
RUN-1001 :         flatten         |    off     |       off        |        
RUN-1001 :       gate_sharing      |     on     |        on        |        
RUN-1001 :    hdl_warning_level    |   normal   |      normal      |        
RUN-1001 :   impl_internal_tribuf  |     on     |        on        |        
RUN-1001 :      impl_set_reset     |     on     |        on        |        
RUN-1001 :        infer_gsr        |    off     |       off        |        
RUN-1001 :      keep_hierarchy     |    auto    |       auto       |        
RUN-1001 :        max_fanout       |    9999    |       9999       |        
RUN-1001 :      max_oh2bin_len     |     10     |        10        |        
RUN-1001 :       merge_equal       |     on     |        on        |        
RUN-1001 :       merge_equiv       |     on     |        on        |        
RUN-1001 :        merge_mux        |    off     |       off        |        
RUN-1001 :     min_control_set     |     8      |        8         |        
RUN-1001 :      min_ripple_len     |    auto    |       auto       |        
RUN-1001 :       oh2bin_ratio      |    0.08    |       0.08       |        
RUN-1001 :     opt_adder_fanout    |     on     |        on        |        
RUN-1001 :        opt_arith        |     on     |        on        |        
RUN-1001 :       opt_big_gate      |    off     |       off        |        
RUN-1001 :        opt_const        |     on     |        on        |        
RUN-1001 :      opt_const_mult     |     on     |        on        |        
RUN-1001 :       opt_lessthan      |     on     |        on        |        
RUN-1001 :         opt_mux         |    off     |       off        |        
RUN-1001 :         opt_ram         |    high    |       high       |        
RUN-1001 :      rtl_sim_model      |    off     |       off        |        
RUN-1001 :         seq_syn         |     on     |        on        |        
RUN-1001 : --------------------------------------------------------------
HDL-1007 : analyze verilog file ../../01_src/03_ip/my_pll.v
HDL-1007 : undeclared symbol 'open', assumed default net type 'wire' in ../../01_src/03_ip/my_pll.v(92)
HDL-1007 : analyze verilog file ../../01_src/03_ip/rst_BUFG.v
HDL-1007 : analyze verilog file ../../01_src/01_rtl/demo_1st_top.v
HDL-1007 : analyze verilog file ../../01_src/01_rtl/emif_signal_op.v
HDL-1007 : analyze verilog file ../../01_src/01_rtl/emif_setio.v
HDL-1007 : analyze verilog file ../../01_src/01_rtl/led.v
HDL-1007 : analyze verilog file ../../01_src/01_rtl/emif_control.v
HDL-1007 : analyze verilog file ../../01_src/01_rtl/emif_read.v
HDL-1007 : analyze verilog file ../../01_src/01_rtl/emif_write.v
HDL-1007 : analyze verilog file ../../01_src/01_rtl/encoder_control.v
HDL-1007 : analyze verilog file ../../01_src/01_rtl/four_sub.v
HDL-1007 : analyze verilog file ../../01_src/01_rtl/ssi_control.v
HDL-1007 : undeclared symbol 'DATA2STOP_start', assumed default net type 'wire' in ../../01_src/01_rtl/ssi_control.v(66)
HDL-1007 : analyze verilog file ../../01_src/01_rtl/sin_control.v
HDL-1007 : analyze verilog file ../../01_src/01_rtl/ads8350_sample.v
HDL-1007 : analyze verilog file ../../01_src/01_rtl/fir.v
HDL-1007 : analyze verilog file ../../01_src/01_rtl/filter_verilog.v
HDL-1007 : analyze verilog file ../../01_src/01_rtl/tawa_control.v
HDL-1007 : analyze verilog file ../../01_src/01_rtl/crc_calc.v
HDL-1007 : analyze verilog file ../../01_src/01_rtl/uart_control.v
HDL-1007 : analyze verilog file ../../01_src/01_rtl/uart_recv.v
HDL-1007 : analyze verilog file ../../01_src/01_rtl/uart_send.v
HDL-1007 : analyze verilog file ../../01_src/01_rtl/endat_contol.v
HDL-1007 : analyze verilog file ../../01_src/01_rtl/endat_control_smaple.v
HDL-1007 : analyze verilog file ../../01_src/01_rtl/biss_controll.v
HDL-5007 WARNING: redeclaration of ANSI port 'crc_data' is not allowed in ../../01_src/01_rtl/biss_controll.v(23)
HDL-5007 WARNING: redeclaration of ANSI port 'err_data' is not allowed in ../../01_src/01_rtl/biss_controll.v(25)
HDL-1007 : undeclared symbol 'de', assumed default net type 'wire' in ../../01_src/01_rtl/biss_controll.v(29)
HDL-1007 : analyze verilog file ../../01_src/01_rtl/biss_control_in.v
HDL-1007 : analyze verilog file ../../01_src/01_rtl/biss_crc6.v
RUN-1001 : Project manager successfully analyzed 26 source files.
RUN-1002 : start command "import_device eagle_20.db -package EG4X20BG256"
ARC-1001 : Device Initialization.
ARC-1001 : ------------------------------------------------------------------
ARC-1001 :            OPTION            |          IO          |   SETTING   
ARC-1001 : ------------------------------------------------------------------
ARC-1001 :   cso_b/cclk/mosi/miso/dout  |  T3/R11/T10/P10/M14  |    gpio    
ARC-1001 :             done             |         P13          |    gpio    
ARC-1001 :           program_b          |          T2          |  dedicate  
ARC-1001 :        tdi/tms/tck/tdo       |   C12/A15/C14/E14    |  dedicate  
ARC-1001 : ------------------------------------------------------------------
ARC-1004 : Device setting, marked 5 dedicate IOs in total.
RUN-1002 : start command "import_db ../syn_1/demo_1st_gate.db"
RUN-1001 : Importing database generated by Tang Dynasty, V5.6.71036.
RUN-1001 : Database version number 46146.
RUN-1001 : Import flow parameters
RUN-1001 : Import timing constraints
RUN-1001 : Import IO constraints
RUN-1001 : Import Inst constraints
RUN-1001 : Import design success TD_VERSION=5.6.71036 , DB_VERSION=46146
RUN-1003 : finish command "import_db ../syn_1/demo_1st_gate.db" in  1.421175s wall, 1.359375s user + 0.062500s system = 1.421875s CPU (100.0%)

RUN-1004 : used memory is 237 MB, reserved memory is 216 MB, peak memory is 240 MB
RUN-1002 : start command "read_sdc ../../01_src/04_pin/demo_1st.sdc"
RUN-1002 : start command "get_ports sys_clk_in"
RUN-1002 : start command "create_clock -name sys_clk_50m -period 20 -waveform 0 10 "
RUN-1102 : create_clock: clock name: sys_clk_50m, type: 0, period: 20000, rise: 0, fall: 10000.
RUN-1002 : start command "derive_pll_clocks"
USR-1002 : Gen clock cmd:  create_generated_clock -name {u1_pll/pll_inst.clkc[0]} -source [get_ports {sys_clk_in}] -master_clock {sys_clk_50m} -multiply_by 8.0000 [get_pins {u1_pll/pll_inst.clkc[0]}]
RUN-1002 : start command "get_ports sys_clk_in"
RUN-1002 : start command "get_pins u1_pll/pll_inst.clkc[0]"
RUN-1002 : start command "create_generated_clock -name u1_pll/pll_inst.clkc[0] -source  -master_clock sys_clk_50m -multiply_by 8.0000 "
USR-1002 : Gen clock cmd:  create_generated_clock -name {u1_pll/pll_inst.clkc[1]} -source [get_ports {sys_clk_in}] -master_clock {sys_clk_50m} -multiply_by 4.0000 [get_pins {u1_pll/pll_inst.clkc[1]}]
RUN-1002 : start command "get_ports sys_clk_in"
RUN-1002 : start command "get_pins u1_pll/pll_inst.clkc[1]"
RUN-1002 : start command "create_generated_clock -name u1_pll/pll_inst.clkc[1] -source  -master_clock sys_clk_50m -multiply_by 4.0000 "
USR-1002 : Gen clock cmd:  create_generated_clock -name {u1_pll/pll_inst.clkc[2]} -source [get_ports {sys_clk_in}] -master_clock {sys_clk_50m} -multiply_by 2.0000 [get_pins {u1_pll/pll_inst.clkc[2]}]
RUN-1002 : start command "get_ports sys_clk_in"
RUN-1002 : start command "get_pins u1_pll/pll_inst.clkc[2]"
RUN-1002 : start command "create_generated_clock -name u1_pll/pll_inst.clkc[2] -source  -master_clock sys_clk_50m -multiply_by 2.0000 "
USR-1002 : Gen clock cmd:  create_generated_clock -name {u1_pll/pll_inst.clkc[3]} -source [get_ports {sys_clk_in}] -master_clock {sys_clk_50m} -divide_by 10.0000 [get_pins {u1_pll/pll_inst.clkc[3]}]
RUN-1002 : start command "get_ports sys_clk_in"
RUN-1002 : start command "get_pins u1_pll/pll_inst.clkc[3]"
RUN-1002 : start command "create_generated_clock -name u1_pll/pll_inst.clkc[3] -source  -master_clock sys_clk_50m -divide_by 10.0000 "
RUN-1002 : start command "place"
RUN-1001 : Open license file D:/Chang/software/TD/license/Anlogic.lic
RUN-1001 : Print Global Property
RUN-1001 : ---------------------------------------------------------------
RUN-1001 :        Parameters        |  Settings  |  Default Values  |  Note  
RUN-1001 : ---------------------------------------------------------------
RUN-1001 :          message         |  standard  |     standard     |        
RUN-1001 :   mixed_pack_place_flow  |     on     |        on        |        
RUN-1001 :        qor_monitor       |    off     |       off        |        
RUN-1001 :        syn_ip_flow       |    off     |       off        |        
RUN-1001 :          thread          |    auto    |       auto       |        
RUN-1001 : ---------------------------------------------------------------
RUN-1001 : Print Place Property
RUN-1001 : --------------------------------------------------------------
RUN-1001 :        Parameters       |  Settings  |  Default Values  |  Note  
RUN-1001 : --------------------------------------------------------------
RUN-1001 :      detailed_place     |     on     |        on        |        
RUN-1001 :          effort         |   medium   |      medium      |        
RUN-1001 :         fix_hold        |    off     |       off        |        
RUN-1001 :       legalization      |    ori     |       ori        |        
RUN-1001 :      new_spreading      |     on     |        on        |        
RUN-1001 :        opt_timing       |   medium   |      medium      |        
RUN-1001 :   post_clock_route_opt  |    off     |       off        |        
RUN-1001 :       pr_strategy       |     1      |        1         |        
RUN-1001 :        relaxation       |    1.00    |       1.00       |        
RUN-1001 :         retiming        |    off     |       off        |        
RUN-1001 : --------------------------------------------------------------
PHY-3001 : Placer runs in 16 thread(s).
RUN-1002 : start command "legalize_phy_inst"
SYN-1011 : Flatten model demo_1st_top
SYN-5055 WARNING: The kept net u8_encoder/u11_biss/U2_control/data_crc[5] will be merged to another kept net u8_encoder/u11_biss/U2_control/crc_data[5]
SYN-5055 WARNING: The kept net u8_encoder/u11_biss/U2_control/data_crc[4] will be merged to another kept net u8_encoder/u11_biss/U2_control/crc_data[4]
SYN-5055 WARNING: The kept net u8_encoder/u11_biss/U2_control/data_crc[3] will be merged to another kept net u8_encoder/u11_biss/U2_control/crc_data[3]
SYN-5055 WARNING: The kept net u8_encoder/u11_biss/U2_control/data_crc[2] will be merged to another kept net u8_encoder/u11_biss/U2_control/crc_data[2]
SYN-5055 WARNING: The kept net u8_encoder/u11_biss/U2_control/data_crc[1] will be merged to another kept net u8_encoder/u11_biss/U2_control/crc_data[1]
SYN-5055 WARNING: The kept net u8_encoder/u11_biss/U2_control/data_crc[0] will be merged to another kept net u8_encoder/u11_biss/U2_control/crc_data[0]
SYN-5055 WARNING: The kept net u8_encoder/u11_biss/U2_control/angle[25] will be merged to another kept net u8_encoder/u11_biss/U2_control/data_out[25]
SYN-5055 WARNING: The kept net u8_encoder/u11_biss/data[25] will be merged to another kept net u8_encoder/u11_biss/U2_control/data_out[25]
SYN-5055 WARNING: The kept net u8_encoder/u11_biss/U2_control/angle[24] will be merged to another kept net u8_encoder/u11_biss/U2_control/data_out[24]
SYN-5055 WARNING: The kept net u8_encoder/u11_biss/data[24] will be merged to another kept net u8_encoder/u11_biss/U2_control/data_out[24]
SYN-5055 Similar messages will be suppressed.
RUN-1002 : start command "phys_opt -simplify_lut"
SYN-1032 : 11189/1 useful/useless nets, 5438/0 useful/useless insts
SYN-4016 : Net u4_setio/clk driven by BUFG (25 clock/control pins, 1 other pins).
SYN-4016 : Net rst_n driven by BUFG (2008 clock/control pins, 0 other pins).
SYN-4027 : Net u8_encoder/u11_biss/U3_CRC/clk is clkc1 of pll u1_pll/pll_inst.
SYN-4027 : Net u8_encoder/clk_100M is clkc2 of pll u1_pll/pll_inst.
SYN-4027 : Net u8_encoder/u11_biss/U2_control/clk_5M is clkc3 of pll u1_pll/pll_inst.
SYN-4019 : Net sys_clk_in_dup_1 is refclk of pll u1_pll/pll_inst.
SYN-4020 : Net sys_clk_in_dup_1 is fbclk of pll u1_pll/pll_inst.
SYN-4024 : Net "u8_encoder/u11_biss/U2_control/clk_out_reg1" drives clk pins.
SYN-4024 : Net "u8_encoder/u12_ssi/clk_out_reg1" drives clk pins.
SYN-4024 : Net "u8_encoder/u15_endat/u41_control/clk_out_reg1" drives clk pins.
SYN-4024 : Net "u8_encoder/u15_endat/u41_control/clk_200k" drives clk pins.
SYN-4024 : Net "u8_encoder/u12_ssi/clk_2M" drives clk pins.
SYN-4025 : Tag rtl::Net rst_n as clock net
SYN-4025 : Tag rtl::Net sys_clk_in_dup_1 as clock net
SYN-4025 : Tag rtl::Net u4_setio/clk as clock net
SYN-4025 : Tag rtl::Net u8_encoder/clk_100M as clock net
SYN-4025 : Tag rtl::Net u8_encoder/u11_biss/U2_control/clk_5M as clock net
SYN-4025 : Tag rtl::Net u8_encoder/u11_biss/U2_control/clk_out_reg1 as clock net
SYN-4025 : Tag rtl::Net u8_encoder/u11_biss/U3_CRC/clk as clock net
SYN-4025 : Tag rtl::Net u8_encoder/u12_ssi/clk_2M as clock net
SYN-4025 : Tag rtl::Net u8_encoder/u12_ssi/clk_out_reg1 as clock net
SYN-4025 : Tag rtl::Net u8_encoder/u15_endat/u41_control/clk_200k as clock net
SYN-4025 : Tag rtl::Net u8_encoder/u15_endat/u41_control/clk_out_reg1 as clock net
SYN-4026 : Tagged 11 rtl::Net as clock net
SYN-4015 : Create BUFG instance for clk Net u8_encoder/u11_biss/U2_control/clk_out_reg1 to drive 35 clock pins.
SYN-4015 : Create BUFG instance for clk Net u8_encoder/u12_ssi/clk_out_reg1 to drive 24 clock pins.
SYN-4015 : Create BUFG instance for clk Net u8_encoder/u15_endat/u41_control/clk_out_reg1 to drive 21 clock pins.
SYN-4015 : Create BUFG instance for clk Net u8_encoder/u15_endat/u41_control/clk_200k to drive 17 clock pins.
SYN-4015 : Create BUFG instance for clk Net u8_encoder/u12_ssi/clk_2M to drive 8 clock pins.
PHY-1001 : Populate physical database on model demo_1st_top.
RUN-1001 : There are total 5443 instances
RUN-0007 : 1346 luts, 1912 seqs, 1382 mslices, 710 lslices, 53 pads, 0 brams, 29 dsps
RUN-1001 : There are total 11194 nets
RUN-6004 WARNING: There are 6 nets with only 1 pin.
RUN-1001 : 8667 nets have 2 pins
RUN-1001 : 1896 nets have [3 - 5] pins
RUN-1001 : 472 nets have [6 - 10] pins
RUN-1001 : 103 nets have [11 - 20] pins
RUN-1001 : 44 nets have [21 - 99] pins
RUN-1001 : 6 nets have 100+ pins
RUN-1001 : Report Control nets information:
RUN-1001 : DFF Distribution
RUN-1001 : ----------------------------------
RUN-1001 :   CE   |  SSR  |  ASR  |  DFF Count  
RUN-1001 : ----------------------------------
RUN-1001 :   No   |  No   |  No   |      7      
RUN-1001 :   No   |  No   |  Yes  |     723     
RUN-1001 :   No   |  Yes  |  No   |      0      
RUN-1001 :   Yes  |  No   |  No   |     32      
RUN-1001 :   Yes  |  No   |  Yes  |    1150     
RUN-1001 :   Yes  |  Yes  |  No   |      0      
RUN-1001 : ----------------------------------
RUN-0007 : Control Group Statistic
RUN-0007 : ---------------------------
RUN-0007 :   #CLK  |  #CE  |  #SSR/ASR  
RUN-0007 : ---------------------------
RUN-0007 :    9    |   9   |     2      
RUN-0007 : ---------------------------
RUN-0007 : Control Set = 18
PHY-3001 : Initial placement ...
PHY-3001 : design contains 5441 instances, 1346 luts, 1912 seqs, 2092 slices, 211 macros(2092 instances: 1382 mslices 710 lslices)
PHY-3001 : Huge net u8_encoder/u13_sin/u21_sample/conv_done_reg with 1086 pins
PHY-0007 : Cell area utilization is 28%
PHY-3001 : Start timing update ...
RUN-1002 : start command "start_timer -report"
TMR-2505 : Start building timing graph for model demo_1st_top.
TMR-2506 : Build timing graph completely. Port num: 23, tpin num: 35321, tnet num: 11192, tinst num: 5441, tnode num: 42618, tedge num: 71647.
TMR-2508 : Levelizing timing graph completed, there are 53 levels in total.
TMR-2501 : Timing graph initialized successfully.
TMR-2503 : Start to update net delay, extr mode = 2.
TMR-2504 : Update delay of 11192 nets completely.
TMR-2502 : Annotate delay completely, extr mode = 2.
TMR-3001 : Initiate 5 clocks from SDC.
TMR-3004 : Map sdc constraints, there are 0 constraints in total.
TMR-3003 : Constraints initiated successfully.
TMR-3501 : Forward propagation: start to calculate arrival time...
TMR-3502 : Backward propagation: start to calculate required time...
TMR-3503 : Timing propagation completes.
PHY-3001 : End timing update;  1.003822s wall, 0.984375s user + 0.015625s system = 1.000000s CPU (99.6%)

PHY-3001 : Global placement ...
PHY-3001 : Initial: Len = 2.87993e+06
PHY-3001 : Clustering ...
PHY-3001 : Level 0 #clusters 5441.
PHY-3001 : End clustering;  0.000013s wall, 0.000000s user + 0.000000s system = 0.000000s CPU (n/a%)

PHY-3001 : Run with size of 4
PHY-3001 : Cell area utilization is 28%
PHY-3001 : :::0::: Try harder cell spreading with beta_ = 0
PHY-3002 : Step(1): len = 2.13239e+06, overlap = 69.125
PHY-3002 : Step(2): len = 1.7319e+06, overlap = 71.0312
PHY-3002 : Step(3): len = 1.53729e+06, overlap = 81.5312
PHY-3002 : Step(4): len = 1.39712e+06, overlap = 120.438
PHY-3002 : Step(5): len = 1.29223e+06, overlap = 148.312
PHY-3002 : Step(6): len = 1.20204e+06, overlap = 199.625
PHY-3002 : Step(7): len = 1.11843e+06, overlap = 217.281
PHY-3002 : Step(8): len = 1.04915e+06, overlap = 246.469
PHY-3002 : Step(9): len = 986577, overlap = 276.062
PHY-3002 : Step(10): len = 929728, overlap = 318.219
PHY-3002 : Step(11): len = 874695, overlap = 355.688
PHY-3002 : Step(12): len = 832610, overlap = 392.531
PHY-3002 : Step(13): len = 791112, overlap = 414.281
PHY-3002 : Step(14): len = 750049, overlap = 430.969
PHY-3002 : Step(15): len = 718009, overlap = 439.469
PHY-3002 : Step(16): len = 682501, overlap = 455.625
PHY-3002 : Step(17): len = 644997, overlap = 472.531
PHY-3002 : Step(18): len = 616373, overlap = 491.562
PHY-3002 : Step(19): len = 581782, overlap = 510.688
PHY-3002 : Step(20): len = 554511, overlap = 536.344
PHY-3002 : Step(21): len = 522576, overlap = 560.406
PHY-3002 : Step(22): len = 496755, overlap = 567.469
PHY-3002 : Step(23): len = 468181, overlap = 581.469
PHY-3002 : Step(24): len = 435579, overlap = 594.875
PHY-3002 : Step(25): len = 413025, overlap = 599.812
PHY-3002 : Step(26): len = 392300, overlap = 617.531
PHY-3002 : Step(27): len = 373540, overlap = 627.156
PHY-3002 : Step(28): len = 355316, overlap = 629.906
PHY-3002 : Step(29): len = 335120, overlap = 639.062
PHY-3002 : Step(30): len = 312058, overlap = 661.938
PHY-3002 : Step(31): len = 295405, overlap = 672
PHY-3002 : Step(32): len = 282215, overlap = 671.812
PHY-3001 : :::1::: Try harder cell spreading with beta_ = 5.91836e-06
PHY-3002 : Step(33): len = 311151, overlap = 616.188
PHY-3002 : Step(34): len = 370631, overlap = 520.938
PHY-3002 : Step(35): len = 375551, overlap = 452.781
PHY-3002 : Step(36): len = 341907, overlap = 422.469
PHY-3002 : Step(37): len = 320583, overlap = 413.375
PHY-3002 : Step(38): len = 312898, overlap = 402.562
PHY-3002 : Step(39): len = 318086, overlap = 367.469
PHY-3002 : Step(40): len = 335841, overlap = 333.719
PHY-3002 : Step(41): len = 322181, overlap = 305.938
PHY-3002 : Step(42): len = 311591, overlap = 304.531
PHY-3002 : Step(43): len = 304841, overlap = 303.469
PHY-3002 : Step(44): len = 302850, overlap = 298.75
PHY-3002 : Step(45): len = 303215, overlap = 294.875
PHY-3002 : Step(46): len = 305300, overlap = 278.875
PHY-3002 : Step(47): len = 295657, overlap = 258.625
PHY-3002 : Step(48): len = 289928, overlap = 244.281
PHY-3002 : Step(49): len = 283999, overlap = 241.438
PHY-3002 : Step(50): len = 281124, overlap = 246.156
PHY-3002 : Step(51): len = 277541, overlap = 235.75
PHY-3002 : Step(52): len = 277832, overlap = 238.406
PHY-3002 : Step(53): len = 274693, overlap = 238.688
PHY-3002 : Step(54): len = 271684, overlap = 234.656
PHY-3002 : Step(55): len = 267049, overlap = 235.719
PHY-3002 : Step(56): len = 266400, overlap = 247.5
PHY-3002 : Step(57): len = 262804, overlap = 241.219
PHY-3002 : Step(58): len = 260658, overlap = 242.031
PHY-3002 : Step(59): len = 259079, overlap = 240.938
PHY-3002 : Step(60): len = 259508, overlap = 240.906
PHY-3001 : :::2::: Try harder cell spreading with beta_ = 1.18367e-05
PHY-3002 : Step(61): len = 264270, overlap = 243.5
PHY-3002 : Step(62): len = 275786, overlap = 226.688
PHY-3002 : Step(63): len = 277249, overlap = 226.438
PHY-3002 : Step(64): len = 271992, overlap = 218.812
PHY-3002 : Step(65): len = 268961, overlap = 214.969
PHY-3002 : Step(66): len = 268778, overlap = 214.438
PHY-3002 : Step(67): len = 278324, overlap = 199.219
PHY-3002 : Step(68): len = 282321, overlap = 192.469
PHY-3002 : Step(69): len = 284748, overlap = 176.188
PHY-3002 : Step(70): len = 283488, overlap = 178.156
PHY-3002 : Step(71): len = 284331, overlap = 176.531
PHY-3002 : Step(72): len = 284750, overlap = 177.969
PHY-3001 : :::3::: Try harder cell spreading with beta_ = 2.36734e-05
PHY-3002 : Step(73): len = 294861, overlap = 180.469
PHY-3002 : Step(74): len = 302934, overlap = 176.844
PHY-3002 : Step(75): len = 306539, overlap = 166.031
PHY-3001 : :::4::: Try harder cell spreading with beta_ = 4.73469e-05
PHY-3002 : Step(76): len = 308356, overlap = 169.312
PHY-3002 : Step(77): len = 313844, overlap = 163.375
PHY-3002 : Step(78): len = 334502, overlap = 145.219
PHY-3002 : Step(79): len = 358056, overlap = 127.656
PHY-3002 : Step(80): len = 355129, overlap = 122.344
PHY-3002 : Step(81): len = 358682, overlap = 120.375
PHY-3002 : Step(82): len = 367731, overlap = 109.531
PHY-3002 : Step(83): len = 374254, overlap = 97.1875
PHY-3002 : Step(84): len = 372656, overlap = 100.5
PHY-3002 : Step(85): len = 374488, overlap = 105.312
PHY-3002 : Step(86): len = 377553, overlap = 98.9062
PHY-3002 : Step(87): len = 379680, overlap = 103.406
PHY-3002 : Step(88): len = 376963, overlap = 95.8125
PHY-3002 : Step(89): len = 375807, overlap = 99.7188
PHY-3002 : Step(90): len = 377224, overlap = 106.469
PHY-3002 : Step(91): len = 377962, overlap = 98.4062
PHY-3002 : Step(92): len = 378273, overlap = 104.375
PHY-3002 : Step(93): len = 379198, overlap = 100.5
PHY-3002 : Step(94): len = 380105, overlap = 98.9375
PHY-3002 : Step(95): len = 377110, overlap = 97.8125
PHY-3002 : Step(96): len = 375713, overlap = 101.438
PHY-3002 : Step(97): len = 375336, overlap = 96
PHY-3001 : :::5::: Try harder cell spreading with beta_ = 9.46938e-05
PHY-3002 : Step(98): len = 384746, overlap = 87.9375
PHY-3002 : Step(99): len = 389137, overlap = 87.1875
PHY-3002 : Step(100): len = 394579, overlap = 82.25
PHY-3002 : Step(101): len = 399595, overlap = 79.8125
PHY-3002 : Step(102): len = 406830, overlap = 75.0625
PHY-3002 : Step(103): len = 406877, overlap = 74.9375
PHY-3002 : Step(104): len = 406539, overlap = 77.6875
PHY-3002 : Step(105): len = 407357, overlap = 80.4375
PHY-3002 : Step(106): len = 409360, overlap = 76.6875
PHY-3002 : Step(107): len = 409340, overlap = 74.1875
PHY-3002 : Step(108): len = 409330, overlap = 71.375
PHY-3002 : Step(109): len = 409053, overlap = 70.0625
PHY-3001 : :::6::: Try harder cell spreading with beta_ = 0.000189388
PHY-3002 : Step(110): len = 413547, overlap = 68.6875
PHY-3002 : Step(111): len = 420369, overlap = 68.9375
PHY-3002 : Step(112): len = 427534, overlap = 63.5
PHY-3002 : Step(113): len = 436917, overlap = 54.0625
PHY-3002 : Step(114): len = 441147, overlap = 61.25
PHY-3002 : Step(115): len = 441898, overlap = 58.5
PHY-3002 : Step(116): len = 445889, overlap = 57.6875
PHY-3002 : Step(117): len = 450216, overlap = 57.3125
PHY-3002 : Step(118): len = 449319, overlap = 58.5625
PHY-3002 : Step(119): len = 453886, overlap = 54.6875
PHY-3002 : Step(120): len = 456412, overlap = 58.4375
PHY-3002 : Step(121): len = 457086, overlap = 57.8125
PHY-3002 : Step(122): len = 457753, overlap = 59.5625
PHY-3002 : Step(123): len = 458089, overlap = 48.1875
PHY-3002 : Step(124): len = 457806, overlap = 50.1875
PHY-3002 : Step(125): len = 458849, overlap = 56.375
PHY-3002 : Step(126): len = 459721, overlap = 51.75
PHY-3002 : Step(127): len = 459950, overlap = 54.25
PHY-3002 : Step(128): len = 459626, overlap = 49.875
PHY-3002 : Step(129): len = 458527, overlap = 47.5
PHY-3002 : Step(130): len = 457302, overlap = 56.75
PHY-3002 : Step(131): len = 456537, overlap = 50
PHY-3002 : Step(132): len = 456657, overlap = 54.5
PHY-3001 : :::7::: Try harder cell spreading with beta_ = 0.000378775
PHY-3002 : Step(133): len = 460156, overlap = 52
PHY-3002 : Step(134): len = 464128, overlap = 54.25
PHY-3002 : Step(135): len = 466547, overlap = 51.25
PHY-3002 : Step(136): len = 467474, overlap = 46.75
PHY-3002 : Step(137): len = 470329, overlap = 41.75
PHY-3002 : Step(138): len = 473769, overlap = 48.25
PHY-3002 : Step(139): len = 474536, overlap = 45.5
PHY-3002 : Step(140): len = 475875, overlap = 47.75
PHY-3002 : Step(141): len = 478292, overlap = 51.5
PHY-3002 : Step(142): len = 478641, overlap = 53.5
PHY-3002 : Step(143): len = 479922, overlap = 51.25
PHY-3002 : Step(144): len = 481246, overlap = 53.5
PHY-3002 : Step(145): len = 481481, overlap = 53.25
PHY-3002 : Step(146): len = 482596, overlap = 46.5
PHY-3002 : Step(147): len = 482829, overlap = 51
PHY-3002 : Step(148): len = 482872, overlap = 51
PHY-3001 : :::8::: Try harder cell spreading with beta_ = 0.000694599
PHY-3002 : Step(149): len = 485173, overlap = 51
PHY-3002 : Step(150): len = 490317, overlap = 46.25
PHY-3002 : Step(151): len = 496863, overlap = 50.5
PHY-3002 : Step(152): len = 497847, overlap = 45.25
PHY-3002 : Step(153): len = 497619, overlap = 43
PHY-3002 : Step(154): len = 496869, overlap = 45.25
PHY-3002 : Step(155): len = 496914, overlap = 44.75
PHY-3002 : Step(156): len = 497712, overlap = 42.5
PHY-3001 : Legalization ...
PHY-3001 : End legalization;  0.020706s wall, 0.031250s user + 0.093750s system = 0.125000s CPU (603.7%)

PHY-3001 : Run with size of 4
PHY-3001 : Cell area utilization is 34%
PHY-3001 : Analyzing congestion ...
RUN-1001 : Generating global routing grids ...
RUN-1001 : Building simple global routing graph ...
PHY-1001 : Generate routing nets ...
PHY-1001 : Reuse net number 0/11194.
PHY-1001 : Global iterations in 16 thread ...
PHY-1002 : len = 634240, over cnt = 1623(4%), over = 8033, worst = 33
PHY-1001 : End global iterations;  0.537747s wall, 0.921875s user + 0.078125s system = 1.000000s CPU (186.0%)

PHY-1001 : Congestion index: top1 = 113.28, top5 = 73.29, top10 = 58.03, top15 = 49.99.
PHY-3001 : End congestion estimation;  0.673531s wall, 1.062500s user + 0.078125s system = 1.140625s CPU (169.3%)

PHY-3001 : Update density targets...
PHY-3001 : Update congestion history...
PHY-3001 : Update timing in global mode ...
TMR-2503 : Start to update net delay, extr mode = 5.
TMR-2504 : Update delay of 11192 nets completely.
TMR-2502 : Annotate delay completely, extr mode = 5.
TMR-3501 : Forward propagation: start to calculate arrival time...
TMR-3502 : Backward propagation: start to calculate required time...
TMR-3503 : Timing propagation completes.
PHY-3001 : End timing update;  0.333729s wall, 0.328125s user + 0.015625s system = 0.343750s CPU (103.0%)

PHY-3001 : :::0::: Try harder cell spreading with beta_ = 3.19001e-05
PHY-3002 : Step(157): len = 587313, overlap = 32.8438
PHY-3002 : Step(158): len = 582820, overlap = 44.3438
PHY-3002 : Step(159): len = 559983, overlap = 52.5625
PHY-3002 : Step(160): len = 543921, overlap = 43.875
PHY-3002 : Step(161): len = 532034, overlap = 49.9688
PHY-3002 : Step(162): len = 521835, overlap = 56.9688
PHY-3002 : Step(163): len = 512834, overlap = 65.375
PHY-3002 : Step(164): len = 505492, overlap = 77.7188
PHY-3002 : Step(165): len = 499697, overlap = 87.375
PHY-3002 : Step(166): len = 496321, overlap = 81.1875
PHY-3002 : Step(167): len = 493764, overlap = 80.5625
PHY-3002 : Step(168): len = 487957, overlap = 76.1562
PHY-3002 : Step(169): len = 482541, overlap = 77.8125
PHY-3002 : Step(170): len = 480139, overlap = 77.5312
PHY-3002 : Step(171): len = 476680, overlap = 73.875
PHY-3002 : Step(172): len = 474311, overlap = 76.6875
PHY-3002 : Step(173): len = 472061, overlap = 75.3438
PHY-3002 : Step(174): len = 470250, overlap = 73.5625
PHY-3002 : Step(175): len = 468404, overlap = 68.0938
PHY-3002 : Step(176): len = 466637, overlap = 55.4688
PHY-3002 : Step(177): len = 465724, overlap = 58.3125
PHY-3002 : Step(178): len = 464435, overlap = 61
PHY-3002 : Step(179): len = 463348, overlap = 71.2188
PHY-3002 : Step(180): len = 461439, overlap = 69.5625
PHY-3002 : Step(181): len = 459742, overlap = 74.4375
PHY-3002 : Step(182): len = 457826, overlap = 74.7188
PHY-3002 : Step(183): len = 456425, overlap = 74.6562
PHY-3002 : Step(184): len = 454632, overlap = 76.4688
PHY-3002 : Step(185): len = 452357, overlap = 77.8438
PHY-3002 : Step(186): len = 451128, overlap = 74.875
PHY-3002 : Step(187): len = 450094, overlap = 74.5625
PHY-3002 : Step(188): len = 449069, overlap = 77.25
PHY-3001 : :::1::: Try harder cell spreading with beta_ = 6.38003e-05
PHY-3002 : Step(189): len = 451954, overlap = 67.6562
PHY-3002 : Step(190): len = 453568, overlap = 65.9688
PHY-3002 : Step(191): len = 458132, overlap = 59.9688
PHY-3002 : Step(192): len = 461023, overlap = 56.0938
PHY-3002 : Step(193): len = 463587, overlap = 51.875
PHY-3002 : Step(194): len = 466741, overlap = 49.0625
PHY-3002 : Step(195): len = 472034, overlap = 43.125
PHY-3002 : Step(196): len = 473694, overlap = 43.625
PHY-3002 : Step(197): len = 474561, overlap = 43.75
PHY-3002 : Step(198): len = 474770, overlap = 44.25
PHY-3001 : :::2::: Try harder cell spreading with beta_ = 0.000124119
PHY-3002 : Step(199): len = 487645, overlap = 37.1562
PHY-3002 : Step(200): len = 496224, overlap = 34.0938
PHY-3002 : Step(201): len = 497107, overlap = 31.3438
PHY-3002 : Step(202): len = 500917, overlap = 33.4688
PHY-3002 : Step(203): len = 505277, overlap = 34.3438
PHY-3002 : Step(204): len = 509478, overlap = 33.4062
PHY-3002 : Step(205): len = 514830, overlap = 30.9688
PHY-3002 : Step(206): len = 516050, overlap = 33.8438
PHY-3002 : Step(207): len = 517776, overlap = 34.6562
PHY-3002 : Step(208): len = 517558, overlap = 36.7812
PHY-3002 : Step(209): len = 517954, overlap = 34.6562
PHY-3002 : Step(210): len = 519012, overlap = 26.8438
PHY-3002 : Step(211): len = 519037, overlap = 24.6875
PHY-3002 : Step(212): len = 518322, overlap = 24.9688
PHY-3002 : Step(213): len = 517645, overlap = 27.4375
PHY-3002 : Step(214): len = 517665, overlap = 24.125
PHY-3002 : Step(215): len = 516600, overlap = 26.5312
PHY-3002 : Step(216): len = 515899, overlap = 24.4688
PHY-3002 : Step(217): len = 515161, overlap = 25.0938
PHY-3002 : Step(218): len = 515181, overlap = 23.4062
PHY-3002 : Step(219): len = 514582, overlap = 22.6562
PHY-3001 : :::3::: Try harder cell spreading with beta_ = 0.000248238
PHY-3002 : Step(220): len = 527520, overlap = 16.75
PHY-3002 : Step(221): len = 531380, overlap = 15.875
PHY-3002 : Step(222): len = 533155, overlap = 16
PHY-3002 : Step(223): len = 534237, overlap = 15.8125
PHY-3002 : Step(224): len = 534715, overlap = 15.6875
PHY-3001 : :::4::: Try harder cell spreading with beta_ = 0.000424338
PHY-3002 : Step(225): len = 544822, overlap = 15.1875
PHY-3002 : Step(226): len = 554091, overlap = 13.6875
PHY-3002 : Step(227): len = 555382, overlap = 10.375
PHY-3002 : Step(228): len = 556897, overlap = 10.375
PHY-3002 : Step(229): len = 563088, overlap = 9.4375
PHY-3002 : Step(230): len = 569389, overlap = 8.0625
PHY-3002 : Step(231): len = 572346, overlap = 8.125
PHY-3002 : Step(232): len = 574918, overlap = 7.40625
PHY-3002 : Step(233): len = 576466, overlap = 7.59375
PHY-3002 : Step(234): len = 577500, overlap = 7.96875
PHY-3002 : Step(235): len = 577517, overlap = 7.8125
PHY-3002 : Step(236): len = 577940, overlap = 7.25
PHY-3002 : Step(237): len = 577921, overlap = 7
PHY-3001 : :::5::: Try harder cell spreading with beta_ = 0.000848675
PHY-3002 : Step(238): len = 587908, overlap = 7.25
PHY-3002 : Step(239): len = 593879, overlap = 6.5
PHY-3002 : Step(240): len = 593388, overlap = 6.25
PHY-3002 : Step(241): len = 594507, overlap = 6
PHY-3002 : Step(242): len = 598512, overlap = 5.75
PHY-3002 : Step(243): len = 602018, overlap = 5.5
PHY-3002 : Step(244): len = 605356, overlap = 5.25
PHY-3002 : Step(245): len = 607877, overlap = 5.25
PHY-3002 : Step(246): len = 609297, overlap = 5.5
PHY-3002 : Step(247): len = 609111, overlap = 5.5
PHY-3001 : :::6::: Try harder cell spreading with beta_ = 0.00169735
PHY-3002 : Step(248): len = 616208, overlap = 3.25
PHY-3002 : Step(249): len = 622296, overlap = 2.25
PHY-3002 : Step(250): len = 623162, overlap = 1.5
PHY-3002 : Step(251): len = 624084, overlap = 1.5
PHY-3002 : Step(252): len = 626032, overlap = 1.5
PHY-3002 : Step(253): len = 627937, overlap = 1.5
PHY-3001 : Run with size of 2
PHY-3001 : Cell area utilization is 34%
PHY-3001 : Analyzing congestion ...
RUN-1001 : Generating global routing grids ...
PHY-1001 : Generate routing nets ...
PHY-1001 : Reuse net number 19/11194.
PHY-1001 : Global iterations in 16 thread ...
PHY-1002 : len = 656296, over cnt = 1595(4%), over = 6745, worst = 28
PHY-1001 : End global iterations;  0.403847s wall, 0.812500s user + 0.015625s system = 0.828125s CPU (205.1%)

PHY-1001 : Congestion index: top1 = 80.99, top5 = 59.11, top10 = 49.34, top15 = 43.83.
PHY-3001 : End congestion estimation;  0.535754s wall, 0.937500s user + 0.015625s system = 0.953125s CPU (177.9%)

PHY-3001 : Update density targets...
PHY-3001 : Update congestion history...
PHY-3001 : Update timing in global mode ...
TMR-2503 : Start to update net delay, extr mode = 5.
TMR-2504 : Update delay of 11192 nets completely.
TMR-2502 : Annotate delay completely, extr mode = 5.
TMR-3501 : Forward propagation: start to calculate arrival time...
TMR-3502 : Backward propagation: start to calculate required time...
TMR-3503 : Timing propagation completes.
PHY-3001 : End timing update;  0.355854s wall, 0.359375s user + 0.000000s system = 0.359375s CPU (101.0%)

PHY-3001 : :::0::: Try harder cell spreading with beta_ = 0.000455487
PHY-3002 : Step(254): len = 604613, overlap = 54.9688
PHY-3002 : Step(255): len = 587835, overlap = 59.0625
PHY-3002 : Step(256): len = 575930, overlap = 60.0625
PHY-3002 : Step(257): len = 566778, overlap = 48.4688
PHY-3002 : Step(258): len = 560466, overlap = 55.5312
PHY-3002 : Step(259): len = 557615, overlap = 50.2188
PHY-3002 : Step(260): len = 553132, overlap = 49.5
PHY-3002 : Step(261): len = 548696, overlap = 51.9375
PHY-3002 : Step(262): len = 546681, overlap = 51.25
PHY-3002 : Step(263): len = 547190, overlap = 47.6875
PHY-3002 : Step(264): len = 546899, overlap = 47.5625
PHY-3002 : Step(265): len = 547103, overlap = 47.5312
PHY-3002 : Step(266): len = 545909, overlap = 53.125
PHY-3002 : Step(267): len = 544856, overlap = 54.5938
PHY-3002 : Step(268): len = 544287, overlap = 48.6562
PHY-3002 : Step(269): len = 543465, overlap = 47.1562
PHY-3002 : Step(270): len = 541976, overlap = 47.6562
PHY-3002 : Step(271): len = 538868, overlap = 48.2188
PHY-3002 : Step(272): len = 537040, overlap = 44.3438
PHY-3002 : Step(273): len = 536515, overlap = 45.3125
PHY-3002 : Step(274): len = 535876, overlap = 44.2188
PHY-3002 : Step(275): len = 534168, overlap = 44.4688
PHY-3001 : :::1::: Try harder cell spreading with beta_ = 0.000910974
PHY-3002 : Step(276): len = 543373, overlap = 39.8438
PHY-3002 : Step(277): len = 550224, overlap = 34.3125
PHY-3002 : Step(278): len = 554382, overlap = 30.5938
PHY-3002 : Step(279): len = 556070, overlap = 34
PHY-3002 : Step(280): len = 557120, overlap = 34.625
PHY-3002 : Step(281): len = 558580, overlap = 34
PHY-3001 : :::2::: Try harder cell spreading with beta_ = 0.00171651
PHY-3002 : Step(282): len = 568187, overlap = 32.1562
PHY-3002 : Step(283): len = 577967, overlap = 30.1562
PHY-3002 : Step(284): len = 579988, overlap = 33.7188
PHY-3002 : Step(285): len = 581302, overlap = 32.2812
PHY-3002 : Step(286): len = 584829, overlap = 31.3125
PHY-3002 : Step(287): len = 588302, overlap = 31.9375
PHY-3002 : Step(288): len = 591246, overlap = 34.9062
PHY-3002 : Step(289): len = 593655, overlap = 33.375
PHY-3002 : Step(290): len = 594530, overlap = 32.5
PHY-3002 : Step(291): len = 595387, overlap = 32.1875
PHY-3002 : Step(292): len = 595666, overlap = 32.6875
PHY-3001 : :::3::: Try harder cell spreading with beta_ = 0.00326741
PHY-3002 : Step(293): len = 601360, overlap = 32.6875
PHY-3002 : Step(294): len = 609664, overlap = 31.4375
PHY-3002 : Step(295): len = 610022, overlap = 30.6875
PHY-3002 : Step(296): len = 611062, overlap = 29.6562
PHY-3002 : Step(297): len = 613512, overlap = 29.6562
PHY-3002 : Step(298): len = 616087, overlap = 29.5938
PHY-3002 : Step(299): len = 617712, overlap = 29.0312
PHY-3002 : Step(300): len = 618381, overlap = 29.5938
PHY-3002 : Step(301): len = 619455, overlap = 24.9062
OPT-1001 : Start physical optimization ...
RUN-1002 : start command "start_timer -report"
TMR-2505 : Start building timing graph for model demo_1st_top.
TMR-2506 : Build timing graph completely. Port num: 23, tpin num: 35321, tnet num: 11192, tinst num: 5441, tnode num: 42618, tedge num: 71647.
TMR-2508 : Levelizing timing graph completed, there are 53 levels in total.
TMR-2501 : Timing graph initialized successfully.
OPT-1001 : Total overflow 216.97 peak overflow 2.00
OPT-1001 : Start high-fanout net optimization ...
OPT-1001 : Update timing in global mode
PHY-1001 : Start incremental global routing, caller is place ...
RUN-1001 : Generating global routing grids ...
PHY-1001 : Generate routing nets ...
PHY-1001 : Reuse net number 164/11194.
PHY-1001 : Global iterations in 16 thread ...
PHY-1002 : len = 657864, over cnt = 1569(4%), over = 5958, worst = 26
PHY-1001 : End global iterations;  0.557242s wall, 1.078125s user + 0.125000s system = 1.203125s CPU (215.9%)

PHY-1001 : Congestion index: top1 = 77.26, top5 = 58.41, top10 = 49.70, top15 = 44.06.
PHY-1001 : End incremental global routing;  0.681195s wall, 1.203125s user + 0.125000s system = 1.328125s CPU (195.0%)

TMR-2503 : Start to update net delay, extr mode = 5.
TMR-2504 : Update delay of 11192 nets completely.
TMR-2502 : Annotate delay completely, extr mode = 5.
TMR-3001 : Initiate 5 clocks from SDC.
TMR-3004 : Map sdc constraints, there are 0 constraints in total.
TMR-3003 : Constraints initiated successfully.
TMR-3501 : Forward propagation: start to calculate arrival time...
TMR-3502 : Backward propagation: start to calculate required time...
TMR-3503 : Timing propagation completes.
OPT-1001 : End timing update;  0.326610s wall, 0.312500s user + 0.015625s system = 0.328125s CPU (100.5%)

OPT-1001 : 1 high-fanout net processed.
PHY-3001 : Start incremental placement ...
PHY-1001 : Populate physical database on model demo_1st_top.
PHY-3001 : Initial placement ...
PHY-3001 : eco special cells: 1 has valid locations, 0 needs to be replaced
PHY-3001 : eco pad cells: 53 has valid locations, 0 needs to be replaced
PHY-3001 : eco cells: 5378 has valid locations, 28 needs to be replaced
PHY-3001 : design contains 5468 instances, 1346 luts, 1939 seqs, 2092 slices, 211 macros(2092 instances: 1382 mslices 710 lslices)
PHY-3001 : Global placement ...
PHY-3001 : Initial: Len = 621545
PHY-3001 : Run with size of 4
PHY-3001 : Cell area utilization is 34%
PHY-3001 : Analyzing congestion ...
RUN-1001 : Generating global routing grids ...
PHY-1001 : Generate routing nets ...
PHY-1001 : Reuse net number 9870/11221.
PHY-1001 : Global iterations in 16 thread ...
PHY-1002 : len = 658256, over cnt = 1568(4%), over = 5958, worst = 26
PHY-1001 : End global iterations;  0.060348s wall, 0.062500s user + 0.046875s system = 0.109375s CPU (181.2%)

PHY-1001 : Congestion index: top1 = 77.13, top5 = 58.43, top10 = 49.69, top15 = 44.05.
PHY-3001 : End congestion estimation;  0.186406s wall, 0.203125s user + 0.046875s system = 0.250000s CPU (134.1%)

PHY-3001 : Update density targets...
PHY-3001 : Update congestion history...
PHY-3001 : Update timing in global mode ...
RUN-1002 : start command "start_timer -report"
TMR-2505 : Start building timing graph for model demo_1st_top.
TMR-2506 : Build timing graph completely. Port num: 23, tpin num: 35429, tnet num: 11219, tinst num: 5468, tnode num: 42807, tedge num: 71809.
TMR-2508 : Levelizing timing graph completed, there are 53 levels in total.
TMR-2501 : Timing graph initialized successfully.
TMR-2503 : Start to update net delay, extr mode = 5.
TMR-2504 : Update delay of 11219 nets completely.
TMR-2502 : Annotate delay completely, extr mode = 5.
TMR-3001 : Initiate 5 clocks from SDC.
TMR-3004 : Map sdc constraints, there are 0 constraints in total.
TMR-3003 : Constraints initiated successfully.
TMR-3501 : Forward propagation: start to calculate arrival time...
TMR-3502 : Backward propagation: start to calculate required time...
TMR-3503 : Timing propagation completes.
PHY-3001 : End timing update;  1.148973s wall, 1.140625s user + 0.000000s system = 1.140625s CPU (99.3%)

PHY-3001 : :::0::: Try harder cell spreading with beta_ = 0
PHY-3002 : Step(302): len = 621561, overlap = 0
PHY-3002 : Step(303): len = 621561, overlap = 0
PHY-3001 : Run with size of 2
PHY-3001 : Cell area utilization is 34%
PHY-3001 : Analyzing congestion ...
PHY-1001 : Generate routing nets ...
PHY-1001 : Incremental mode ON
PHY-1001 : Reuse net number 9879/11221.
PHY-1001 : Global iterations in 16 thread ...
PHY-1002 : len = 658232, over cnt = 1571(4%), over = 5961, worst = 26
PHY-1001 : End global iterations;  0.059185s wall, 0.062500s user + 0.000000s system = 0.062500s CPU (105.6%)

PHY-1001 : Congestion index: top1 = 77.00, top5 = 58.36, top10 = 49.67, top15 = 44.03.
PHY-3001 : End congestion estimation;  0.183721s wall, 0.187500s user + 0.000000s system = 0.187500s CPU (102.1%)

PHY-3001 : Update density targets...
PHY-3001 : Update congestion history...
PHY-3001 : Update timing in global mode ...
TMR-2503 : Start to update net delay, extr mode = 5.
TMR-2504 : Update delay of 11219 nets completely.
TMR-2502 : Annotate delay completely, extr mode = 5.
TMR-3501 : Forward propagation: start to calculate arrival time...
TMR-3502 : Backward propagation: start to calculate required time...
TMR-3503 : Timing propagation completes.
PHY-3001 : End timing update;  0.332280s wall, 0.328125s user + 0.000000s system = 0.328125s CPU (98.7%)

PHY-3001 : :::0::: Try harder cell spreading with beta_ = 0.000308907
PHY-3002 : Step(304): len = 621694, overlap = 24.9062
PHY-3002 : Step(305): len = 621694, overlap = 24.9062
PHY-3001 : Final: Len = 621694, Over = 24.9062
PHY-3001 : End incremental placement;  2.064739s wall, 2.171875s user + 0.125000s system = 2.296875s CPU (111.2%)

OPT-1001 : Total overflow 217.09 peak overflow 2.00
OPT-1001 : End high-fanout net optimization;  3.267136s wall, 3.890625s user + 0.265625s system = 4.156250s CPU (127.2%)

OPT-1001 : Current memory(MB): used = 442, reserve = 429, peak = 444.
OPT-1001 : Start global optimization ...
OPT-1001 : Start congestion update ...
RUN-1001 : Generating global routing grids ...
PHY-1001 : Generate routing nets ...
PHY-1001 : Reuse net number 9870/11221.
PHY-1001 : Global iterations in 16 thread ...
PHY-1002 : len = 658488, over cnt = 1576(4%), over = 5912, worst = 26
PHY-1002 : len = 677616, over cnt = 1096(3%), over = 3099, worst = 24
PHY-1002 : len = 686976, over cnt = 582(1%), over = 1586, worst = 14
PHY-1002 : len = 695688, over cnt = 75(0%), over = 185, worst = 14
PHY-1002 : len = 697256, over cnt = 1(0%), over = 1, worst = 1
PHY-1001 : End global iterations;  0.673260s wall, 0.968750s user + 0.015625s system = 0.984375s CPU (146.2%)

PHY-1001 : Congestion index: top1 = 61.55, top5 = 49.98, top10 = 43.98, top15 = 40.24.
OPT-1001 : End congestion update;  0.802378s wall, 1.078125s user + 0.015625s system = 1.093750s CPU (136.3%)

OPT-1001 : Update timing in Manhattan mode
TMR-2503 : Start to update net delay, extr mode = 3.
TMR-2504 : Update delay of 11219 nets completely.
TMR-2502 : Annotate delay completely, extr mode = 3.
TMR-3501 : Forward propagation: start to calculate arrival time...
TMR-3502 : Backward propagation: start to calculate required time...
TMR-3503 : Timing propagation completes.
OPT-1001 : End timing update;  0.271014s wall, 0.281250s user + 0.000000s system = 0.281250s CPU (103.8%)

OPT-0007 : Start: WNS -10918 TNS -352795 NUM_FEPS 48
OPT-0007 : Iter 1: improved WNS -10918 TNS -352795 NUM_FEPS 48 with 0 cells processed and 0 slack improved
OPT-1001 : End global optimization;  1.084859s wall, 1.359375s user + 0.015625s system = 1.375000s CPU (126.7%)

OPT-1001 : Current memory(MB): used = 443, reserve = 429, peak = 444.
OPT-1001 : End physical optimization;  5.262219s wall, 6.171875s user + 0.359375s system = 6.531250s CPU (124.1%)

PHY-3001 : Start packing ...
SYN-4007 : Packing 0 MUX to BLE ...
SYN-4008 : Packed 0 MUX and 0 SEQ to BLE.
SYN-4007 : Packing 1346 LUT to BLE ...
SYN-4008 : Packed 1346 LUT and 694 SEQ to BLE.
SYN-4003 : Packing 1245 remaining SEQ's ...
SYN-4005 : Packed 332 SEQ with LUT/SLICE
SYN-4006 : 505 single LUT's are left
SYN-4006 : 913 single SEQ's are left
SYN-4011 : Packing model "demo_1st_top" (AL_USER_NORMAL) with 2259/4882 primitive instances ...
PHY-3001 : End packing;  0.184133s wall, 0.171875s user + 0.000000s system = 0.171875s CPU (93.3%)

PHY-1001 : Populate physical database on model demo_1st_top.
RUN-1001 : There are total 3445 instances
RUN-1001 : 1676 mslices, 1676 lslices, 53 pads, 0 brams, 29 dsps
RUN-1001 : There are total 10541 nets
RUN-6004 WARNING: There are 6 nets with only 1 pin.
RUN-1001 : 7935 nets have 2 pins
RUN-1001 : 1933 nets have [3 - 5] pins
RUN-1001 : 484 nets have [6 - 10] pins
RUN-1001 : 111 nets have [11 - 20] pins
RUN-1001 : 67 nets have [21 - 99] pins
RUN-1001 : 5 nets have 100+ pins
PHY-3001 : design contains 3443 instances, 3352 slices, 211 macros(2092 instances: 1382 mslices 710 lslices)
PHY-3001 : Cell area utilization is 40%
PHY-3001 : After packing: Len = 615820, Over = 48.5
PHY-3001 : Run with size of 2
PHY-3001 : Cell area utilization is 40%
PHY-3001 : Analyzing congestion ...
RUN-1001 : Generating global routing grids ...
PHY-1001 : Generate routing nets ...
PHY-1001 : Reuse net number 8150/10541.
PHY-1001 : Global iterations in 16 thread ...
PHY-1002 : len = 685584, over cnt = 275(0%), over = 363, worst = 4
PHY-1002 : len = 685808, over cnt = 163(0%), over = 195, worst = 3
PHY-1002 : len = 686632, over cnt = 59(0%), over = 68, worst = 3
PHY-1002 : len = 687368, over cnt = 10(0%), over = 12, worst = 2
PHY-1002 : len = 687504, over cnt = 0(0%), over = 0, worst = 0
PHY-1001 : End global iterations;  0.420124s wall, 0.546875s user + 0.000000s system = 0.546875s CPU (130.2%)

PHY-1001 : Congestion index: top1 = 61.59, top5 = 50.09, top10 = 43.89, top15 = 40.04.
PHY-3001 : End congestion estimation;  0.562156s wall, 0.687500s user + 0.000000s system = 0.687500s CPU (122.3%)

PHY-3001 : Update density targets...
PHY-3001 : Update congestion history...
PHY-3001 : Update timing in global mode ...
RUN-1002 : start command "start_timer -report"
TMR-2505 : Start building timing graph for model demo_1st_top.
TMR-2506 : Build timing graph completely. Port num: 23, tpin num: 32266, tnet num: 10539, tinst num: 3443, tnode num: 37535, tedge num: 67693.
TMR-2508 : Levelizing timing graph completed, there are 53 levels in total.
TMR-2501 : Timing graph initialized successfully.
TMR-2503 : Start to update net delay, extr mode = 5.
TMR-2504 : Update delay of 10539 nets completely.
TMR-2502 : Annotate delay completely, extr mode = 5.
TMR-3001 : Initiate 5 clocks from SDC.
TMR-3004 : Map sdc constraints, there are 0 constraints in total.
TMR-3003 : Constraints initiated successfully.
TMR-3501 : Forward propagation: start to calculate arrival time...
TMR-3502 : Backward propagation: start to calculate required time...
TMR-3503 : Timing propagation completes.
PHY-3001 : End timing update;  1.165034s wall, 1.156250s user + 0.015625s system = 1.171875s CPU (100.6%)

PHY-3001 : :::0::: Try harder cell spreading with beta_ = 8.40771e-05
PHY-3002 : Step(306): len = 587331, overlap = 56
PHY-3002 : Step(307): len = 558999, overlap = 79.75
PHY-3002 : Step(308): len = 543069, overlap = 84.25
PHY-3002 : Step(309): len = 523978, overlap = 95
PHY-3002 : Step(310): len = 516725, overlap = 93.25
PHY-3002 : Step(311): len = 511148, overlap = 101.25
PHY-3002 : Step(312): len = 507960, overlap = 104.75
PHY-3002 : Step(313): len = 502245, overlap = 96
PHY-3002 : Step(314): len = 498807, overlap = 99.25
PHY-3002 : Step(315): len = 495477, overlap = 98.75
PHY-3002 : Step(316): len = 491828, overlap = 99.25
PHY-3002 : Step(317): len = 486082, overlap = 114.25
PHY-3002 : Step(318): len = 482397, overlap = 119.5
PHY-3002 : Step(319): len = 478456, overlap = 117.25
PHY-3002 : Step(320): len = 477085, overlap = 119.75
PHY-3002 : Step(321): len = 475698, overlap = 118.25
PHY-3002 : Step(322): len = 474638, overlap = 119.25
PHY-3002 : Step(323): len = 473333, overlap = 119.75
PHY-3001 : :::1::: Try harder cell spreading with beta_ = 0.000168154
PHY-3002 : Step(324): len = 483760, overlap = 112.25
PHY-3002 : Step(325): len = 491635, overlap = 102.75
PHY-3002 : Step(326): len = 498912, overlap = 92.25
PHY-3002 : Step(327): len = 503794, overlap = 90.25
PHY-3002 : Step(328): len = 506886, overlap = 80.5
PHY-3002 : Step(329): len = 510039, overlap = 83.75
PHY-3002 : Step(330): len = 511939, overlap = 85.75
PHY-3001 : :::2::: Try harder cell spreading with beta_ = 0.000331999
PHY-3002 : Step(331): len = 522565, overlap = 72
PHY-3002 : Step(332): len = 530685, overlap = 64.25
PHY-3002 : Step(333): len = 539491, overlap = 56.75
PHY-3002 : Step(334): len = 543512, overlap = 49
PHY-3002 : Step(335): len = 547014, overlap = 48
PHY-3002 : Step(336): len = 549144, overlap = 44.25
PHY-3002 : Step(337): len = 550786, overlap = 45.75
PHY-3002 : Step(338): len = 551328, overlap = 45
PHY-3002 : Step(339): len = 552259, overlap = 44.5
PHY-3001 : :::3::: Try harder cell spreading with beta_ = 0.000663997
PHY-3002 : Step(340): len = 562958, overlap = 41.75
PHY-3002 : Step(341): len = 570913, overlap = 37.5
PHY-3002 : Step(342): len = 576844, overlap = 34
PHY-3002 : Step(343): len = 581730, overlap = 34.25
PHY-3002 : Step(344): len = 582730, overlap = 34
PHY-3002 : Step(345): len = 582114, overlap = 37.75
PHY-3002 : Step(346): len = 581626, overlap = 38.75
PHY-3001 : :::4::: Try harder cell spreading with beta_ = 0.00128882
PHY-3002 : Step(347): len = 588602, overlap = 35
PHY-3002 : Step(348): len = 596028, overlap = 31.5
PHY-3002 : Step(349): len = 599711, overlap = 28.5
PHY-3002 : Step(350): len = 603131, overlap = 26.75
PHY-3002 : Step(351): len = 605998, overlap = 25.25
PHY-3002 : Step(352): len = 606910, overlap = 27
PHY-3002 : Step(353): len = 607901, overlap = 27.75
PHY-3002 : Step(354): len = 607570, overlap = 26.25
PHY-3001 : :::5::: Try harder cell spreading with beta_ = 0.00255704
PHY-3002 : Step(355): len = 612920, overlap = 25.5
PHY-3002 : Step(356): len = 616890, overlap = 25.5
PHY-3002 : Step(357): len = 618735, overlap = 24.25
PHY-3002 : Step(358): len = 620651, overlap = 25.75
PHY-3002 : Step(359): len = 623959, overlap = 23.25
PHY-3002 : Step(360): len = 625347, overlap = 24
PHY-3002 : Step(361): len = 626507, overlap = 23.5
PHY-3001 : :::6::: Try harder cell spreading with beta_ = 0.00482138
PHY-3002 : Step(362): len = 629022, overlap = 23
PHY-3002 : Step(363): len = 632432, overlap = 22.5
PHY-3002 : Step(364): len = 634181, overlap = 22.25
PHY-3002 : Step(365): len = 635379, overlap = 21.75
PHY-3002 : Step(366): len = 636229, overlap = 21
PHY-3002 : Step(367): len = 637245, overlap = 19
PHY-3002 : Step(368): len = 638099, overlap = 18.25
PHY-3002 : Step(369): len = 639513, overlap = 18
PHY-3002 : Step(370): len = 639983, overlap = 18
PHY-3002 : Step(371): len = 640499, overlap = 18
PHY-3001 : :::7::: Try harder cell spreading with beta_ = 0.00871139
PHY-3002 : Step(372): len = 642265, overlap = 18
PHY-3002 : Step(373): len = 644694, overlap = 17.5
PHY-3002 : Step(374): len = 645266, overlap = 18
PHY-3002 : Step(375): len = 646068, overlap = 17.75
PHY-3002 : Step(376): len = 646566, overlap = 17.5
PHY-3001 : Legalization ...
PHY-3001 : End legalization;  0.855285s wall, 0.656250s user + 2.375000s system = 3.031250s CPU (354.4%)

PHY-3001 : Trial Legalized: Len = 654604
PHY-3001 : Run with size of 2
PHY-3001 : Cell area utilization is 39%
PHY-3001 : Analyzing congestion ...
RUN-1001 : Generating global routing grids ...
PHY-1001 : Generate routing nets ...
PHY-1001 : Reuse net number 67/10541.
PHY-1001 : Global iterations in 16 thread ...
PHY-1002 : len = 693656, over cnt = 862(2%), over = 1912, worst = 11
PHY-1002 : len = 701256, over cnt = 632(1%), over = 1096, worst = 11
PHY-1002 : len = 707272, over cnt = 234(0%), over = 408, worst = 9
PHY-1002 : len = 710072, over cnt = 89(0%), over = 152, worst = 8
PHY-1002 : len = 712152, over cnt = 3(0%), over = 7, worst = 4
PHY-1001 : End global iterations;  0.832317s wall, 1.265625s user + 0.265625s system = 1.531250s CPU (184.0%)

PHY-1001 : Congestion index: top1 = 54.03, top5 = 45.05, top10 = 40.32, top15 = 37.21.
PHY-3001 : End congestion estimation;  0.980533s wall, 1.421875s user + 0.265625s system = 1.687500s CPU (172.1%)

PHY-3001 : Update density targets...
PHY-3001 : Update congestion history...
PHY-3001 : Update timing in global mode ...
TMR-2503 : Start to update net delay, extr mode = 5.
TMR-2504 : Update delay of 10539 nets completely.
TMR-2502 : Annotate delay completely, extr mode = 5.
TMR-3501 : Forward propagation: start to calculate arrival time...
TMR-3502 : Backward propagation: start to calculate required time...
TMR-3503 : Timing propagation completes.
PHY-3001 : End timing update;  0.310586s wall, 0.312500s user + 0.000000s system = 0.312500s CPU (100.6%)

PHY-3001 : :::0::: Try harder cell spreading with beta_ = 0.000212429
PHY-3002 : Step(377): len = 636927, overlap = 6.25
PHY-3002 : Step(378): len = 629331, overlap = 5.5
PHY-3002 : Step(379): len = 626419, overlap = 5.25
PHY-3002 : Step(380): len = 624507, overlap = 4.75
PHY-3002 : Step(381): len = 623025, overlap = 6.25
PHY-3002 : Step(382): len = 622702, overlap = 7.25
PHY-3002 : Step(383): len = 621692, overlap = 4.5
PHY-3001 : Legalization ...
PHY-3001 : End legalization;  0.009365s wall, 0.000000s user + 0.000000s system = 0.000000s CPU (n/a%)

PHY-3001 : Legalized: Len = 624109, Over = 0
PHY-3001 : Spreading special nets. 20 overflows in 2952 tiles.
PHY-3001 : End spreading;  0.017148s wall, 0.015625s user + 0.000000s system = 0.015625s CPU (91.1%)

PHY-3001 : 23 instances has been re-located, deltaX = 5, deltaY = 12, maxDist = 1.
PHY-3001 : Final: Len = 624399, Over = 0
OPT-1001 : Start physical optimization ...
RUN-1002 : start command "start_timer -report"
TMR-2505 : Start building timing graph for model demo_1st_top.
TMR-2506 : Build timing graph completely. Port num: 23, tpin num: 32266, tnet num: 10539, tinst num: 3443, tnode num: 37535, tedge num: 67693.
TMR-2508 : Levelizing timing graph completed, there are 53 levels in total.
TMR-2501 : Timing graph initialized successfully.
OPT-1001 : Total overflow 0.00 peak overflow 0.00
OPT-1001 : Start high-fanout net optimization ...
OPT-1001 : Update timing in global mode
PHY-1001 : Start incremental global routing, caller is place ...
RUN-1001 : Generating global routing grids ...
PHY-1001 : Generate routing nets ...
PHY-1001 : Reuse net number 6733/10541.
PHY-1001 : Global iterations in 16 thread ...
PHY-1002 : len = 679472, over cnt = 338(0%), over = 470, worst = 5
PHY-1002 : len = 679944, over cnt = 212(0%), over = 270, worst = 5
PHY-1002 : len = 681200, over cnt = 94(0%), over = 117, worst = 5
PHY-1002 : len = 682128, over cnt = 22(0%), over = 28, worst = 3
PHY-1002 : len = 682688, over cnt = 1(0%), over = 1, worst = 1
PHY-1001 : End global iterations;  0.577271s wall, 0.921875s user + 0.062500s system = 0.984375s CPU (170.5%)

PHY-1001 : Congestion index: top1 = 55.15, top5 = 45.09, top10 = 40.19, top15 = 37.05.
PHY-1001 : End incremental global routing;  0.716327s wall, 1.046875s user + 0.062500s system = 1.109375s CPU (154.9%)

TMR-2503 : Start to update net delay, extr mode = 5.
TMR-2504 : Update delay of 10539 nets completely.
TMR-2502 : Annotate delay completely, extr mode = 5.
TMR-3001 : Initiate 5 clocks from SDC.
TMR-3004 : Map sdc constraints, there are 0 constraints in total.
TMR-3003 : Constraints initiated successfully.
TMR-3501 : Forward propagation: start to calculate arrival time...
TMR-3502 : Backward propagation: start to calculate required time...
TMR-3503 : Timing propagation completes.
OPT-1001 : End timing update;  0.341308s wall, 0.343750s user + 0.000000s system = 0.343750s CPU (100.7%)

OPT-1001 : 0 high-fanout net processed.
OPT-1001 : End high-fanout net optimization;  1.246574s wall, 1.578125s user + 0.062500s system = 1.640625s CPU (131.6%)

OPT-1001 : Current memory(MB): used = 435, reserve = 426, peak = 445.
OPT-1001 : Start path based optimization ...
OPT-1001 : Start congestion update ...
RUN-1001 : Generating global routing grids ...
PHY-1001 : Generate routing nets ...
PHY-1001 : Reuse net number 9342/10541.
PHY-1001 : Global iterations in 16 thread ...
PHY-1002 : len = 682688, over cnt = 1(0%), over = 1, worst = 1
PHY-1002 : len = 682688, over cnt = 1(0%), over = 1, worst = 1
PHY-1002 : len = 682704, over cnt = 0(0%), over = 0, worst = 0
PHY-1001 : End global iterations;  0.171405s wall, 0.156250s user + 0.015625s system = 0.171875s CPU (100.3%)

PHY-1001 : Congestion index: top1 = 55.15, top5 = 45.09, top10 = 40.19, top15 = 37.05.
OPT-1001 : End congestion update;  0.310246s wall, 0.296875s user + 0.015625s system = 0.312500s CPU (100.7%)

OPT-1001 : Update timing in Manhattan mode
TMR-2503 : Start to update net delay, extr mode = 3.
TMR-2504 : Update delay of 10539 nets completely.
TMR-2502 : Annotate delay completely, extr mode = 3.
TMR-3501 : Forward propagation: start to calculate arrival time...
TMR-3502 : Backward propagation: start to calculate required time...
TMR-3503 : Timing propagation completes.
OPT-1001 : End timing update;  0.253850s wall, 0.250000s user + 0.000000s system = 0.250000s CPU (98.5%)

OPT-0007 : Start: WNS -10677 TNS -353669 NUM_FEPS 66
OPT-1001 : End path based optimization;  0.564729s wall, 0.546875s user + 0.015625s system = 0.562500s CPU (99.6%)

OPT-1001 : Current memory(MB): used = 440, reserve = 429, peak = 445.
OPT-1001 : Update timing in Manhattan mode
TMR-2503 : Start to update net delay, extr mode = 3.
TMR-2504 : Update delay of 10539 nets completely.
TMR-2502 : Annotate delay completely, extr mode = 3.
TMR-3501 : Forward propagation: start to calculate arrival time...
TMR-3502 : Backward propagation: start to calculate required time...
TMR-3503 : Timing propagation completes.
OPT-1001 : End timing update;  0.250809s wall, 0.234375s user + 0.015625s system = 0.250000s CPU (99.7%)

OPT-1001 : Start pin optimization...
OPT-1001 : skip pin optimization...
RUN-1001 : Generating global routing grids ...
PHY-1001 : Generate routing nets ...
PHY-1001 : Reuse net number 9342/10541.
PHY-1001 : Global iterations in 16 thread ...
PHY-1002 : len = 682704, over cnt = 0(0%), over = 0, worst = 0
PHY-1001 : End global iterations;  0.055255s wall, 0.046875s user + 0.000000s system = 0.046875s CPU (84.8%)

PHY-1001 : Congestion index: top1 = 55.15, top5 = 45.09, top10 = 40.19, top15 = 37.05.
OPT-1001 : Update timing in Manhattan mode
TMR-2503 : Start to update net delay, extr mode = 3.
TMR-2504 : Update delay of 10539 nets completely.
TMR-2502 : Annotate delay completely, extr mode = 3.
TMR-3501 : Forward propagation: start to calculate arrival time...
TMR-3502 : Backward propagation: start to calculate required time...
TMR-3503 : Timing propagation completes.
OPT-1001 : End timing update;  0.252179s wall, 0.250000s user + 0.000000s system = 0.250000s CPU (99.1%)

RUN-1001 : QoR Analysis:
OPT-0007 :   WNS -10677 TNS -353669 NUM_FEPS 66
RUN-1001 :   No local congestion issue, and most congested 1% tile average routing util is 54.793103
RUN-1001 :   Top critical paths
RUN-1001 :       #1 path slack -10677ps with too many logic level 11 
RUN-1001 :       #2 path slack -10677ps with too many logic level 11 
OPT-1002 :   please consider adjusting synthesis strategy to reduce the large logic level of these critical paths
RUN-1001 :   0 HFN exist on timing critical paths out of 10541 nets
RUN-1001 :   0 long nets exist on timing critical paths out of 10541 nets
OPT-1001 : End physical optimization;  3.547076s wall, 3.828125s user + 0.140625s system = 3.968750s CPU (111.9%)

RUN-1003 : finish command "place" in  30.483720s wall, 55.609375s user + 25.281250s system = 80.890625s CPU (265.4%)

RUN-1004 : used memory is 404 MB, reserved memory is 389 MB, peak memory is 445 MB
RUN-1002 : start command "export_db demo_1st_place.db"
RUN-1001 : Exported /
RUN-1001 : Exported flow parameters
RUN-1001 : Exported libs
RUN-1001 : Exported entities
RUN-1001 : Exported ports
RUN-1001 : Exported pins
RUN-1001 : Exported instances
RUN-1001 : Exported nets
RUN-1001 : Exported buses
RUN-1001 : Exported models
RUN-1001 : Exported congestions
RUN-1001 : Exported violations
RUN-1001 : Exported timing constraints
RUN-1001 : Exported IO constraints
RUN-1001 : Exported Inst constraints
RUN-1003 : finish command "export_db demo_1st_place.db" in  1.486771s wall, 2.156250s user + 0.015625s system = 2.171875s CPU (146.1%)

RUN-1004 : used memory is 404 MB, reserved memory is 389 MB, peak memory is 457 MB
RUN-1002 : start command "route"
RUN-1001 : Open license file D:/Chang/software/TD/license/Anlogic.lic
RUN-1001 : Print Global Property
RUN-1001 : ---------------------------------------------------------------
RUN-1001 :        Parameters        |  Settings  |  Default Values  |  Note  
RUN-1001 : ---------------------------------------------------------------
RUN-1001 :          message         |  standard  |     standard     |        
RUN-1001 :   mixed_pack_place_flow  |     on     |        on        |        
RUN-1001 :        qor_monitor       |    off     |       off        |        
RUN-1001 :        syn_ip_flow       |    off     |       off        |        
RUN-1001 :          thread          |    auto    |       auto       |        
RUN-1001 : ---------------------------------------------------------------
RUN-1001 : Print Route Property
RUN-1001 : -------------------------------------------------------
RUN-1001 :    Parameters    |  Settings  |  Default Values  |  Note  
RUN-1001 : -------------------------------------------------------
RUN-1001 :      effort      |   medium   |      medium      |        
RUN-1001 :     fix_hold     |    off     |       off        |        
RUN-1001 :    opt_timing    |   medium   |      medium      |        
RUN-1001 :   phy_sim_model  |    off     |       off        |        
RUN-1001 :     priority     |   timing   |      timing      |        
RUN-1001 :     swap_pin     |     on     |        on        |        
RUN-1001 : -------------------------------------------------------
PHY-1001 : Route runs in 16 thread(s)
RUN-1001 : There are total 3445 instances
RUN-1001 : 1676 mslices, 1676 lslices, 53 pads, 0 brams, 29 dsps
RUN-1001 : There are total 10541 nets
RUN-6004 WARNING: There are 6 nets with only 1 pin.
RUN-1001 : 7935 nets have 2 pins
RUN-1001 : 1933 nets have [3 - 5] pins
RUN-1001 : 484 nets have [6 - 10] pins
RUN-1001 : 111 nets have [11 - 20] pins
RUN-1001 : 67 nets have [21 - 99] pins
RUN-1001 : 5 nets have 100+ pins
RUN-1002 : start command "start_timer -report"
TMR-2505 : Start building timing graph for model demo_1st_top.
TMR-2506 : Build timing graph completely. Port num: 23, tpin num: 32266, tnet num: 10539, tinst num: 3443, tnode num: 37535, tedge num: 67693.
TMR-2508 : Levelizing timing graph completed, there are 53 levels in total.
TMR-2501 : Timing graph initialized successfully.
PHY-1001 : 1676 mslices, 1676 lslices, 53 pads, 0 brams, 29 dsps
TMR-2503 : Start to update net delay, extr mode = 3.
TMR-2504 : Update delay of 10539 nets completely.
TMR-2502 : Annotate delay completely, extr mode = 3.
TMR-3001 : Initiate 5 clocks from SDC.
TMR-3004 : Map sdc constraints, there are 0 constraints in total.
TMR-3003 : Constraints initiated successfully.
TMR-3501 : Forward propagation: start to calculate arrival time...
TMR-3502 : Backward propagation: start to calculate required time...
TMR-3503 : Timing propagation completes.
PHY-1001 : Start global routing, caller is route ...
RUN-1001 : Generating global routing grids ...
PHY-1001 : Generate routing nets ...
PHY-1001 : Global iterations in 16 thread ...
PHY-1002 : len = 661736, over cnt = 853(2%), over = 1831, worst = 10
PHY-1002 : len = 668168, over cnt = 653(1%), over = 1152, worst = 10
PHY-1002 : len = 676000, over cnt = 209(0%), over = 333, worst = 9
PHY-1002 : len = 678744, over cnt = 6(0%), over = 6, worst = 1
PHY-1002 : len = 679032, over cnt = 0(0%), over = 0, worst = 0
PHY-1001 : End global iterations;  0.654903s wall, 1.125000s user + 0.218750s system = 1.343750s CPU (205.2%)

PHY-1001 : Congestion index: top1 = 55.39, top5 = 44.72, top10 = 39.95, top15 = 36.78.
PHY-1001 : End global routing;  0.808267s wall, 1.281250s user + 0.218750s system = 1.500000s CPU (185.6%)

PHY-1001 : Start detail routing ...
PHY-1001 : Current memory(MB): used = 452, reserve = 438, peak = 457.
PHY-1001 : Detailed router is running in normal mode.
PHY-1001 : Generate detailed routing grids ...
PHY-1001 : Generate nets ...
PHY-1001 : clock net rst_n will be merged with clock sys_rst_n_in_dup_1
PHY-1001 : net sys_clk_in_dup_1 will be routed on clock mesh
PHY-1001 : clock net u4_setio/clk will be merged with clock u1_pll/clk0_buf
PHY-1001 : net u8_encoder/clk_100M will be routed on clock mesh
PHY-1001 : clock net u8_encoder/u15_endat/u41_control/clk_out_reg1_syn_6 will be merged with clock u8_encoder/u15_endat/u41_control/clk_out_reg1
PHY-1001 : clock net u8_encoder/u15_endat/u41_control/clk_200k_syn_4 will be merged with clock u8_encoder/u15_endat/u41_control/clk_200k
PHY-1001 : net u8_encoder/u11_biss/U2_control/clk_5M will be routed on clock mesh
PHY-1001 : clock net u8_encoder/u11_biss/U2_control/clk_out_reg1_syn_4 will be merged with clock u8_encoder/u11_biss/U2_control/clk_out_reg1
PHY-5010 WARNING: Net u8_encoder/u11_biss/U3_CRC/crc_outt[5] is skipped due to 0 input or output
PHY-5010 WARNING: Net u8_encoder/u11_biss/U3_CRC/crc_outt[4] is skipped due to 0 input or output
PHY-5010 WARNING: Net u8_encoder/u11_biss/U3_CRC/crc_outt[3] is skipped due to 0 input or output
PHY-5010 WARNING: Net u8_encoder/u11_biss/U3_CRC/crc_outt[2] is skipped due to 0 input or output
PHY-5010 WARNING: Net u8_encoder/u11_biss/U3_CRC/crc_outt[1] is skipped due to 0 input or output
PHY-5010 WARNING: Net u8_encoder/u11_biss/U3_CRC/crc_outt[0] is skipped due to 0 input or output
PHY-1001 : net u8_encoder/u11_biss/U3_CRC/clk will be routed on clock mesh
PHY-1001 : clock net u8_encoder/u12_ssi/clk_2M_syn_4 will be merged with clock u8_encoder/u12_ssi/clk_2M
PHY-1001 : clock net u8_encoder/u12_ssi/clk_out_reg1_syn_6 will be merged with clock u8_encoder/u12_ssi/clk_out_reg1
PHY-5010 WARNING: Net u8_encoder/u11_biss/U3_CRC/crc_outt[5] is skipped due to 0 input or output
PHY-5010 WARNING: Net u8_encoder/u11_biss/U3_CRC/crc_outt[4] is skipped due to 0 input or output
PHY-5010 WARNING: Net u8_encoder/u11_biss/U3_CRC/crc_outt[3] is skipped due to 0 input or output
PHY-5010 WARNING: Net u8_encoder/u11_biss/U3_CRC/crc_outt[2] is skipped due to 0 input or output
PHY-5010 Similar messages will be suppressed.
PHY-1001 : Current memory(MB): used = 708, reserve = 696, peak = 708.
PHY-1001 : End build detailed router design. 3.992268s wall, 3.921875s user + 0.062500s system = 3.984375s CPU (99.8%)

PHY-1001 : Detail Route ...
PHY-1001 : ===== Detail Route Phase 1 =====
PHY-1001 : Clock net routing.....
PHY-1001 : Routed 0% nets.
PHY-1022 : len = 283024, over cnt = 1(0%), over = 1, worst = 1, crit = 0
PHY-1001 : End initial clock net routed; 3.432607s wall, 3.437500s user + 0.000000s system = 3.437500s CPU (100.1%)

PHY-1001 : Ripup-reroute.....
PHY-1001 : ===== DR Iter 1 =====
PHY-1022 : len = 282840, over cnt = 0(0%), over = 0, worst = 0, crit = 0
PHY-1001 : End DR Iter 1; 0.334771s wall, 0.328125s user + 0.000000s system = 0.328125s CPU (98.0%)

PHY-1001 : Current memory(MB): used = 742, reserve = 731, peak = 742.
PHY-1001 : End phase 1; 3.778884s wall, 3.781250s user + 0.000000s system = 3.781250s CPU (100.1%)

PHY-1001 : ===== Detail Route Phase 2 =====
PHY-1001 : Initial routing.....
PHY-1001 : Routed 31% nets.
PHY-1001 : Routed 36% nets.
PHY-1001 : Routed 44% nets.
PHY-1001 : Routed 57% nets.
PHY-1001 : Routed 81% nets.
PHY-1022 : len = 1.24666e+06, over cnt = 130(0%), over = 130, worst = 1, crit = 0
PHY-1001 : Current memory(MB): used = 745, reserve = 734, peak = 745.
PHY-1001 : End initial routed; 9.522907s wall, 15.484375s user + 1.000000s system = 16.484375s CPU (173.1%)

PHY-1001 : Update timing.....
PHY-1001 : 6237/8599(72%) critical/total net(s).
RUN-1001 : ---------------------------------------
RUN-1001 :   Type   |  WNS(ns)  |  TNS(ns)   |  FEP  
RUN-1001 : ---------------------------------------
RUN-1001 :   Setup  |  -13.090  |  -440.646  |  76   
RUN-1001 :   Hold   |   0.314   |   0.000    |   0   
RUN-1001 : ---------------------------------------
PHY-1001 : End update timing; 1.419963s wall, 1.406250s user + 0.000000s system = 1.406250s CPU (99.0%)

PHY-1001 : Current memory(MB): used = 752, reserve = 742, peak = 752.
PHY-1001 : End phase 2; 10.942945s wall, 16.890625s user + 1.000000s system = 17.890625s CPU (163.5%)

PHY-1001 : ===== Detail Route Phase 3 =====
PHY-1001 : Ripup-reroute.....
PHY-1001 : ===== DR Iter 1 =====
PHY-1022 : len = 1.24499e+06, over cnt = 14(0%), over = 14, worst = 1, crit = 0
PHY-1001 : End DR Iter 1; 0.196844s wall, 0.265625s user + 0.000000s system = 0.265625s CPU (134.9%)

PHY-1001 : ===== DR Iter 2 =====
PHY-1022 : len = 1.24479e+06, over cnt = 0(0%), over = 0, worst = 0, crit = 0
PHY-1001 : End DR Iter 2; 0.073394s wall, 0.078125s user + 0.000000s system = 0.078125s CPU (106.4%)

PHY-1001 : Update timing.....
PHY-1001 : 6237/8599(72%) critical/total net(s).
RUN-1001 : ---------------------------------------
RUN-1001 :   Type   |  WNS(ns)  |  TNS(ns)   |  FEP  
RUN-1001 : ---------------------------------------
RUN-1001 :   Setup  |  -13.090  |  -440.646  |  76   
RUN-1001 :   Hold   |   0.314   |   0.000    |   0   
RUN-1001 : ---------------------------------------
PHY-1001 : End update timing; 1.423749s wall, 1.421875s user + 0.000000s system = 1.421875s CPU (99.9%)

PHY-1001 : Commit to database.....
PHY-1001 : 19 feed throughs used by 18 nets
PHY-1001 : End commit to database; 1.220434s wall, 1.218750s user + 0.000000s system = 1.218750s CPU (99.9%)

PHY-1001 : Current memory(MB): used = 798, reserve = 790, peak = 798.
PHY-1001 : End phase 3; 3.134947s wall, 3.187500s user + 0.000000s system = 3.187500s CPU (101.7%)

PHY-1001 : ===== Detail Route Phase 4 =====
PHY-1001 : Optimize timing.....
PHY-1001 : ===== OPT Iter 1 =====
PHY-1001 : Processed 249 pins with SWNS -11.818ns STNS -418.839ns FEP 76.
PHY-1001 : End OPT Iter 1; 5.576172s wall, 5.578125s user + 0.000000s system = 5.578125s CPU (100.0%)

PHY-1022 : len = 1.2461e+06, over cnt = 275(0%), over = 275, worst = 1, crit = 0
PHY-1001 : End optimize timing; 5.654667s wall, 5.656250s user + 0.000000s system = 5.656250s CPU (100.0%)

PHY-0007 : Phase: 4; Congestion: {, , , }; Timing: {-11.818ns, -418.839ns, 76}
PHY-1001 : Ripup-reroute.....
PHY-1001 : ===== DR Iter 1 =====
PHY-1022 : len = 1.24444e+06, over cnt = 5(0%), over = 5, worst = 1, crit = 0
PHY-1001 : End DR Iter 1; 0.313524s wall, 0.406250s user + 0.000000s system = 0.406250s CPU (129.6%)

PHY-1001 : ===== DR Iter 2 =====
PHY-1022 : len = 1.24438e+06, over cnt = 0(0%), over = 0, worst = 0, crit = 0
PHY-1001 : End DR Iter 2; 0.072513s wall, 0.078125s user + 0.000000s system = 0.078125s CPU (107.7%)

PHY-1001 : Update timing.....
PHY-1001 : 6237/8599(72%) critical/total net(s).
RUN-1001 : ---------------------------------------
RUN-1001 :   Type   |  WNS(ns)  |  TNS(ns)   |  FEP  
RUN-1001 : ---------------------------------------
RUN-1001 :   Setup  |  -13.531  |  -454.790  |  76   
RUN-1001 :   Hold   |   0.314   |   0.000    |   0   
RUN-1001 : ---------------------------------------
PHY-1001 : End update timing; 1.418398s wall, 1.421875s user + 0.000000s system = 1.421875s CPU (100.2%)

PHY-1001 : Current memory(MB): used = 804, reserve = 795, peak = 804.
PHY-1001 : End phase 4; 7.487845s wall, 7.593750s user + 0.000000s system = 7.593750s CPU (101.4%)

PHY-1003 : Routed, final wirelength = 1.24438e+06
PHY-1001 : Current memory(MB): used = 804, reserve = 795, peak = 804.
PHY-1001 : End export database. 0.023527s wall, 0.031250s user + 0.000000s system = 0.031250s CPU (132.8%)

PHY-1001 : End detail routing;  29.633580s wall, 35.656250s user + 1.078125s system = 36.734375s CPU (124.0%)

RUN-1003 : finish command "route" in  31.656506s wall, 38.093750s user + 1.359375s system = 39.453125s CPU (124.6%)

RUN-1004 : used memory is 760 MB, reserved memory is 753 MB, peak memory is 804 MB
RUN-1002 : start command "report_area -io_info -file demo_1st_phy.area"
RUN-1001 : standard
***Report Model: demo_1st_top Device: EG4X20BG256***

IO Statistics
#IO                        53
  #input                   25
  #output                   9
  #inout                   19

Utilization Statistics
#lut                     5610   out of  19600   28.62%
#reg                     1982   out of  19600   10.11%
#le                      6520
  #lut only              4538   out of   6520   69.60%
  #reg only               910   out of   6520   13.96%
  #lut&reg               1072   out of   6520   16.44%
#dsp                       29   out of     29  100.00%
#bram                       0   out of     64    0.00%
  #bram9k                   0
  #fifo9k                   0
#bram32k                    0   out of     16    0.00%
#pad                       53   out of    188   28.19%
  #ireg                    18
  #oreg                    26
  #treg                    19
#pll                        1   out of      4   25.00%
#gclk                       7   out of     16   43.75%

Clock Resource Statistics
Index     ClockNet                                         Type               DriverType         Driver                                                    Fanout
#1        u8_encoder/u11_biss/U3_CRC/clk                   GCLK               pll                u1_pll/pll_inst.clkc1                                     909
#2        u8_encoder/clk_100M                              GCLK               pll                u1_pll/pll_inst.clkc2                                     240
#3        u1_pll/clk0_buf                                  GCLK               pll                u1_pll/pll_inst.clkc0                                     23
#4        u8_encoder/u11_biss/U2_control/clk_out_reg1      GCLK               lslice             u8_encoder/u11_biss/U2_control/sel0_syn_56.q0             20
#5        u8_encoder/u12_ssi/clk_out_reg1                  GCLK               lslice             u8_encoder/u12_ssi/clk_out_reg1_reg_syn_4.q0              17
#6        u8_encoder/u11_biss/U2_control/clk_5M            GCLK               pll                u1_pll/pll_inst.clkc3                                     13
#7        u8_encoder/u15_endat/u41_control/clk_out_reg1    GCLK               lslice             u8_encoder/u14_tawa/u32_uart_recv/rxdata_b[7]_syn_7.q0    11
#8        u8_encoder/u15_endat/u41_control/clk_200k        GCLK               lslice             u8_encoder/u15_endat/u41_control/angle_b[7]_syn_8.q0      10
#9        u8_encoder/u12_ssi/clk_2M                        GCLK               mslice             u8_encoder/u12_ssi/clk_2M_reg_syn_9.q0                    4
#10       sys_clk_in_dup_1                                 GeneralRouting     io                 sys_clk_in_syn_2.di                                       1


Detailed IO Report

        Name          Direction    Location    IOStandard    DriveStrength    PullType     PackReg   
  emif_addr_in[12]      INPUT        D16        LVCMOS25          N/A          PULLUP       IREG     
  emif_addr_in[11]      INPUT        C15        LVCMOS25          N/A          PULLUP       IREG     
  emif_addr_in[10]      INPUT        C16        LVCMOS25          N/A          PULLUP       IREG     
  emif_addr_in[9]       INPUT        F13        LVCMOS25          N/A          PULLUP       IREG     
  emif_addr_in[8]       INPUT        F14        LVCMOS25          N/A          PULLUP       IREG     
  emif_addr_in[7]       INPUT        L16        LVCMOS25          N/A          PULLUP       IREG     
  emif_addr_in[6]       INPUT        K15        LVCMOS25          N/A          PULLUP       IREG     
  emif_addr_in[5]       INPUT        E16        LVCMOS25          N/A          PULLUP       IREG     
  emif_addr_in[4]       INPUT        E15        LVCMOS25          N/A          PULLUP       IREG     
  emif_addr_in[3]       INPUT        B16        LVCMOS25          N/A          PULLUP       IREG     
  emif_addr_in[2]       INPUT        B15        LVCMOS25          N/A          PULLUP       IREG     
  emif_addr_in[1]       INPUT        A14        LVCMOS25          N/A          PULLUP       IREG     
  emif_addr_in[0]       INPUT        D14        LVCMOS25          N/A          PULLUP       IREG     
    emif_cas_in         INPUT        N12        LVCMOS25          N/A          PULLUP       IREG     
     emif_ce_in         INPUT        C13        LVCMOS25          N/A          PULLUP       NONE     
    emif_cke_in         INPUT        A13        LVCMOS25          N/A          PULLUP       NONE     
    emif_clk_in         INPUT        E13        LVCMOS25          N/A          PULLUP       NONE     
    emif_dqm0_in        INPUT        P11        LVCMOS25          N/A          PULLUP       NONE     
    emif_dqm1_in        INPUT        P12        LVCMOS25          N/A          PULLUP       NONE     
    emif_ras_in         INPUT        N14        LVCMOS25          N/A          PULLUP       IREG     
     emif_we_in         INPUT        C11        LVCMOS25          N/A          PULLUP       NONE     
       sdo_a            INPUT         B5        LVCMOS25          N/A          PULLUP       IREG     
       sdo_b            INPUT         A5        LVCMOS25          N/A          PULLUP       IREG     
     sys_clk_in         INPUT        J16        LVCMOS25          N/A          PULLUP       NONE     
    sys_rst_n_in        INPUT         A6        LVCMOS25          N/A          PULLUP       NONE     
     a_out_able        OUTPUT         B6        LVCMOS25           8            NONE        OREG     
     b_out_able        OUTPUT         B3        LVCMOS25           8            NONE        OREG     
     led_out[3]        OUTPUT        A11        LVCMOS25           8            NONE        OREG     
     led_out[2]        OUTPUT        A10        LVCMOS25           8            NONE        OREG     
     led_out[1]        OUTPUT         A9        LVCMOS25           8            NONE        OREG     
     led_out[0]        OUTPUT         A8        LVCMOS25           8            NONE        OREG     
     sincos_clk        OUTPUT         A4        LVCMOS25           8            NONE        OREG     
    sincos_cs_n        OUTPUT         C4        LVCMOS25           8            NONE        OREG     
     z_out_able        OUTPUT         A7        LVCMOS25           8            NONE        NONE     
   emif_data[15]        INOUT        M15        LVCMOS25           8           PULLUP     OREG;TREG  
   emif_data[14]        INOUT        P16        LVCMOS25           8           PULLUP     OREG;TREG  
   emif_data[13]        INOUT        N16        LVCMOS25           8           PULLUP     OREG;TREG  
   emif_data[12]        INOUT        P15        LVCMOS25           8           PULLUP     OREG;TREG  
   emif_data[11]        INOUT        R16        LVCMOS25           8           PULLUP     OREG;TREG  
   emif_data[10]        INOUT        M16        LVCMOS25           8           PULLUP     OREG;TREG  
    emif_data[9]        INOUT        K14        LVCMOS25           8           PULLUP     OREG;TREG  
    emif_data[8]        INOUT        L13        LVCMOS25           8           PULLUP     OREG;TREG  
    emif_data[7]        INOUT        T15        LVCMOS25           8           PULLUP     OREG;TREG  
    emif_data[6]        INOUT        R15        LVCMOS25           8           PULLUP     OREG;TREG  
    emif_data[5]        INOUT        M14        LVCMOS25           8           PULLUP     OREG;TREG  
    emif_data[4]        INOUT        L14        LVCMOS25           8           PULLUP     OREG;TREG  
    emif_data[3]        INOUT        T14        LVCMOS25           8           PULLUP     OREG;TREG  
    emif_data[2]        INOUT        R14        LVCMOS25           8           PULLUP     OREG;TREG  
    emif_data[1]        INOUT        M13        LVCMOS25           8           PULLUP     OREG;TREG  
    emif_data[0]        INOUT        T13        LVCMOS25           8           PULLUP     OREG;TREG  
     encoder_a          INOUT         F7        LVCMOS25           8           PULLUP     OREG;TREG  
     encoder_b          INOUT         E6        LVCMOS25           8           PULLUP     OREG;TREG  
     encoder_z          INOUT         C7        LVCMOS25           8           PULLUP     IREG;TREG  

Report Hierarchy Area:
+-------------------------------------------------------------------------------------------------+
|Instance               |Module              |le     |lut     |ripple  |seq     |bram    |dsp     |
+-------------------------------------------------------------------------------------------------+
|top                    |demo_1st_top        |6520   |3518    |2092    |2045    |0       |29      |
|  u1_pll               |my_pll              |1      |1       |0       |0       |0       |0       |
|  u2_rst               |rst_BUFG            |0      |0       |0       |0       |0       |0       |
|  u3_op                |emif_signal_op      |7      |6       |0       |5       |0       |0       |
|  u4_setio             |emif_setio          |13     |13      |0       |8       |0       |0       |
|  u5_control           |emif_control        |1      |1       |0       |0       |0       |0       |
|  u6_emif_read         |emif_read           |22     |21      |0       |16      |0       |0       |
|  u7_emif_write        |emif_write          |32     |32      |0       |16      |0       |0       |
|  u8_encoder           |encoder_control     |5238   |2818    |1512    |1846    |0       |29      |
|    u10_abz            |four_sub            |136    |94      |41      |37      |0       |0       |
|    u11_biss           |biss_controll       |299    |256     |42      |139     |0       |0       |
|      U2_control       |biss_control_in     |205    |175     |29      |93      |0       |0       |
|      U3_CRC           |biss_crc6           |94     |81      |13      |46      |0       |0       |
|    u12_ssi            |ssi_control         |140    |103     |20      |96      |0       |0       |
|    u13_sin            |sin_control         |3658   |1501    |1309    |1108    |0       |29      |
|      u21_sample       |ads8350_sample      |166    |115     |5       |101     |0       |0       |
|      u22_fir          |fir                 |3492   |1386    |1304    |1007    |0       |29      |
|        U1_fir         |filter_verilog      |1481   |567     |509     |510     |0       |19      |
|        U2_fir         |filter_verilog      |2011   |819     |795     |497     |0       |10      |
|    u14_tawa           |tawa_control        |394    |349     |22      |197     |0       |0       |
|      u31_uart_control |uart_control        |272    |249     |10      |125     |0       |0       |
|      u32_uart_recv    |uart_recv           |50     |36      |4       |34      |0       |0       |
|      u33_uart_send    |uart_send           |51     |43      |8       |24      |0       |0       |
|      u34_crc          |crc_calc            |21     |21      |0       |14      |0       |0       |
|    u15_endat          |endat_control       |415    |328     |69      |196     |0       |0       |
|      u41_control      |endat_contol_sample |415    |328     |69      |196     |0       |0       |
|  u9_led               |led                 |73     |58      |15      |32      |0       |0       |
+-------------------------------------------------------------------------------------------------+


DataNet Average Fanout:

   Index     Fanout    Nets  
    #1         1       7881  
    #2         2       1074  
    #3         3       535   
    #4         4       323   
    #5        5-10     495   
    #6       11-50     157   
    #7       51-100     4    
  Average     1.83           

RUN-1002 : start command "export_db demo_1st_pr.db"
RUN-1001 : Exported /
RUN-1001 : Exported flow parameters
RUN-1001 : Exported libs
RUN-1001 : Exported entities
RUN-1001 : Exported ports
RUN-1001 : Exported pins
RUN-1001 : Exported instances
RUN-1001 : Exported nets
RUN-1001 : Exported buses
RUN-1001 : Exported models
RUN-1001 : Exported congestions
RUN-1001 : Exported violations
RUN-1001 : Exported timing constraints
RUN-1001 : Exported IO constraints
RUN-1001 : Exported Inst constraints
RUN-1003 : finish command "export_db demo_1st_pr.db" in  1.122816s wall, 1.921875s user + 0.031250s system = 1.953125s CPU (173.9%)

RUN-1004 : used memory is 760 MB, reserved memory is 754 MB, peak memory is 813 MB
RUN-1002 : start command "start_timer"
TMR-2505 : Start building timing graph for model demo_1st_top.
TMR-2506 : Build timing graph completely. Port num: 23, tpin num: 32266, tnet num: 10539, tinst num: 3443, tnode num: 37535, tedge num: 67693.
TMR-2508 : Levelizing timing graph completed, there are 53 levels in total.
TMR-2501 : Timing graph initialized successfully.
RUN-1002 : start command "report_timing -mode FINAL -net_info -rpt_autogen true -file demo_1st_phy.timing"
TMR-2503 : Start to update net delay, extr mode = 6.
TMR-2504 : Update delay of 10539 nets completely.
TMR-2502 : Annotate delay completely, extr mode = 6.
TMR-3001 : Initiate 5 clocks from SDC.
TMR-3004 : Map sdc constraints, there are 0 constraints in total.
TMR-3003 : Constraints initiated successfully.
TMR-3501 : Forward propagation: start to calculate arrival time...
TMR-3502 : Backward propagation: start to calculate required time...
TMR-3503 : Timing propagation completes.
TMR-3506 : Start to generate timing report.
TMR-1502 : Number of clock constraints = 5. Number of clock nets = 11 (6 unconstrainted).
TMR-5009 WARNING: No clock constraint on 6 clock net(s): 
		rst_n
		u8_encoder/u11_biss/U2_control/clk_out_reg1_syn_4
		u8_encoder/u12_ssi/clk_2M_syn_4
		u8_encoder/u12_ssi/clk_out_reg1_syn_6
		u8_encoder/u15_endat/u41_control/clk_200k_syn_4
		u8_encoder/u15_endat/u41_control/clk_out_reg1_syn_6
TMR-3508 : Export timing summary.
TMR-3507 : Timing report generated successfully in demo_1st_phy.timing, timing summary in demo_1st_phy.tsm.
RUN-1002 : start command "export_bid demo_1st_inst.bid"
RUN-1002 : start command "bitgen -bit demo_1st.bit"
BIT-1003 : Start to generate bitstream. 
BIT-1002 : Init instances with 16 threads.
BIT-1002 : Init instances completely, inst num: 3443
BIT-1002 : Init pips with 16 threads.
BIT-1002 : Init pips completely, net num: 10541, pip num: 80980
BIT-1002 : Init feedthrough with 16 threads.
BIT-1002 : Init feedthrough completely, num: 19
BIT-1003 : Multithreading accelaration with 16 threads.
BIT-1003 : Generate bitstream completely, there are 3038 valid insts, and 223219 bits set as '1'.
BIT-1004 : PLL setting string = 0001
BIT-1004 : Generate bits file demo_1st.bit.
RUN-1003 : finish command "bitgen -bit demo_1st.bit" in  7.702457s wall, 100.421875s user + 0.062500s system = 100.484375s CPU (1304.6%)

RUN-1004 : used memory is 793 MB, reserved memory is 790 MB, peak memory is 954 MB
RUN-1002 : start command "backup_run_log run.log ../.logs/phy_1/td_20241223_100211.log"
