============================================================
   Tang Dynasty, V5.6.71036
      Copyright (c) 2012-2023 Anlogic Inc.
   Executable = D:/Chang/software/TD/bin/td.exe
   Built at =   20:34:38 Mar 21 2023
   Run by =     Admin
   Run Date =   Fri Dec 20 14:26:06 2024

   Run on =     DZ-CHANGRENWEI
============================================================
RUN-1002 : start command "open_project demo_1st.prj"
RUN-1001 : Print Global Property
RUN-1001 : ---------------------------------------------------------------
RUN-1001 :        Parameters        |  Settings  |  Default Values  |  Note  
RUN-1001 : ---------------------------------------------------------------
RUN-1001 :          message         |  standard  |     standard     |        
RUN-1001 :   mixed_pack_place_flow  |     on     |        on        |        
RUN-1001 :        qor_monitor       |    off     |       off        |        
RUN-1001 :        syn_ip_flow       |    off     |       off        |        
RUN-1001 :          thread          |    auto    |       auto       |        
RUN-1001 : ---------------------------------------------------------------
RUN-1001 : Print Design Property
RUN-1001 : --------------------------------------------------------------
RUN-1001 :        Parameters       |  Settings  |  Default Values  |  Note  
RUN-1001 : --------------------------------------------------------------
RUN-1001 :   default_reg_initial   |    auto    |       auto       |        
RUN-1001 :        infer_add        |     on     |        on        |        
RUN-1001 :        infer_fsm        |    off     |       off        |        
RUN-1001 :        infer_mult       |     on     |        on        |        
RUN-1001 :        infer_ram        |     on     |        on        |        
RUN-1001 :        infer_reg        |     on     |        on        |        
RUN-1001 :   infer_reg_init_value  |     on     |        on        |        
RUN-1001 :        infer_rom        |     on     |        on        |        
RUN-1001 :      infer_shifter      |     on     |        on        |        
RUN-1001 : --------------------------------------------------------------
RUN-1001 : Print Rtl Property
RUN-1001 : --------------------------------------------------------------
RUN-1001 :        Parameters       |  Settings  |  Default Values  |  Note  
RUN-1001 : --------------------------------------------------------------
RUN-1001 :       compress_add      |   ripple   |      ripple      |        
RUN-1001 :        elf_sload        |    off     |       off        |        
RUN-1001 :       fix_undriven      |     0      |        0         |        
RUN-1001 :         flatten         |    off     |       off        |        
RUN-1001 :       gate_sharing      |     on     |        on        |        
RUN-1001 :    hdl_warning_level    |   normal   |      normal      |        
RUN-1001 :   impl_internal_tribuf  |     on     |        on        |        
RUN-1001 :      impl_set_reset     |     on     |        on        |        
RUN-1001 :        infer_gsr        |    off     |       off        |        
RUN-1001 :      keep_hierarchy     |    auto    |       auto       |        
RUN-1001 :        max_fanout       |    9999    |       9999       |        
RUN-1001 :      max_oh2bin_len     |     10     |        10        |        
RUN-1001 :       merge_equal       |     on     |        on        |        
RUN-1001 :       merge_equiv       |     on     |        on        |        
RUN-1001 :        merge_mux        |    off     |       off        |        
RUN-1001 :     min_control_set     |     8      |        8         |        
RUN-1001 :      min_ripple_len     |    auto    |       auto       |        
RUN-1001 :       oh2bin_ratio      |    0.08    |       0.08       |        
RUN-1001 :     opt_adder_fanout    |     on     |        on        |        
RUN-1001 :        opt_arith        |     on     |        on        |        
RUN-1001 :       opt_big_gate      |    off     |       off        |        
RUN-1001 :        opt_const        |     on     |        on        |        
RUN-1001 :      opt_const_mult     |     on     |        on        |        
RUN-1001 :       opt_lessthan      |     on     |        on        |        
RUN-1001 :         opt_mux         |    off     |       off        |        
RUN-1001 :         opt_ram         |    high    |       high       |        
RUN-1001 :      rtl_sim_model      |    off     |       off        |        
RUN-1001 :         seq_syn         |     on     |        on        |        
RUN-1001 : --------------------------------------------------------------
HDL-1007 : analyze verilog file ../../01_src/03_ip/my_pll.v
HDL-1007 : undeclared symbol 'open', assumed default net type 'wire' in ../../01_src/03_ip/my_pll.v(92)
HDL-1007 : analyze verilog file ../../01_src/03_ip/rst_BUFG.v
HDL-1007 : analyze verilog file ../../01_src/01_rtl/demo_1st_top.v
HDL-1007 : undeclared symbol 'clk_400M', assumed default net type 'wire' in ../../01_src/01_rtl/demo_1st_top.v(100)
HDL-1007 : undeclared symbol 'clk_200M', assumed default net type 'wire' in ../../01_src/01_rtl/demo_1st_top.v(101)
HDL-1007 : undeclared symbol 'clk_100M', assumed default net type 'wire' in ../../01_src/01_rtl/demo_1st_top.v(102)
HDL-1007 : undeclared symbol 'clk_5M', assumed default net type 'wire' in ../../01_src/01_rtl/demo_1st_top.v(103)
HDL-1007 : undeclared symbol 'we_logic', assumed default net type 'wire' in ../../01_src/01_rtl/demo_1st_top.v(184)
HDL-1007 : undeclared symbol 'emif_data_in', assumed default net type 'wire' in ../../01_src/01_rtl/demo_1st_top.v(186)
HDL-1007 : analyze verilog file ../../01_src/01_rtl/emif_signal_op.v
HDL-1007 : analyze verilog file ../../01_src/01_rtl/emif_setio.v
HDL-1007 : analyze verilog file ../../01_src/01_rtl/led.v
HDL-1007 : analyze verilog file ../../01_src/01_rtl/emif_control.v
HDL-1007 : analyze verilog file ../../01_src/01_rtl/emif_read.v
HDL-1007 : analyze verilog file ../../01_src/01_rtl/emif_write.v
HDL-1007 : analyze verilog file ../../01_src/01_rtl/encoder_control.v
HDL-1007 : undeclared symbol 'biss_clk', assumed default net type 'wire' in ../../01_src/01_rtl/encoder_control.v(105)
HDL-1007 : undeclared symbol 'crc_data', assumed default net type 'wire' in ../../01_src/01_rtl/encoder_control.v(106)
HDL-1007 : undeclared symbol 'err_data', assumed default net type 'wire' in ../../01_src/01_rtl/encoder_control.v(107)
HDL-1007 : undeclared symbol 'crc_err', assumed default net type 'wire' in ../../01_src/01_rtl/encoder_control.v(108)
HDL-1007 : undeclared symbol 'biss_data', assumed default net type 'wire' in ../../01_src/01_rtl/encoder_control.v(109)
HDL-1007 : undeclared symbol 'ssi_clk', assumed default net type 'wire' in ../../01_src/01_rtl/encoder_control.v(122)
HDL-1007 : undeclared symbol 'ssi_data', assumed default net type 'wire' in ../../01_src/01_rtl/encoder_control.v(123)
HDL-1007 : undeclared symbol 'sincos_data', assumed default net type 'wire' in ../../01_src/01_rtl/encoder_control.v(139)
HDL-1007 : undeclared symbol 'tawa_a_out', assumed default net type 'wire' in ../../01_src/01_rtl/encoder_control.v(152)
HDL-1007 : undeclared symbol 'tawa_data_out', assumed default net type 'wire' in ../../01_src/01_rtl/encoder_control.v(153)
HDL-1007 : undeclared symbol 'tawa_data', assumed default net type 'wire' in ../../01_src/01_rtl/encoder_control.v(154)
HDL-1007 : undeclared symbol 'endat_clk', assumed default net type 'wire' in ../../01_src/01_rtl/encoder_control.v(167)
HDL-1007 : undeclared symbol 'endat_clk_en', assumed default net type 'wire' in ../../01_src/01_rtl/encoder_control.v(168)
HDL-1007 : undeclared symbol 'endat_data_en', assumed default net type 'wire' in ../../01_src/01_rtl/encoder_control.v(169)
HDL-1007 : undeclared symbol 'endat_data_out', assumed default net type 'wire' in ../../01_src/01_rtl/encoder_control.v(170)
HDL-1007 : undeclared symbol 'endat_data', assumed default net type 'wire' in ../../01_src/01_rtl/encoder_control.v(171)
HDL-1007 : analyze verilog file ../../01_src/01_rtl/four_sub.v
HDL-1007 : analyze verilog file ../../01_src/01_rtl/biss_control.v
HDL-1007 : analyze verilog file ../../01_src/01_rtl/ssi_control.v
HDL-1007 : undeclared symbol 'DATA2STOP_start', assumed default net type 'wire' in ../../01_src/01_rtl/ssi_control.v(66)
HDL-1007 : analyze verilog file ../../01_src/01_rtl/sin_control.v
HDL-1007 : analyze verilog file ../../01_src/01_rtl/ads8350_sample.v
HDL-1007 : analyze verilog file ../../01_src/01_rtl/fir.v
HDL-1007 : analyze verilog file ../../01_src/01_rtl/filter_verilog.v
HDL-1007 : analyze verilog file ../../01_src/01_rtl/tawa_control.v
HDL-1007 : undeclared symbol 'clk_100M', assumed default net type 'wire' in ../../01_src/01_rtl/tawa_control.v(51)
HDL-1007 : analyze verilog file ../../01_src/01_rtl/crc_calc.v
HDL-1007 : analyze verilog file ../../01_src/01_rtl/uart_control.v
HDL-1007 : analyze verilog file ../../01_src/01_rtl/uart_recv.v
HDL-1007 : analyze verilog file ../../01_src/01_rtl/uart_send.v
HDL-1007 : analyze verilog file ../../01_src/01_rtl/endat_contol.v
HDL-1007 : analyze verilog file ../../01_src/01_rtl/endat_control_smaple.v
RUN-1001 : Project manager successfully analyzed 24 source files.
RUN-1002 : start command "import_device eagle_20.db -package EG4X20BG256"
ARC-1001 : Device Initialization.
ARC-1001 : ------------------------------------------------------------------
ARC-1001 :            OPTION            |          IO          |   SETTING   
ARC-1001 : ------------------------------------------------------------------
ARC-1001 :   cso_b/cclk/mosi/miso/dout  |  T3/R11/T10/P10/M14  |    gpio    
ARC-1001 :             done             |         P13          |    gpio    
ARC-1001 :           program_b          |          T2          |  dedicate  
ARC-1001 :        tdi/tms/tck/tdo       |   C12/A15/C14/E14    |  dedicate  
ARC-1001 : ------------------------------------------------------------------
ARC-1004 : Device setting, marked 5 dedicate IOs in total.
RUN-1002 : start command "import_db ../syn_1/demo_1st_gate.db"
RUN-1001 : Importing database generated by Tang Dynasty, V5.6.71036.
RUN-1001 : Database version number 46146.
RUN-1001 : Import flow parameters
RUN-1001 : Import timing constraints
RUN-1001 : Import IO constraints
RUN-1001 : Import Inst constraints
RUN-1001 : Import design success TD_VERSION=5.6.71036 , DB_VERSION=46146
RUN-1002 : start command "read_sdc ../../01_src/04_pin/demo_1st.sdc"
RUN-1002 : start command "get_ports sys_clk_in"
RUN-1002 : start command "create_clock -name sys_clk_50m -period 20 -waveform 0 10 "
RUN-1102 : create_clock: clock name: sys_clk_50m, type: 0, period: 20000, rise: 0, fall: 10000.
RUN-1002 : start command "derive_pll_clocks"
USR-1002 : Gen clock cmd:  create_generated_clock -name {u1_pll/pll_inst.clkc[0]} -source [get_ports {sys_clk_in}] -master_clock {sys_clk_50m} -multiply_by 8.0000 [get_pins {u1_pll/pll_inst.clkc[0]}]
RUN-1002 : start command "get_ports sys_clk_in"
RUN-1002 : start command "get_pins u1_pll/pll_inst.clkc[0]"
RUN-1002 : start command "create_generated_clock -name u1_pll/pll_inst.clkc[0] -source  -master_clock sys_clk_50m -multiply_by 8.0000 "
USR-1002 : Gen clock cmd:  create_generated_clock -name {u1_pll/pll_inst.clkc[1]} -source [get_ports {sys_clk_in}] -master_clock {sys_clk_50m} -multiply_by 4.0000 [get_pins {u1_pll/pll_inst.clkc[1]}]
RUN-1002 : start command "get_ports sys_clk_in"
RUN-1002 : start command "get_pins u1_pll/pll_inst.clkc[1]"
RUN-1002 : start command "create_generated_clock -name u1_pll/pll_inst.clkc[1] -source  -master_clock sys_clk_50m -multiply_by 4.0000 "
USR-1002 : Gen clock cmd:  create_generated_clock -name {u1_pll/pll_inst.clkc[2]} -source [get_ports {sys_clk_in}] -master_clock {sys_clk_50m} -multiply_by 2.0000 [get_pins {u1_pll/pll_inst.clkc[2]}]
RUN-1002 : start command "get_ports sys_clk_in"
RUN-1002 : start command "get_pins u1_pll/pll_inst.clkc[2]"
RUN-1002 : start command "create_generated_clock -name u1_pll/pll_inst.clkc[2] -source  -master_clock sys_clk_50m -multiply_by 2.0000 "
RUN-1002 : start command "place"
RUN-1001 : Open license file D:/Chang/software/TD/license/Anlogic.lic
RUN-1001 : Print Global Property
RUN-1001 : ---------------------------------------------------------------
RUN-1001 :        Parameters        |  Settings  |  Default Values  |  Note  
RUN-1001 : ---------------------------------------------------------------
RUN-1001 :          message         |  standard  |     standard     |        
RUN-1001 :   mixed_pack_place_flow  |     on     |        on        |        
RUN-1001 :        qor_monitor       |    off     |       off        |        
RUN-1001 :        syn_ip_flow       |    off     |       off        |        
RUN-1001 :          thread          |    auto    |       auto       |        
RUN-1001 : ---------------------------------------------------------------
RUN-1001 : Print Place Property
RUN-1001 : --------------------------------------------------------------
RUN-1001 :        Parameters       |  Settings  |  Default Values  |  Note  
RUN-1001 : --------------------------------------------------------------
RUN-1001 :      detailed_place     |     on     |        on        |        
RUN-1001 :          effort         |   medium   |      medium      |        
RUN-1001 :         fix_hold        |    off     |       off        |        
RUN-1001 :       legalization      |    ori     |       ori        |        
RUN-1001 :      new_spreading      |     on     |        on        |        
RUN-1001 :        opt_timing       |   medium   |      medium      |        
RUN-1001 :   post_clock_route_opt  |    off     |       off        |        
RUN-1001 :       pr_strategy       |     1      |        1         |        
RUN-1001 :        relaxation       |    1.00    |       1.00       |        
RUN-1001 :         retiming        |    off     |       off        |        
RUN-1001 : --------------------------------------------------------------
PHY-3001 : Placer runs in 16 thread(s).
RUN-1002 : start command "legalize_phy_inst"
SYN-1011 : Flatten model demo_1st_top
SYN-5055 WARNING: The kept net u6_emif_read/data_in[1] will be merged to another kept net u8_encoder/u14_tawa/u31_uart_control/ALMC[7]
SYN-5055 WARNING: The kept net u8_encoder/u14_tawa/u31_uart_control/ALMC[7] will be merged to another kept net u8_encoder/u14_tawa/u31_uart_control/ALMC[6]
SYN-5055 WARNING: The kept net u8_encoder/u14_tawa/u31_uart_control/ALMC[6] will be merged to another kept net u8_encoder/u14_tawa/u31_uart_control/ALMC[5]
SYN-5055 WARNING: The kept net u8_encoder/u14_tawa/u31_uart_control/ALMC[5] will be merged to another kept net u8_encoder/u14_tawa/u31_uart_control/ALMC[4]
SYN-5055 WARNING: The kept net u8_encoder/u14_tawa/u31_uart_control/ALMC[4] will be merged to another kept net u8_encoder/u14_tawa/u31_uart_control/ALMC[3]
SYN-5055 WARNING: The kept net u8_encoder/u14_tawa/u31_uart_control/ALMC[3] will be merged to another kept net u8_encoder/u14_tawa/u31_uart_control/ALMC[2]
SYN-5055 WARNING: The kept net u8_encoder/u14_tawa/u31_uart_control/ALMC[2] will be merged to another kept net u8_encoder/u14_tawa/u31_uart_control/ALMC[1]
SYN-5055 WARNING: The kept net u8_encoder/u14_tawa/u31_uart_control/ALMC[1] will be merged to another kept net u8_encoder/u14_tawa/u31_uart_control/ALMC[0]
SYN-5055 WARNING: The kept net u8_encoder/u14_tawa/u31_uart_control/ALMC[0] will be merged to another kept net u8_encoder/u14_tawa/u31_uart_control/CRC_data[7]
SYN-5055 WARNING: The kept net u8_encoder/u14_tawa/u31_uart_control/CRC_data[7] will be merged to another kept net u8_encoder/u14_tawa/u31_uart_control/CRC_data[6]
SYN-5055 Similar messages will be suppressed.
RUN-1002 : start command "phys_opt -simplify_lut"
SYN-4016 : Net u4_setio/clk driven by BUFG (25 clock/control pins, 1 other pins).
SYN-4016 : Net rst_n driven by BUFG (83 clock/control pins, 2 other pins).
SYN-4027 : Net u8_encoder/u11_biss/clk is clkc1 of pll u1_pll/pll_inst.
SYN-4027 : Net clk_100M is clkc2 of pll u1_pll/pll_inst.
SYN-4019 : Net sys_clk_in_dup_1 is refclk of pll u1_pll/pll_inst.
SYN-4020 : Net sys_clk_in_dup_1 is fbclk of pll u1_pll/pll_inst.
SYN-4024 : Net "u8_encoder/u15_endat/u41_control/clk_out_reg1" drives clk pins.
SYN-4024 : Net "u8_encoder/u15_endat/u41_control/clk_200k" drives clk pins.
SYN-4025 : Tag rtl::Net clk_100M as clock net
SYN-4025 : Tag rtl::Net rst_n as clock net
SYN-4025 : Tag rtl::Net sys_clk_in_dup_1 as clock net
SYN-4025 : Tag rtl::Net u4_setio/clk as clock net
SYN-4025 : Tag rtl::Net u8_encoder/u11_biss/clk as clock net
SYN-4025 : Tag rtl::Net u8_encoder/u15_endat/u41_control/clk_200k as clock net
SYN-4025 : Tag rtl::Net u8_encoder/u15_endat/u41_control/clk_out_reg1 as clock net
SYN-4026 : Tagged 7 rtl::Net as clock net
SYN-4015 : Create BUFG instance for clk Net u8_encoder/u15_endat/u41_control/clk_out_reg1 to drive 21 clock pins.
SYN-4015 : Create BUFG instance for clk Net u8_encoder/u15_endat/u41_control/clk_200k to drive 17 clock pins.
PHY-1001 : Populate physical database on model demo_1st_top.
RUN-1001 : There are total 805 instances
RUN-0007 : 370 luts, 270 seqs, 56 mslices, 44 lslices, 57 pads, 0 brams, 0 dsps
RUN-1001 : There are total 1013 nets
RUN-1001 : 684 nets have 2 pins
RUN-1001 : 250 nets have [3 - 5] pins
RUN-1001 : 48 nets have [6 - 10] pins
RUN-1001 : 18 nets have [11 - 20] pins
RUN-1001 : 10 nets have [21 - 99] pins
RUN-1001 : 3 nets have 100+ pins
RUN-1001 : Report Control nets information:
RUN-1001 : DFF Distribution
RUN-1001 : ----------------------------------
RUN-1001 :   CE   |  SSR  |  ASR  |  DFF Count  
RUN-1001 : ----------------------------------
RUN-1001 :   No   |  No   |  No   |      2      
RUN-1001 :   No   |  No   |  Yes  |     261     
RUN-1001 :   No   |  Yes  |  No   |      0      
RUN-1001 :   Yes  |  No   |  No   |      0      
RUN-1001 :   Yes  |  No   |  Yes  |      7      
RUN-1001 :   Yes  |  Yes  |  No   |      0      
RUN-1001 : ----------------------------------
RUN-0007 : Control Group Statistic
RUN-0007 : ---------------------------
RUN-0007 :   #CLK  |  #CE  |  #SSR/ASR  
RUN-0007 : ---------------------------
RUN-0007 :    5    |   2   |     4      
RUN-0007 : ---------------------------
RUN-0007 : Control Set = 9
PHY-3001 : Initial placement ...
PHY-3001 : design contains 803 instances, 370 luts, 270 seqs, 100 slices, 11 macros(100 instances: 56 mslices 44 lslices)
PHY-0007 : Cell area utilization is 2%
PHY-3001 : Start timing update ...
RUN-1002 : start command "start_timer -report"
TMR-2505 : Start building timing graph for model demo_1st_top.
TMR-2506 : Build timing graph completely. Port num: 24, tpin num: 3711, tnet num: 1011, tinst num: 803, tnode num: 4672, tedge num: 6042.
TMR-2508 : Levelizing timing graph completed, there are 37 levels in total.
TMR-2501 : Timing graph initialized successfully.
TMR-2503 : Start to update net delay, extr mode = 2.
TMR-2504 : Update delay of 1011 nets completely.
TMR-2502 : Annotate delay completely, extr mode = 2.
TMR-3001 : Initiate 4 clocks from SDC.
TMR-3004 : Map sdc constraints, there are 0 constraints in total.
TMR-3003 : Constraints initiated successfully.
TMR-3501 : Forward propagation: start to calculate arrival time...
TMR-3502 : Backward propagation: start to calculate required time...
TMR-3503 : Timing propagation completes.
PHY-3001 : End timing update;  0.324113s wall, 0.328125s user + 0.000000s system = 0.328125s CPU (101.2%)

PHY-3001 : Global placement ...
PHY-3001 : Initial: Len = 244171
PHY-3001 : Clustering ...
PHY-3001 : Level 0 #clusters 803.
PHY-3001 : End clustering;  0.000013s wall, 0.000000s user + 0.000000s system = 0.000000s CPU (n/a%)

PHY-3001 : Run with size of 4
PHY-3001 : Cell area utilization is 2%
PHY-3001 : :::0::: Try harder cell spreading with beta_ = 0
PHY-3002 : Step(1): len = 199062, overlap = 0
PHY-3002 : Step(2): len = 168144, overlap = 0
PHY-3002 : Step(3): len = 150006, overlap = 0
PHY-3002 : Step(4): len = 134046, overlap = 0
PHY-3002 : Step(5): len = 119052, overlap = 0
PHY-3002 : Step(6): len = 105861, overlap = 0
PHY-3002 : Step(7): len = 89708.9, overlap = 0
PHY-3002 : Step(8): len = 77863.7, overlap = 0
PHY-3002 : Step(9): len = 68829.5, overlap = 0
PHY-3002 : Step(10): len = 57099.8, overlap = 0
PHY-3002 : Step(11): len = 49522.5, overlap = 0
PHY-3002 : Step(12): len = 43715.3, overlap = 0
PHY-3002 : Step(13): len = 35905.5, overlap = 0
PHY-3002 : Step(14): len = 33431.7, overlap = 0
PHY-3002 : Step(15): len = 29162.1, overlap = 0
PHY-3002 : Step(16): len = 27067.7, overlap = 0
PHY-3002 : Step(17): len = 25044.4, overlap = 0
PHY-3002 : Step(18): len = 23029.5, overlap = 0
PHY-3002 : Step(19): len = 21797.9, overlap = 0
PHY-3002 : Step(20): len = 20927.7, overlap = 0
PHY-3002 : Step(21): len = 20117.5, overlap = 0
PHY-3002 : Step(22): len = 19792.4, overlap = 0
PHY-3002 : Step(23): len = 19109.8, overlap = 0
PHY-3002 : Step(24): len = 18497.9, overlap = 0
PHY-3002 : Step(25): len = 18400.4, overlap = 0
PHY-3002 : Step(26): len = 17458, overlap = 0
PHY-3002 : Step(27): len = 17175.7, overlap = 0
PHY-3002 : Step(28): len = 16399.6, overlap = 0
PHY-3002 : Step(29): len = 15610, overlap = 0
PHY-3002 : Step(30): len = 15115.2, overlap = 0
PHY-3002 : Step(31): len = 14624.3, overlap = 0
PHY-3002 : Step(32): len = 14336.2, overlap = 0
PHY-3001 : Legalization ...
PHY-3001 : End legalization;  0.004822s wall, 0.000000s user + 0.000000s system = 0.000000s CPU (n/a%)

PHY-3001 : Run with size of 4
PHY-3001 : Cell area utilization is 3%
PHY-3001 : Update timing in Manhattan mode ...
TMR-2503 : Start to update net delay, extr mode = 3.
TMR-2504 : Update delay of 1011 nets completely.
TMR-2502 : Annotate delay completely, extr mode = 3.
TMR-3501 : Forward propagation: start to calculate arrival time...
TMR-3502 : Backward propagation: start to calculate required time...
TMR-3503 : Timing propagation completes.
PHY-3001 : End timing update;  0.023963s wall, 0.031250s user + 0.000000s system = 0.031250s CPU (130.4%)

PHY-3001 : :::0::: Try harder cell spreading with beta_ = 0
PHY-3002 : Step(33): len = 14219.3, overlap = 1.0625
PHY-3002 : Step(34): len = 14303, overlap = 1.0625
PHY-3002 : Step(35): len = 14078.6, overlap = 0.875
PHY-3002 : Step(36): len = 14152.1, overlap = 0.875
PHY-3002 : Step(37): len = 14023.4, overlap = 0.75
PHY-3002 : Step(38): len = 14104.4, overlap = 0.375
PHY-3002 : Step(39): len = 14022.4, overlap = 0.125
PHY-3002 : Step(40): len = 14058.3, overlap = 0.0625
PHY-3002 : Step(41): len = 14126.5, overlap = 0.0625
PHY-3002 : Step(42): len = 13965.3, overlap = 0.0625
PHY-3002 : Step(43): len = 13965.1, overlap = 0.0625
PHY-3002 : Step(44): len = 13763, overlap = 0
PHY-3002 : Step(45): len = 13606.6, overlap = 0
PHY-3002 : Step(46): len = 13585.7, overlap = 0.0625
PHY-3002 : Step(47): len = 13455.3, overlap = 0.0625
PHY-3002 : Step(48): len = 13336.9, overlap = 0.1875
PHY-3002 : Step(49): len = 13176.6, overlap = 0.25
PHY-3002 : Step(50): len = 13164, overlap = 0.3125
PHY-3002 : Step(51): len = 13081.3, overlap = 0.375
PHY-3002 : Step(52): len = 12838.3, overlap = 0.5
PHY-3002 : Step(53): len = 12877.8, overlap = 1
PHY-3002 : Step(54): len = 12472.1, overlap = 1.3125
PHY-3002 : Step(55): len = 12144.4, overlap = 1.90625
PHY-3002 : Step(56): len = 11952.8, overlap = 1.875
PHY-3002 : Step(57): len = 11838.5, overlap = 2.6875
PHY-3002 : Step(58): len = 11702.5, overlap = 2.8125
PHY-3002 : Step(59): len = 11503.8, overlap = 3.0625
PHY-3002 : Step(60): len = 11447.4, overlap = 4.34375
PHY-3002 : Step(61): len = 11620.8, overlap = 3.46875
PHY-3002 : Step(62): len = 11156.4, overlap = 4.4375
PHY-3002 : Step(63): len = 11033.9, overlap = 4.5
PHY-3002 : Step(64): len = 10829.4, overlap = 4.0625
PHY-3002 : Step(65): len = 10733.5, overlap = 3.59375
PHY-3002 : Step(66): len = 10570, overlap = 3.4375
PHY-3001 : :::1::: Try harder cell spreading with beta_ = 0.435484
PHY-3002 : Step(67): len = 10417, overlap = 3.4375
PHY-3002 : Step(68): len = 10402.7, overlap = 2.90625
PHY-3002 : Step(69): len = 10417.1, overlap = 1.90625
PHY-3001 : Run with size of 2
PHY-3001 : Cell area utilization is 3%
PHY-3001 : Update timing in Manhattan mode ...
TMR-2503 : Start to update net delay, extr mode = 3.
TMR-2504 : Update delay of 1011 nets completely.
TMR-2502 : Annotate delay completely, extr mode = 3.
TMR-3501 : Forward propagation: start to calculate arrival time...
TMR-3502 : Backward propagation: start to calculate required time...
TMR-3503 : Timing propagation completes.
PHY-3001 : End timing update;  0.024149s wall, 0.031250s user + 0.000000s system = 0.031250s CPU (129.4%)

PHY-3001 : :::0::: Try harder cell spreading with beta_ = 0.000264072
PHY-3002 : Step(70): len = 10573.8, overlap = 20.4375
PHY-3002 : Step(71): len = 10851.7, overlap = 15.9375
PHY-3002 : Step(72): len = 11310.3, overlap = 14.3438
PHY-3001 : :::1::: Try harder cell spreading with beta_ = 0.000528145
PHY-3002 : Step(73): len = 11058.4, overlap = 14.3438
PHY-3002 : Step(74): len = 11074.4, overlap = 14.1562
PHY-3001 : :::2::: Try harder cell spreading with beta_ = 0.00105629
PHY-3002 : Step(75): len = 11287.9, overlap = 13.875
PHY-3002 : Step(76): len = 11395.8, overlap = 13.6875
OPT-1001 : Start physical optimization ...
RUN-1002 : start command "start_timer -report"
TMR-2505 : Start building timing graph for model demo_1st_top.
TMR-2506 : Build timing graph completely. Port num: 24, tpin num: 3711, tnet num: 1011, tinst num: 803, tnode num: 4672, tedge num: 6042.
TMR-2508 : Levelizing timing graph completed, there are 37 levels in total.
TMR-2501 : Timing graph initialized successfully.
OPT-1001 : Total overflow 44.00 peak overflow 2.84
OPT-1001 : Start high-fanout net optimization ...
OPT-1001 : Update timing in global mode
PHY-1001 : Start incremental global routing, caller is place ...
RUN-1001 : Generating global routing grids ...
RUN-1001 : Building simple global routing graph ...
PHY-1001 : Generate routing nets ...
PHY-1001 : Reuse net number 0/1013.
PHY-1001 : Global iterations in 16 thread ...
PHY-1002 : len = 11528, over cnt = 56(0%), over = 159, worst = 9
PHY-1001 : End global iterations;  0.033482s wall, 0.015625s user + 0.062500s system = 0.078125s CPU (233.3%)

PHY-1001 : Congestion index: top1 = 16.77, top5 = 6.99, top10 = 3.91, top15 = 2.61.
PHY-1001 : End incremental global routing;  0.082857s wall, 0.062500s user + 0.062500s system = 0.125000s CPU (150.9%)

TMR-2503 : Start to update net delay, extr mode = 5.
TMR-2504 : Update delay of 1011 nets completely.
TMR-2502 : Annotate delay completely, extr mode = 5.
TMR-3001 : Initiate 4 clocks from SDC.
TMR-3004 : Map sdc constraints, there are 0 constraints in total.
TMR-3003 : Constraints initiated successfully.
TMR-3501 : Forward propagation: start to calculate arrival time...
TMR-3502 : Backward propagation: start to calculate required time...
TMR-3503 : Timing propagation completes.
OPT-1001 : End timing update;  0.025685s wall, 0.031250s user + 0.000000s system = 0.031250s CPU (121.7%)

OPT-1001 : 2 high-fanout net processed.
PHY-3001 : Start incremental placement ...
PHY-1001 : Populate physical database on model demo_1st_top.
PHY-3001 : Initial placement ...
PHY-3001 : eco special cells: 1 has valid locations, 0 needs to be replaced
PHY-3001 : eco pad cells: 57 has valid locations, 0 needs to be replaced
PHY-3001 : eco cells: 738 has valid locations, 13 needs to be replaced
PHY-3001 : design contains 814 instances, 370 luts, 281 seqs, 100 slices, 11 macros(100 instances: 56 mslices 44 lslices)
PHY-3001 : Global placement ...
PHY-3001 : Initial: Len = 11841.8
PHY-3001 : Run with size of 4
PHY-3001 : Cell area utilization is 3%
PHY-3001 : Update timing in Manhattan mode ...
RUN-1002 : start command "start_timer -report"
TMR-2505 : Start building timing graph for model demo_1st_top.
TMR-2506 : Build timing graph completely. Port num: 24, tpin num: 3747, tnet num: 1022, tinst num: 814, tnode num: 4733, tedge num: 6092.
TMR-2508 : Levelizing timing graph completed, there are 37 levels in total.
TMR-2501 : Timing graph initialized successfully.
TMR-2503 : Start to update net delay, extr mode = 3.
TMR-2504 : Update delay of 1022 nets completely.
TMR-2502 : Annotate delay completely, extr mode = 3.
TMR-3001 : Initiate 4 clocks from SDC.
TMR-3004 : Map sdc constraints, there are 0 constraints in total.
TMR-3003 : Constraints initiated successfully.
TMR-3501 : Forward propagation: start to calculate arrival time...
TMR-3502 : Backward propagation: start to calculate required time...
TMR-3503 : Timing propagation completes.
PHY-3001 : End timing update;  0.333512s wall, 0.343750s user + 0.000000s system = 0.343750s CPU (103.1%)

PHY-3001 : :::0::: Try harder cell spreading with beta_ = 0
PHY-3002 : Step(77): len = 11828.8, overlap = 0
PHY-3002 : Step(78): len = 11858.5, overlap = 0
PHY-3002 : Step(79): len = 11876.7, overlap = 0
PHY-3001 : Run with size of 2
PHY-3001 : Cell area utilization is 3%
PHY-3001 : Update timing in Manhattan mode ...
TMR-2503 : Start to update net delay, extr mode = 3.
TMR-2504 : Update delay of 1022 nets completely.
TMR-2502 : Annotate delay completely, extr mode = 3.
TMR-3501 : Forward propagation: start to calculate arrival time...
TMR-3502 : Backward propagation: start to calculate required time...
TMR-3503 : Timing propagation completes.
PHY-3001 : End timing update;  0.024723s wall, 0.031250s user + 0.000000s system = 0.031250s CPU (126.4%)

PHY-3001 : :::0::: Try harder cell spreading with beta_ = 0
PHY-3002 : Step(80): len = 11847, overlap = 13.6875
PHY-3002 : Step(81): len = 11847, overlap = 13.6875
PHY-3002 : Step(82): len = 11852.9, overlap = 13.6875
PHY-3001 : Final: Len = 11852.9, Over = 13.6875
PHY-3001 : End incremental placement;  0.497318s wall, 0.640625s user + 0.265625s system = 0.906250s CPU (182.2%)

OPT-1001 : Total overflow 44.12 peak overflow 2.84
OPT-1001 : End high-fanout net optimization;  0.628462s wall, 0.750000s user + 0.328125s system = 1.078125s CPU (171.5%)

OPT-1001 : Current memory(MB): used = 206, reserve = 182, peak = 207.
OPT-1001 : Start global optimization ...
OPT-1001 : Start congestion update ...
RUN-1001 : Generating global routing grids ...
PHY-1001 : Generate routing nets ...
PHY-1001 : Reuse net number 442/1024.
PHY-1001 : Global iterations in 16 thread ...
PHY-1002 : len = 11912, over cnt = 56(0%), over = 149, worst = 9
PHY-1002 : len = 13200, over cnt = 23(0%), over = 31, worst = 4
PHY-1002 : len = 13608, over cnt = 4(0%), over = 4, worst = 1
PHY-1002 : len = 13672, over cnt = 0(0%), over = 0, worst = 0
PHY-1001 : End global iterations;  0.026284s wall, 0.015625s user + 0.000000s system = 0.015625s CPU (59.4%)

PHY-1001 : Congestion index: top1 = 16.14, top5 = 7.77, top10 = 4.45, top15 = 2.97.
OPT-1001 : End congestion update;  0.064675s wall, 0.078125s user + 0.000000s system = 0.078125s CPU (120.8%)

OPT-1001 : Update timing in Manhattan mode
TMR-2503 : Start to update net delay, extr mode = 3.
TMR-2504 : Update delay of 1022 nets completely.
TMR-2502 : Annotate delay completely, extr mode = 3.
TMR-3501 : Forward propagation: start to calculate arrival time...
TMR-3502 : Backward propagation: start to calculate required time...
TMR-3503 : Timing propagation completes.
OPT-1001 : End timing update;  0.023164s wall, 0.015625s user + 0.000000s system = 0.015625s CPU (67.5%)

OPT-0007 : Start: WNS 225 TNS 0 NUM_FEPS 0
OPT-0007 : Iter 1: improved WNS 225 TNS 0 NUM_FEPS 0 with 2 cells processed and 0 slack improved
OPT-0007 : Iter 2: improved WNS 225 TNS 0 NUM_FEPS 0 with 0 cells processed and 0 slack improved
OPT-1001 : End global optimization;  0.089009s wall, 0.093750s user + 0.000000s system = 0.093750s CPU (105.3%)

OPT-1001 : Current memory(MB): used = 205, reserve = 181, peak = 207.
OPT-1001 : End physical optimization;  1.053887s wall, 1.187500s user + 0.328125s system = 1.515625s CPU (143.8%)

PHY-3001 : Start packing ...
SYN-4007 : Packing 0 MUX to BLE ...
SYN-4008 : Packed 0 MUX and 0 SEQ to BLE.
SYN-4007 : Packing 370 LUT to BLE ...
SYN-4008 : Packed 370 LUT and 217 SEQ to BLE.
SYN-4003 : Packing 64 remaining SEQ's ...
SYN-4005 : Packed 46 SEQ with LUT/SLICE
SYN-4006 : 112 single LUT's are left
SYN-4006 : 18 single SEQ's are left
SYN-4011 : Packing model "demo_1st_top" (AL_USER_NORMAL) with 388/595 primitive instances ...
PHY-3001 : End packing;  0.025047s wall, 0.015625s user + 0.000000s system = 0.015625s CPU (62.4%)

PHY-1001 : Populate physical database on model demo_1st_top.
RUN-1001 : There are total 378 instances
RUN-1001 : 157 mslices, 156 lslices, 57 pads, 0 brams, 0 dsps
RUN-1001 : There are total 815 nets
RUN-1001 : 469 nets have 2 pins
RUN-1001 : 255 nets have [3 - 5] pins
RUN-1001 : 53 nets have [6 - 10] pins
RUN-1001 : 25 nets have [11 - 20] pins
RUN-1001 : 11 nets have [21 - 99] pins
RUN-1001 : 2 nets have 100+ pins
PHY-3001 : design contains 376 instances, 313 slices, 11 macros(100 instances: 56 mslices 44 lslices)
PHY-3001 : Cell area utilization is 4%
PHY-3001 : After packing: Len = 11740, Over = 22.5
PHY-3001 : Run with size of 2
PHY-3001 : Cell area utilization is 4%
PHY-3001 : Update timing in Manhattan mode ...
RUN-1002 : start command "start_timer -report"
TMR-2505 : Start building timing graph for model demo_1st_top.
TMR-2506 : Build timing graph completely. Port num: 24, tpin num: 3159, tnet num: 813, tinst num: 376, tnode num: 3935, tedge num: 5469.
TMR-2508 : Levelizing timing graph completed, there are 35 levels in total.
TMR-2501 : Timing graph initialized successfully.
TMR-2503 : Start to update net delay, extr mode = 3.
TMR-2504 : Update delay of 813 nets completely.
TMR-2502 : Annotate delay completely, extr mode = 3.
TMR-3001 : Initiate 4 clocks from SDC.
TMR-3004 : Map sdc constraints, there are 0 constraints in total.
TMR-3003 : Constraints initiated successfully.
TMR-3501 : Forward propagation: start to calculate arrival time...
TMR-3502 : Backward propagation: start to calculate required time...
TMR-3503 : Timing propagation completes.
PHY-3001 : End timing update;  0.340747s wall, 0.343750s user + 0.000000s system = 0.343750s CPU (100.9%)

PHY-3001 : :::0::: Try harder cell spreading with beta_ = 0.000117066
PHY-3002 : Step(83): len = 11420.3, overlap = 23
PHY-3002 : Step(84): len = 11448.7, overlap = 22.5
PHY-3002 : Step(85): len = 11685.5, overlap = 22
PHY-3002 : Step(86): len = 11495.3, overlap = 20.75
PHY-3002 : Step(87): len = 11433.9, overlap = 20
PHY-3002 : Step(88): len = 11376.7, overlap = 17.75
PHY-3001 : :::1::: Try harder cell spreading with beta_ = 0.000234132
PHY-3002 : Step(89): len = 11393.7, overlap = 17.75
PHY-3002 : Step(90): len = 11606, overlap = 18
PHY-3001 : :::2::: Try harder cell spreading with beta_ = 0.000468264
PHY-3002 : Step(91): len = 11784.6, overlap = 18.5
PHY-3002 : Step(92): len = 11914.9, overlap = 18
PHY-3001 : Legalization ...
PHY-3001 : End legalization;  0.092077s wall, 0.031250s user + 0.265625s system = 0.296875s CPU (322.4%)

PHY-3001 : Trial Legalized: Len = 21051.2
PHY-3001 : Run with size of 2
PHY-3001 : Cell area utilization is 4%
PHY-3001 : Update timing in Manhattan mode ...
TMR-2503 : Start to update net delay, extr mode = 3.
TMR-2504 : Update delay of 813 nets completely.
TMR-2502 : Annotate delay completely, extr mode = 3.
TMR-3501 : Forward propagation: start to calculate arrival time...
TMR-3502 : Backward propagation: start to calculate required time...
TMR-3503 : Timing propagation completes.
PHY-3001 : End timing update;  0.021863s wall, 0.031250s user + 0.000000s system = 0.031250s CPU (142.9%)

PHY-3001 : :::0::: Try harder cell spreading with beta_ = 0.0262773
PHY-3002 : Step(93): len = 18973.3, overlap = 1.75
PHY-3002 : Step(94): len = 16757.7, overlap = 5.75
PHY-3002 : Step(95): len = 16286, overlap = 6
PHY-3002 : Step(96): len = 15252.4, overlap = 6.5
PHY-3002 : Step(97): len = 14677, overlap = 5.5
PHY-3002 : Step(98): len = 14116, overlap = 6.25
PHY-3002 : Step(99): len = 13896.5, overlap = 6.25
PHY-3002 : Step(100): len = 13651.2, overlap = 6
PHY-3001 : :::1::: Try harder cell spreading with beta_ = 0.0525547
PHY-3002 : Step(101): len = 13608, overlap = 6
PHY-3002 : Step(102): len = 13571.3, overlap = 6
PHY-3001 : :::2::: Try harder cell spreading with beta_ = 0.0965042
PHY-3002 : Step(103): len = 13575, overlap = 6
PHY-3002 : Step(104): len = 13321.4, overlap = 6.75
PHY-3001 : Legalization ...
PHY-3001 : End legalization;  0.006314s wall, 0.000000s user + 0.000000s system = 0.000000s CPU (n/a%)

PHY-3001 : Legalized: Len = 17094.8, Over = 0
PHY-3001 : Spreading special nets. 1 overflows in 2952 tiles.
PHY-3001 : End spreading;  0.003826s wall, 0.000000s user + 0.000000s system = 0.000000s CPU (n/a%)

PHY-3001 : 2 instances has been re-located, deltaX = 0, deltaY = 2, maxDist = 1.
PHY-3001 : Final: Len = 17110.8, Over = 0
OPT-1001 : Start physical optimization ...
RUN-1002 : start command "start_timer -report"
TMR-2505 : Start building timing graph for model demo_1st_top.
TMR-2506 : Build timing graph completely. Port num: 24, tpin num: 3159, tnet num: 813, tinst num: 376, tnode num: 3935, tedge num: 5469.
TMR-2508 : Levelizing timing graph completed, there are 35 levels in total.
TMR-2501 : Timing graph initialized successfully.
OPT-1001 : Total overflow 0.00 peak overflow 0.00
OPT-1001 : Start high-fanout net optimization ...
OPT-1001 : Update timing in global mode
PHY-1001 : Start incremental global routing, caller is place ...
RUN-1001 : Generating global routing grids ...
PHY-1001 : Generate routing nets ...
PHY-1001 : Reuse net number 26/815.
PHY-1001 : Global iterations in 16 thread ...
PHY-1002 : len = 18504, over cnt = 57(0%), over = 81, worst = 3
PHY-1002 : len = 18920, over cnt = 29(0%), over = 35, worst = 3
PHY-1002 : len = 19352, over cnt = 4(0%), over = 5, worst = 2
PHY-1002 : len = 19432, over cnt = 0(0%), over = 0, worst = 0
PHY-1001 : End global iterations;  0.074944s wall, 0.125000s user + 0.031250s system = 0.156250s CPU (208.5%)

PHY-1001 : Congestion index: top1 = 19.01, top5 = 11.07, top10 = 6.47, top15 = 4.38.
PHY-1001 : End incremental global routing;  0.119776s wall, 0.140625s user + 0.046875s system = 0.187500s CPU (156.5%)

TMR-2503 : Start to update net delay, extr mode = 5.
TMR-2504 : Update delay of 813 nets completely.
TMR-2502 : Annotate delay completely, extr mode = 5.
TMR-3001 : Initiate 4 clocks from SDC.
TMR-3004 : Map sdc constraints, there are 0 constraints in total.
TMR-3003 : Constraints initiated successfully.
TMR-3501 : Forward propagation: start to calculate arrival time...
TMR-3502 : Backward propagation: start to calculate required time...
TMR-3503 : Timing propagation completes.
OPT-1001 : End timing update;  0.023738s wall, 0.031250s user + 0.000000s system = 0.031250s CPU (131.6%)

OPT-1001 : 0 high-fanout net processed.
OPT-1001 : End high-fanout net optimization;  0.159139s wall, 0.187500s user + 0.046875s system = 0.234375s CPU (147.3%)

OPT-1001 : Current memory(MB): used = 205, reserve = 181, peak = 207.
OPT-1001 : Start path based optimization ...
OPT-1001 : Start congestion update ...
RUN-1001 : Generating global routing grids ...
PHY-1001 : Generate routing nets ...
PHY-1001 : Reuse net number 614/815.
PHY-1001 : Global iterations in 16 thread ...
PHY-1002 : len = 19432, over cnt = 0(0%), over = 0, worst = 0
PHY-1001 : End global iterations;  0.002305s wall, 0.000000s user + 0.000000s system = 0.000000s CPU (n/a%)

PHY-1001 : Congestion index: top1 = 19.01, top5 = 11.07, top10 = 6.47, top15 = 4.38.
OPT-1001 : End congestion update;  0.042011s wall, 0.031250s user + 0.000000s system = 0.031250s CPU (74.4%)

OPT-1001 : Update timing in Manhattan mode
TMR-2503 : Start to update net delay, extr mode = 3.
TMR-2504 : Update delay of 813 nets completely.
TMR-2502 : Annotate delay completely, extr mode = 3.
TMR-3501 : Forward propagation: start to calculate arrival time...
TMR-3502 : Backward propagation: start to calculate required time...
TMR-3503 : Timing propagation completes.
OPT-1001 : End timing update;  0.020406s wall, 0.031250s user + 0.000000s system = 0.031250s CPU (153.1%)

OPT-0007 : Start: WNS 418 TNS 0 NUM_FEPS 0
PHY-3001 : Start incremental legalization ...
PHY-1001 : Populate physical database on model demo_1st_top.
PHY-3001 : Initial placement ...
PHY-3001 : eco special cells: 1 has valid locations, 0 needs to be replaced
PHY-3001 : eco pad cells: 57 has valid locations, 0 needs to be replaced
PHY-3001 : eco cells: 313 has valid locations, 0 needs to be replaced
PHY-3001 : design contains 376 instances, 313 slices, 11 macros(100 instances: 56 mslices 44 lslices)
PHY-3001 : Cell area utilization is 4%
PHY-3001 : Initial: Len = 17169, Over = 0
PHY-3001 : End spreading;  0.003489s wall, 0.000000s user + 0.000000s system = 0.000000s CPU (n/a%)

PHY-3001 : Final: Len = 17169, Over = 0
PHY-3001 : End incremental legalization;  0.024789s wall, 0.015625s user + 0.000000s system = 0.015625s CPU (63.0%)

OPT-0007 : Iter 1: improved WNS 668 TNS 0 NUM_FEPS 0 with 5 cells processed and 1266 slack improved
OPT-0007 : Iter 2: improved WNS 668 TNS 0 NUM_FEPS 0 with 0 cells processed and 0 slack improved
OPT-1001 : End path based optimization;  0.094444s wall, 0.187500s user + 0.031250s system = 0.218750s CPU (231.6%)

OPT-1001 : Current memory(MB): used = 208, reserve = 184, peak = 208.
OPT-1001 : Update timing in Manhattan mode
TMR-2503 : Start to update net delay, extr mode = 3.
TMR-2504 : Update delay of 813 nets completely.
TMR-2502 : Annotate delay completely, extr mode = 3.
TMR-3501 : Forward propagation: start to calculate arrival time...
TMR-3502 : Backward propagation: start to calculate required time...
TMR-3503 : Timing propagation completes.
OPT-1001 : End timing update;  0.020183s wall, 0.015625s user + 0.000000s system = 0.015625s CPU (77.4%)

OPT-1001 : Start pin optimization...
OPT-1001 : skip pin optimization...
RUN-1001 : Generating global routing grids ...
PHY-1001 : Generate routing nets ...
PHY-1001 : Reuse net number 605/815.
PHY-1001 : Global iterations in 16 thread ...
PHY-1002 : len = 19496, over cnt = 2(0%), over = 2, worst = 1
PHY-1002 : len = 19504, over cnt = 0(0%), over = 0, worst = 0
PHY-1001 : End global iterations;  0.007792s wall, 0.015625s user + 0.015625s system = 0.031250s CPU (401.1%)

PHY-1001 : Congestion index: top1 = 19.01, top5 = 11.10, top10 = 6.49, top15 = 4.40.
OPT-1001 : Update timing in Manhattan mode
TMR-2503 : Start to update net delay, extr mode = 3.
TMR-2504 : Update delay of 813 nets completely.
TMR-2502 : Annotate delay completely, extr mode = 3.
TMR-3501 : Forward propagation: start to calculate arrival time...
TMR-3502 : Backward propagation: start to calculate required time...
TMR-3503 : Timing propagation completes.
OPT-1001 : End timing update;  0.020335s wall, 0.015625s user + 0.000000s system = 0.015625s CPU (76.8%)

RUN-1001 : QoR Analysis:
OPT-0007 :   WNS 668 TNS 0 NUM_FEPS 0
RUN-1001 :   No local congestion issue, and most congested 1% tile average routing util is 18.586207
RUN-1001 :   Top critical paths
RUN-1001 :       #1 path slack 668ps with logic level 1 and starts from PAD
RUN-1001 :       #2 path slack 725ps with logic level 1 and starts from PAD
RUN-1001 :       #3 path slack 768ps with logic level 1 and starts from PAD
RUN-1001 :       #4 path slack 768ps with logic level 1 and starts from PAD
OPT-1001 : End physical optimization;  0.675353s wall, 0.812500s user + 0.125000s system = 0.937500s CPU (138.8%)

RUN-1003 : finish command "place" in  5.069677s wall, 6.156250s user + 5.453125s system = 11.609375s CPU (229.0%)

RUN-1004 : used memory is 188 MB, reserved memory is 163 MB, peak memory is 208 MB
RUN-1002 : start command "export_db demo_1st_place.db"
RUN-1001 : Exported /
RUN-1001 : Exported flow parameters
RUN-1001 : Exported libs
RUN-1001 : Exported entities
RUN-1001 : Exported ports
RUN-1001 : Exported pins
RUN-1001 : Exported instances
RUN-1001 : Exported nets
RUN-1001 : Exported buses
RUN-1001 : Exported models
RUN-1001 : Exported congestions
RUN-1001 : Exported violations
RUN-1001 : Exported timing constraints
RUN-1001 : Exported IO constraints
RUN-1001 : Exported Inst constraints
RUN-1002 : start command "route"
RUN-1001 : Open license file D:/Chang/software/TD/license/Anlogic.lic
RUN-1001 : Print Global Property
RUN-1001 : ---------------------------------------------------------------
RUN-1001 :        Parameters        |  Settings  |  Default Values  |  Note  
RUN-1001 : ---------------------------------------------------------------
RUN-1001 :          message         |  standard  |     standard     |        
RUN-1001 :   mixed_pack_place_flow  |     on     |        on        |        
RUN-1001 :        qor_monitor       |    off     |       off        |        
RUN-1001 :        syn_ip_flow       |    off     |       off        |        
RUN-1001 :          thread          |    auto    |       auto       |        
RUN-1001 : ---------------------------------------------------------------
RUN-1001 : Print Route Property
RUN-1001 : -------------------------------------------------------
RUN-1001 :    Parameters    |  Settings  |  Default Values  |  Note  
RUN-1001 : -------------------------------------------------------
RUN-1001 :      effort      |   medium   |      medium      |        
RUN-1001 :     fix_hold     |    off     |       off        |        
RUN-1001 :    opt_timing    |   medium   |      medium      |        
RUN-1001 :   phy_sim_model  |    off     |       off        |        
RUN-1001 :     priority     |   timing   |      timing      |        
RUN-1001 :     swap_pin     |     on     |        on        |        
RUN-1001 : -------------------------------------------------------
PHY-1001 : Route runs in 16 thread(s)
RUN-1001 : There are total 378 instances
RUN-1001 : 157 mslices, 156 lslices, 57 pads, 0 brams, 0 dsps
RUN-1001 : There are total 815 nets
RUN-1001 : 469 nets have 2 pins
RUN-1001 : 255 nets have [3 - 5] pins
RUN-1001 : 53 nets have [6 - 10] pins
RUN-1001 : 25 nets have [11 - 20] pins
RUN-1001 : 11 nets have [21 - 99] pins
RUN-1001 : 2 nets have 100+ pins
RUN-1002 : start command "start_timer -report"
TMR-2505 : Start building timing graph for model demo_1st_top.
TMR-2506 : Build timing graph completely. Port num: 24, tpin num: 3159, tnet num: 813, tinst num: 376, tnode num: 3935, tedge num: 5469.
TMR-2508 : Levelizing timing graph completed, there are 35 levels in total.
TMR-2501 : Timing graph initialized successfully.
PHY-1001 : 157 mslices, 156 lslices, 57 pads, 0 brams, 0 dsps
TMR-2503 : Start to update net delay, extr mode = 3.
TMR-2504 : Update delay of 813 nets completely.
TMR-2502 : Annotate delay completely, extr mode = 3.
TMR-3001 : Initiate 4 clocks from SDC.
TMR-3004 : Map sdc constraints, there are 0 constraints in total.
TMR-3003 : Constraints initiated successfully.
TMR-3501 : Forward propagation: start to calculate arrival time...
TMR-3502 : Backward propagation: start to calculate required time...
TMR-3503 : Timing propagation completes.
PHY-1001 : Start global routing, caller is route ...
RUN-1001 : Generating global routing grids ...
PHY-1001 : Generate routing nets ...
PHY-1001 : Global iterations in 16 thread ...
PHY-1002 : len = 18496, over cnt = 58(0%), over = 84, worst = 4
PHY-1002 : len = 18944, over cnt = 28(0%), over = 33, worst = 3
PHY-1002 : len = 19360, over cnt = 4(0%), over = 5, worst = 2
PHY-1002 : len = 19440, over cnt = 0(0%), over = 0, worst = 0
PHY-1001 : End global iterations;  0.077840s wall, 0.109375s user + 0.015625s system = 0.125000s CPU (160.6%)

PHY-1001 : Congestion index: top1 = 19.14, top5 = 11.08, top10 = 6.47, top15 = 4.37.
PHY-1001 : End global routing;  0.122031s wall, 0.156250s user + 0.015625s system = 0.171875s CPU (140.8%)

PHY-1001 : Start detail routing ...
PHY-1001 : Current memory(MB): used = 227, reserve = 203, peak = 242.
PHY-1001 : Detailed router is running in normal mode.
PHY-1001 : Generate detailed routing grids ...
PHY-1001 : Generate nets ...
PHY-1001 : net clk_100M will be routed on clock mesh
PHY-1001 : clock net rst_n will be merged with clock sys_rst_n_in_dup_1
PHY-1001 : net sys_clk_in_dup_1 will be routed on clock mesh
PHY-1001 : clock net u4_setio/clk will be merged with clock u1_pll/clk0_buf
PHY-1001 : net u8_encoder/u11_biss/clk will be routed on clock mesh
PHY-1001 : clock net u8_encoder/u15_endat/u41_control/clk_out_reg1_syn_6 will be merged with clock u8_encoder/u15_endat/u41_control/clk_out_reg1
PHY-1001 : clock net u8_encoder/u15_endat/u41_control/clk_200k_syn_4 will be merged with clock u8_encoder/u15_endat/u41_control/clk_200k
PHY-1001 : Current memory(MB): used = 494, reserve = 474, peak = 494.
PHY-1001 : End build detailed router design. 3.741977s wall, 3.687500s user + 0.046875s system = 3.734375s CPU (99.8%)

PHY-1001 : Detail Route ...
PHY-1001 : ===== Detail Route Phase 1 =====
PHY-1001 : Clock net routing.....
PHY-1001 : Routed 0% nets.
PHY-1022 : len = 39056, over cnt = 0(0%), over = 0, worst = 0, crit = 0
PHY-1001 : End initial clock net routed; 1.602201s wall, 1.593750s user + 0.015625s system = 1.609375s CPU (100.4%)

PHY-1001 : Current memory(MB): used = 526, reserve = 509, peak = 526.
PHY-1001 : End phase 1; 1.608589s wall, 1.593750s user + 0.015625s system = 1.609375s CPU (100.0%)

PHY-1001 : ===== Detail Route Phase 2 =====
PHY-1001 : Initial routing.....
PHY-1001 : Routed 24% nets.
PHY-1001 : Routed 29% nets.
PHY-1001 : Routed 40% nets.
PHY-1001 : Routed 59% nets.
PHY-1001 : Routed 81% nets.
PHY-1022 : len = 84520, over cnt = 14(0%), over = 14, worst = 1, crit = 0
PHY-1001 : Current memory(MB): used = 526, reserve = 509, peak = 527.
PHY-1001 : End initial routed; 0.352314s wall, 0.765625s user + 0.125000s system = 0.890625s CPU (252.8%)

PHY-1001 : Update timing.....
PHY-1001 : 27/667(4%) critical/total net(s).
RUN-1001 : --------------------------------------
RUN-1001 :   Type   |  WNS(ns)  |  TNS(ns)  |  FEP  
RUN-1001 : --------------------------------------
RUN-1001 :   Setup  |  -1.071   |  -1.659   |   2   
RUN-1001 :   Hold   |   0.181   |   0.000   |   0   
RUN-1001 : --------------------------------------
PHY-1001 : End update timing; 0.374601s wall, 0.359375s user + 0.000000s system = 0.359375s CPU (95.9%)

PHY-1001 : Current memory(MB): used = 528, reserve = 510, peak = 528.
PHY-1001 : End phase 2; 0.726987s wall, 1.125000s user + 0.125000s system = 1.250000s CPU (171.9%)

PHY-1001 : ===== Detail Route Phase 3 =====
PHY-1001 : Optimize timing.....
PHY-1001 : ===== OPT Iter 1 =====
PHY-1001 : Processed 7 pins with SWNS -0.927ns STNS -1.383ns FEP 2.
PHY-1001 : End OPT Iter 1; 0.015176s wall, 0.015625s user + 0.000000s system = 0.015625s CPU (103.0%)

PHY-1022 : len = 84544, over cnt = 19(0%), over = 19, worst = 1, crit = 0
PHY-1001 : End optimize timing; 0.025090s wall, 0.031250s user + 0.000000s system = 0.031250s CPU (124.6%)

PHY-1001 : Ripup-reroute.....
PHY-1001 : ===== DR Iter 1 =====
PHY-1022 : len = 84544, over cnt = 4(0%), over = 4, worst = 1, crit = 0
PHY-1001 : End DR Iter 1; 0.019311s wall, 0.015625s user + 0.000000s system = 0.015625s CPU (80.9%)

PHY-1001 : ===== DR Iter 2 =====
PHY-1022 : len = 84504, over cnt = 0(0%), over = 0, worst = 0, crit = 0
PHY-1001 : End DR Iter 2; 0.016446s wall, 0.015625s user + 0.000000s system = 0.015625s CPU (95.0%)

PHY-1001 : Update timing.....
PHY-1001 : 26/667(3%) critical/total net(s).
RUN-1001 : --------------------------------------
RUN-1001 :   Type   |  WNS(ns)  |  TNS(ns)  |  FEP  
RUN-1001 : --------------------------------------
RUN-1001 :   Setup  |  -0.927   |  -1.383   |   2   
RUN-1001 :   Hold   |   0.181   |   0.000   |   0   
RUN-1001 : --------------------------------------
PHY-1001 : End update timing; 0.370042s wall, 0.375000s user + 0.000000s system = 0.375000s CPU (101.3%)

PHY-1001 : Commit to database.....
PHY-1001 : 6 feed throughs used by 6 nets
PHY-1001 : End commit to database; 0.094890s wall, 0.093750s user + 0.000000s system = 0.093750s CPU (98.8%)

PHY-1001 : Current memory(MB): used = 539, reserve = 520, peak = 539.
PHY-1001 : End phase 3; 0.676514s wall, 0.687500s user + 0.000000s system = 0.687500s CPU (101.6%)

PHY-1001 : ===== Detail Route Phase 4 =====
PHY-1001 : Optimize timing.....
PHY-1001 : ===== OPT Iter 1 =====
PHY-1001 : Processed 6 pins with SWNS -0.892ns STNS -1.313ns FEP 2.
PHY-1001 : End OPT Iter 1; 0.019108s wall, 0.015625s user + 0.000000s system = 0.015625s CPU (81.8%)

PHY-1022 : len = 84504, over cnt = 1(0%), over = 1, worst = 1, crit = 0
PHY-1001 : End optimize timing; 0.029183s wall, 0.031250s user + 0.000000s system = 0.031250s CPU (107.1%)

PHY-0007 : Phase: 4; Congestion: {, , , }; Timing: {-0.892ns, -1.313ns, 2}
PHY-1001 : Ripup-reroute.....
PHY-1001 : ===== DR Iter 1 =====
PHY-1022 : len = 84496, over cnt = 0(0%), over = 0, worst = 0, crit = 0
PHY-1001 : End DR Iter 1; 0.013652s wall, 0.015625s user + 0.000000s system = 0.015625s CPU (114.5%)

PHY-1001 : Update timing.....
PHY-1001 : 26/667(3%) critical/total net(s).
RUN-1001 : --------------------------------------
RUN-1001 :   Type   |  WNS(ns)  |  TNS(ns)  |  FEP  
RUN-1001 : --------------------------------------
RUN-1001 :   Setup  |  -0.910   |  -1.349   |   2   
RUN-1001 :   Hold   |   0.181   |   0.000   |   0   
RUN-1001 : --------------------------------------
PHY-1001 : End update timing; 0.369488s wall, 0.359375s user + 0.000000s system = 0.359375s CPU (97.3%)

PHY-1001 : Commit to database.....
PHY-1001 : 7 feed throughs used by 7 nets
PHY-1001 : End commit to database; 0.091328s wall, 0.093750s user + 0.000000s system = 0.093750s CPU (102.7%)

PHY-1001 : Current memory(MB): used = 539, reserve = 520, peak = 539.
PHY-1001 : End phase 4; 0.521172s wall, 0.515625s user + 0.000000s system = 0.515625s CPU (98.9%)

PHY-1003 : Routed, final wirelength = 84496
PHY-1001 : Current memory(MB): used = 539, reserve = 520, peak = 539.
PHY-1001 : End export database. 0.007183s wall, 0.015625s user + 0.000000s system = 0.015625s CPU (217.5%)

PHY-1001 : End detail routing;  7.498103s wall, 7.812500s user + 0.218750s system = 8.031250s CPU (107.1%)

RUN-1003 : finish command "route" in  8.019964s wall, 8.375000s user + 0.234375s system = 8.609375s CPU (107.3%)

RUN-1004 : used memory is 483 MB, reserved memory is 465 MB, peak memory is 539 MB
RUN-1002 : start command "report_area -io_info -file demo_1st_phy.area"
RUN-1001 : standard
***Report Model: demo_1st_top Device: EG4X20BG256***

IO Statistics
#IO                        57
  #input                   29
  #output                   9
  #inout                   19

Utilization Statistics
#lut                      582   out of  19600    2.97%
#reg                      293   out of  19600    1.49%
#le                       600
  #lut only               307   out of    600   51.17%
  #reg only                18   out of    600    3.00%
  #lut&reg                275   out of    600   45.83%
#dsp                        0   out of     29    0.00%
#bram                       0   out of     64    0.00%
  #bram9k                   0
  #fifo9k                   0
#bram32k                    0   out of     16    0.00%
#pad                       57   out of    188   30.32%
  #ireg                     1
  #oreg                     6
  #treg                    19
#pll                        1   out of      4   25.00%
#gclk                       4   out of     16   25.00%

Clock Resource Statistics
Index     ClockNet                                         Type               DriverType         Driver                                                        Fanout
#1        u8_encoder/u11_biss/clk                          GCLK               pll                u1_pll/pll_inst.clkc1                                         116
#2        clk_100M                                         GCLK               pll                u1_pll/pll_inst.clkc2                                         48
#3        u1_pll/clk0_buf                                  GCLK               pll                u1_pll/pll_inst.clkc0                                         23
#4        u8_encoder/u15_endat/u41_control/clk_out_reg1    GCLK               lslice             u8_encoder/u15_endat/u41_control/clk_out_reg1_reg_syn_5.q1    15
#5        u8_encoder/u15_endat/u41_control/clk_200k        GCLK               lslice             u8_encoder/u15_endat/u41_control/reg4_syn_151.q0              10
#6        sys_clk_in_dup_1                                 GeneralRouting     io                 sys_clk_in_syn_2.di                                           1


Detailed IO Report

        Name          Direction    Location    IOStandard    DriveStrength    PullType    PackReg  
  emif_addr_in[12]      INPUT        D16        LVCMOS25          N/A          PULLUP      NONE    
  emif_addr_in[11]      INPUT        C15        LVCMOS25          N/A          PULLUP      NONE    
  emif_addr_in[10]      INPUT        C16        LVCMOS25          N/A          PULLUP      NONE    
  emif_addr_in[9]       INPUT        F13        LVCMOS25          N/A          PULLUP      NONE    
  emif_addr_in[8]       INPUT        F14        LVCMOS25          N/A          PULLUP      NONE    
  emif_addr_in[7]       INPUT        L16        LVCMOS25          N/A          PULLUP      NONE    
  emif_addr_in[6]       INPUT        K15        LVCMOS25          N/A          PULLUP      NONE    
  emif_addr_in[5]       INPUT        E16        LVCMOS25          N/A          PULLUP      NONE    
  emif_addr_in[4]       INPUT        E15        LVCMOS25          N/A          PULLUP      NONE    
  emif_addr_in[3]       INPUT        B16        LVCMOS25          N/A          PULLUP      NONE    
  emif_addr_in[2]       INPUT        B15        LVCMOS25          N/A          PULLUP      NONE    
  emif_addr_in[1]       INPUT        A14        LVCMOS25          N/A          PULLUP      NONE    
  emif_addr_in[0]       INPUT        D14        LVCMOS25          N/A          PULLUP      NONE    
    emif_cas_in         INPUT        N12        LVCMOS25          N/A          PULLUP      IREG    
     emif_ce_in         INPUT        C13        LVCMOS25          N/A          PULLUP      NONE    
    emif_cke_in         INPUT        A13        LVCMOS25          N/A          PULLUP      NONE    
    emif_clk_in         INPUT        E13        LVCMOS25          N/A          PULLUP      NONE    
    emif_dqm0_in        INPUT        P11        LVCMOS25          N/A          PULLUP      NONE    
    emif_dqm1_in        INPUT        P12        LVCMOS25          N/A          PULLUP      NONE    
    emif_ras_in         INPUT        N14        LVCMOS25          N/A          PULLUP      NONE    
     emif_we_in         INPUT        C11        LVCMOS25          N/A          PULLUP      NONE    
     key_in[3]          INPUT         B2        LVCMOS25          N/A          PULLUP      NONE    
     key_in[2]          INPUT         B1        LVCMOS25          N/A          PULLUP      NONE    
     key_in[1]          INPUT         M4        LVCMOS25          N/A          PULLUP      NONE    
     key_in[0]          INPUT         M3        LVCMOS25          N/A          PULLUP      NONE    
       sdo_a            INPUT         B5        LVCMOS25          N/A          PULLUP      NONE    
       sdo_b            INPUT         A5        LVCMOS25          N/A          PULLUP      NONE    
     sys_clk_in         INPUT        J16        LVCMOS25          N/A          PULLUP      NONE    
    sys_rst_n_in        INPUT         A6        LVCMOS25          N/A          PULLUP      NONE    
     a_out_able        OUTPUT         B6        LVCMOS25           8            NONE       NONE    
     b_out_able        OUTPUT         B3        LVCMOS25           8            NONE       NONE    
     led_out[3]        OUTPUT        A11        LVCMOS25           8            NONE       OREG    
     led_out[2]        OUTPUT        A10        LVCMOS25           8            NONE       OREG    
     led_out[1]        OUTPUT         A9        LVCMOS25           8            NONE       OREG    
     led_out[0]        OUTPUT         A8        LVCMOS25           8            NONE       OREG    
     sincos_clk        OUTPUT         A4        LVCMOS25           8            NONE       OREG    
    sincos_cs_n        OUTPUT         C4        LVCMOS25           8            NONE       OREG    
     z_out_able        OUTPUT         A7        LVCMOS25           8            NONE       NONE    
   emif_data[15]        INOUT        M15        LVCMOS25           8           PULLUP      TREG    
   emif_data[14]        INOUT        P16        LVCMOS25           8           PULLUP      TREG    
   emif_data[13]        INOUT        N16        LVCMOS25           8           PULLUP      TREG    
   emif_data[12]        INOUT        P15        LVCMOS25           8           PULLUP      TREG    
   emif_data[11]        INOUT        R16        LVCMOS25           8           PULLUP      TREG    
   emif_data[10]        INOUT        M16        LVCMOS25           8           PULLUP      TREG    
    emif_data[9]        INOUT        K14        LVCMOS25           8           PULLUP      TREG    
    emif_data[8]        INOUT        L13        LVCMOS25           8           PULLUP      TREG    
    emif_data[7]        INOUT        T15        LVCMOS25           8           PULLUP      TREG    
    emif_data[6]        INOUT        R15        LVCMOS25           8           PULLUP      TREG    
    emif_data[5]        INOUT        M14        LVCMOS25           8           PULLUP      TREG    
    emif_data[4]        INOUT        L14        LVCMOS25           8           PULLUP      TREG    
    emif_data[3]        INOUT        T14        LVCMOS25           8           PULLUP      TREG    
    emif_data[2]        INOUT        R14        LVCMOS25           8           PULLUP      TREG    
    emif_data[1]        INOUT        M13        LVCMOS25           8           PULLUP      TREG    
    emif_data[0]        INOUT        T13        LVCMOS25           8           PULLUP      TREG    
     encoder_a          INOUT         F7        LVCMOS25           8           PULLUP      TREG    
     encoder_b          INOUT         E6        LVCMOS25           8           PULLUP      TREG    
     encoder_z          INOUT         C7        LVCMOS25           8           PULLUP      TREG    

Report Hierarchy Area:
+--------------------------------------------------------------------------------------------+
|Instance          |Module              |le     |lut     |ripple  |seq     |bram    |dsp     |
+--------------------------------------------------------------------------------------------+
|top               |demo_1st_top        |600    |482     |100     |319     |0       |0       |
|  u1_pll          |my_pll              |1      |1       |0       |0       |0       |0       |
|  u2_rst          |rst_BUFG            |0      |0       |0       |0       |0       |0       |
|  u3_op           |emif_signal_op      |6      |6       |0       |4       |0       |0       |
|  u4_setio        |emif_setio          |12     |12      |0       |9       |0       |0       |
|  u8_encoder      |encoder_control     |513    |403     |92      |248     |0       |0       |
|    u13_sin       |sin_control         |61     |56      |5       |13      |0       |0       |
|      u21_sample  |ads8350_sample      |61     |56      |5       |13      |0       |0       |
|    u15_endat     |endat_control       |415    |325     |78      |210     |0       |0       |
|      u41_control |endat_contol_sample |415    |325     |78      |210     |0       |0       |
|  u9_led          |led                 |68     |60      |8       |32      |0       |0       |
+--------------------------------------------------------------------------------------------+


DataNet Average Fanout:

   Index     Fanout    Nets  
    #1         1       411   
    #2         2        98   
    #3         3       133   
    #4         4        24   
    #5        5-10      56   
    #6       11-50      27   
  Average     2.68           

RUN-1002 : start command "export_db demo_1st_pr.db"
RUN-1001 : Exported /
RUN-1001 : Exported flow parameters
RUN-1001 : Exported libs
RUN-1001 : Exported entities
RUN-1001 : Exported ports
RUN-1001 : Exported pins
RUN-1001 : Exported instances
RUN-1001 : Exported nets
RUN-1001 : Exported buses
RUN-1001 : Exported models
RUN-1001 : Exported congestions
RUN-1001 : Exported violations
RUN-1001 : Exported timing constraints
RUN-1001 : Exported IO constraints
RUN-1001 : Exported Inst constraints
RUN-1002 : start command "start_timer"
TMR-2505 : Start building timing graph for model demo_1st_top.
TMR-2506 : Build timing graph completely. Port num: 24, tpin num: 3159, tnet num: 813, tinst num: 376, tnode num: 3935, tedge num: 5469.
TMR-2508 : Levelizing timing graph completed, there are 35 levels in total.
TMR-2501 : Timing graph initialized successfully.
RUN-1002 : start command "report_timing -mode FINAL -net_info -rpt_autogen true -file demo_1st_phy.timing"
TMR-2503 : Start to update net delay, extr mode = 6.
TMR-2504 : Update delay of 813 nets completely.
TMR-2502 : Annotate delay completely, extr mode = 6.
TMR-3001 : Initiate 4 clocks from SDC.
TMR-3004 : Map sdc constraints, there are 0 constraints in total.
TMR-3003 : Constraints initiated successfully.
TMR-3501 : Forward propagation: start to calculate arrival time...
TMR-3502 : Backward propagation: start to calculate required time...
TMR-3503 : Timing propagation completes.
TMR-3506 : Start to generate timing report.
TMR-1502 : Number of clock constraints = 4. Number of clock nets = 7 (3 unconstrainted).
TMR-5009 WARNING: No clock constraint on 3 clock net(s): 
		rst_n
		u8_encoder/u15_endat/u41_control/clk_200k_syn_4
		u8_encoder/u15_endat/u41_control/clk_out_reg1_syn_6
TMR-3508 : Export timing summary.
TMR-3507 : Timing report generated successfully in demo_1st_phy.timing, timing summary in demo_1st_phy.tsm.
RUN-1002 : start command "export_bid demo_1st_inst.bid"
RUN-1002 : start command "bitgen -bit demo_1st.bit"
BIT-1003 : Start to generate bitstream. 
BIT-1002 : Init instances with 16 threads.
BIT-1002 : Init instances completely, inst num: 376
BIT-1002 : Init pips with 16 threads.
BIT-1002 : Init pips completely, net num: 815, pip num: 6785
BIT-1002 : Init feedthrough completely, num: 7
BIT-1003 : Multithreading accelaration with 16 threads.
BIT-1003 : Generate bitstream completely, there are 897 valid insts, and 19588 bits set as '1'.
BIT-1004 : PLL setting string = 0001
BIT-1004 : Generate bits file demo_1st.bit.
RUN-1003 : finish command "bitgen -bit demo_1st.bit" in  1.393143s wall, 10.562500s user + 0.062500s system = 10.625000s CPU (762.7%)

RUN-1004 : used memory is 500 MB, reserved memory is 483 MB, peak memory is 684 MB
RUN-1002 : start command "backup_run_log run.log ../.logs/phy_1/td_20241220_142606.log"
